ignoring ``: invalid filter directive
Insert heavy
25165824 operations across 1 thread(s) in 5.305547146s; time/op = 210ns
25165824 operations across 2 thread(s) in 3.013400702s; time/op = 119ns
25165824 operations across 3 thread(s) in 2.245459502s; time/op = 88ns
25165824 operations across 4 thread(s) in 1.929868056s; time/op = 75ns
25165824 operations across 5 thread(s) in 1.716380445s; time/op = 67ns
25165824 operations across 6 thread(s) in 1.545059468s; time/op = 60ns
25165824 operations across 7 thread(s) in 1.518641572s; time/op = 59ns
25165824 operations across 8 thread(s) in 1.499703911s; time/op = 58ns
25165824 operations across 9 thread(s) in 1.459391556s; time/op = 57ns
25165824 operations across 10 thread(s) in 1.475177423s; time/op = 57ns
25165824 operations across 11 thread(s) in 1.488161646s; time/op = 58ns
25165824 operations across 12 thread(s) in 1.466201161s; time/op = 57ns
25165824 operations across 13 thread(s) in 1.470999205s; time/op = 57ns
25165824 operations across 14 thread(s) in 1.537013275s; time/op = 60ns
25165824 operations across 15 thread(s) in 1.564551251s; time/op = 61ns
25165824 operations across 16 thread(s) in 1.64421293s; time/op = 64ns
25165824 operations across 17 thread(s) in 1.545102274s; time/op = 60ns
25165824 operations across 18 thread(s) in 1.59223243s; time/op = 62ns
25165824 operations across 19 thread(s) in 1.608813473s; time/op = 63ns
25165824 operations across 20 thread(s) in 1.641876336s; time/op = 64ns
25165824 operations across 21 thread(s) in 1.663612368s; time/op = 65ns
25165824 operations across 22 thread(s) in 1.73360002s; time/op = 68ns
25165824 operations across 23 thread(s) in 1.785581296s; time/op = 70ns
25165824 operations across 24 thread(s) in 1.843421402s; time/op = 72ns
25165824 operations across 25 thread(s) in 1.880655211s; time/op = 73ns
25165824 operations across 26 thread(s) in 1.821546734s; time/op = 71ns
25165824 operations across 27 thread(s) in 1.909921394s; time/op = 75ns
25165824 operations across 28 thread(s) in 1.885204211s; time/op = 74ns
25165824 operations across 29 thread(s) in 1.958099197s; time/op = 77ns
25165824 operations across 30 thread(s) in 2.076587624s; time/op = 82ns
25165824 operations across 31 thread(s) in 2.099154886s; time/op = 82ns
25165824 operations across 32 thread(s) in 2.113156754s; time/op = 83ns
25165824 operations across 33 thread(s) in 2.209312193s; time/op = 87ns
25165824 operations across 34 thread(s) in 2.237579885s; time/op = 88ns
25165824 operations across 35 thread(s) in 2.300833931s; time/op = 90ns
25165824 operations across 36 thread(s) in 2.246076564s; time/op = 88ns
25165824 operations across 37 thread(s) in 2.446705596s; time/op = 96ns
25165824 operations across 38 thread(s) in 2.378232827s; time/op = 94ns
25165824 operations across 39 thread(s) in 2.492120412s; time/op = 98ns
25165824 operations across 40 thread(s) in 2.461391223s; time/op = 97ns
25165824 operations across 41 thread(s) in 2.523234868s; time/op = 99ns
25165824 operations across 42 thread(s) in 2.552448331s; time/op = 100ns
25165824 operations across 43 thread(s) in 2.594891817s; time/op = 102ns
25165824 operations across 44 thread(s) in 2.619560193s; time/op = 103ns
25165824 operations across 45 thread(s) in 2.721450553s; time/op = 107ns
25165824 operations across 46 thread(s) in 2.800156066s; time/op = 110ns
25165824 operations across 47 thread(s) in 2.874785694s; time/op = 113ns
25165824 operations across 48 thread(s) in 2.827224696s; time/op = 111ns
25165824 operations across 49 thread(s) in 2.908502013s; time/op = 115ns
25165824 operations across 50 thread(s) in 3.041895116s; time/op = 120ns
25165824 operations across 51 thread(s) in 2.949265144s; time/op = 116ns
25165824 operations across 52 thread(s) in 3.130010735s; time/op = 124ns
25165824 operations across 53 thread(s) in 3.11277072s; time/op = 123ns
25165824 operations across 54 thread(s) in 3.223146995s; time/op = 127ns
25165824 operations across 55 thread(s) in 3.212792042s; time/op = 127ns
25165824 operations across 56 thread(s) in 3.22172152s; time/op = 127ns
25165824 operations across 57 thread(s) in 3.299378579s; time/op = 130ns
25165824 operations across 58 thread(s) in 3.243935142s; time/op = 128ns
25165824 operations across 59 thread(s) in 3.481511807s; time/op = 138ns
25165824 operations across 60 thread(s) in 3.651869518s; time/op = 144ns
25165824 operations across 61 thread(s) in 3.575619387s; time/op = 141ns
25165824 operations across 62 thread(s) in 3.53306845s; time/op = 140ns
25165824 operations across 63 thread(s) in 3.638475372s; time/op = 144ns
25165824 operations across 64 thread(s) in 3.704602084s; time/op = 146ns
25165824 operations across 65 thread(s) in 4.944617081s; time/op = 195ns
25165824 operations across 66 thread(s) in 3.986177459s; time/op = 158ns
25165824 operations across 67 thread(s) in 3.946328146s; time/op = 156ns
25165824 operations across 68 thread(s) in 4.067807443s; time/op = 160ns
25165824 operations across 69 thread(s) in 4.051351546s; time/op = 160ns
25165824 operations across 70 thread(s) in 4.233553344s; time/op = 167ns
25165824 operations across 71 thread(s) in 4.261382702s; time/op = 168ns
25165824 operations across 72 thread(s) in 4.222106571s; time/op = 166ns
25165824 operations across 73 thread(s) in 4.304715297s; time/op = 170ns
25165824 operations across 74 thread(s) in 4.431500006s; time/op = 175ns
25165824 operations across 75 thread(s) in 4.523635181s; time/op = 178ns
25165824 operations across 76 thread(s) in 4.53794425s; time/op = 179ns
25165824 operations across 77 thread(s) in 4.586133887s; time/op = 181ns
25165824 operations across 78 thread(s) in 4.501004133s; time/op = 177ns
25165824 operations across 79 thread(s) in 4.469452873s; time/op = 176ns
25165824 operations across 80 thread(s) in 4.826724726s; time/op = 190ns
25165824 operations across 81 thread(s) in 4.746818349s; time/op = 187ns
25165824 operations across 82 thread(s) in 4.825573101s; time/op = 190ns
25165824 operations across 83 thread(s) in 4.859783745s; time/op = 192ns
25165824 operations across 84 thread(s) in 4.954815447s; time/op = 195ns
25165824 operations across 85 thread(s) in 4.993379651s; time/op = 197ns
25165824 operations across 86 thread(s) in 5.012890857s; time/op = 198ns
25165824 operations across 87 thread(s) in 4.944526308s; time/op = 195ns
25165824 operations across 88 thread(s) in 5.128345889s; time/op = 203ns
25165824 operations across 89 thread(s) in 5.115182929s; time/op = 202ns
25165824 operations across 90 thread(s) in 5.310388756s; time/op = 210ns
25165824 operations across 91 thread(s) in 5.114103014s; time/op = 202ns
25165824 operations across 92 thread(s) in 5.199972961s; time/op = 205ns
25165824 operations across 93 thread(s) in 5.37017354s; time/op = 212ns
25165824 operations across 94 thread(s) in 5.493355256s; time/op = 217ns
25165824 operations across 95 thread(s) in 5.482370233s; time/op = 217ns
25165824 operations across 96 thread(s) in 5.638891273s; time/op = 223ns
25165824 operations across 97 thread(s) in 5.450636311s; time/op = 215ns
25165824 operations across 98 thread(s) in 5.78924767s; time/op = 229ns
25165824 operations across 99 thread(s) in 5.605625112s; time/op = 222ns
25165824 operations across 100 thread(s) in 5.881230815s; time/op = 233ns
25165824 operations across 101 thread(s) in 5.713135795s; time/op = 226ns
25165824 operations across 102 thread(s) in 5.809208582s; time/op = 230ns
25165824 operations across 103 thread(s) in 5.907726856s; time/op = 234ns
25165824 operations across 104 thread(s) in 5.846465011s; time/op = 231ns
25165824 operations across 105 thread(s) in 5.758847631s; time/op = 228ns
25165824 operations across 106 thread(s) in 6.035117232s; time/op = 239ns
25165824 operations across 107 thread(s) in 6.127877343s; time/op = 243ns
25165824 operations across 108 thread(s) in 6.21322198s; time/op = 246ns
25165824 operations across 109 thread(s) in 6.143998735s; time/op = 243ns
25165824 operations across 110 thread(s) in 6.379596672s; time/op = 253ns
25165824 operations across 111 thread(s) in 6.422274919s; time/op = 254ns
25165824 operations across 112 thread(s) in 6.402694832s; time/op = 254ns
25165824 operations across 113 thread(s) in 6.534620912s; time/op = 259ns
25165824 operations across 114 thread(s) in 6.454631521s; time/op = 256ns
25165824 operations across 115 thread(s) in 6.546434699s; time/op = 259ns
25165824 operations across 116 thread(s) in 6.686930255s; time/op = 265ns
25165824 operations across 117 thread(s) in 6.566851655s; time/op = 260ns
25165824 operations across 118 thread(s) in 6.679140777s; time/op = 264ns
25165824 operations across 119 thread(s) in 6.877901621s; time/op = 272ns
25165824 operations across 120 thread(s) in 6.70603917s; time/op = 266ns
25165824 operations across 121 thread(s) in 6.801886717s; time/op = 269ns
25165824 operations across 122 thread(s) in 7.013002824s; time/op = 278ns
25165824 operations across 123 thread(s) in 7.054045656s; time/op = 280ns
25165824 operations across 124 thread(s) in 7.170151066s; time/op = 284ns
25165824 operations across 125 thread(s) in 6.927042137s; time/op = 274ns
25165824 operations across 126 thread(s) in 7.427320299s; time/op = 294ns
25165824 operations across 127 thread(s) in 7.219104939s; time/op = 286ns
25165824 operations across 128 thread(s) in 7.410789006s; time/op = 294ns
Read heavy
25165824 operations across 1 thread(s) in 4.619715003s; time/op = 182ns
25165824 operations across 2 thread(s) in 2.080958116s; time/op = 82ns
25165824 operations across 3 thread(s) in 1.569426761s; time/op = 61ns
25165824 operations across 4 thread(s) in 1.388721214s; time/op = 54ns
25165824 operations across 5 thread(s) in 1.287065956s; time/op = 50ns
25165824 operations across 6 thread(s) in 1.174038324s; time/op = 45ns
25165824 operations across 7 thread(s) in 1.225990188s; time/op = 47ns
25165824 operations across 8 thread(s) in 1.201584474s; time/op = 47ns
25165824 operations across 9 thread(s) in 1.226998646s; time/op = 48ns
25165824 operations across 10 thread(s) in 1.265122089s; time/op = 49ns
25165824 operations across 11 thread(s) in 1.33652823s; time/op = 52ns
25165824 operations across 12 thread(s) in 1.289517945s; time/op = 50ns
25165824 operations across 13 thread(s) in 1.358944074s; time/op = 53ns
25165824 operations across 14 thread(s) in 1.407273928s; time/op = 55ns
25165824 operations across 15 thread(s) in 1.438365565s; time/op = 56ns
25165824 operations across 16 thread(s) in 1.306396818s; time/op = 51ns
25165824 operations across 17 thread(s) in 1.460159291s; time/op = 57ns
25165824 operations across 18 thread(s) in 1.489058995s; time/op = 58ns
25165824 operations across 19 thread(s) in 1.589972082s; time/op = 62ns
25165824 operations across 20 thread(s) in 1.646799507s; time/op = 64ns
25165824 operations across 21 thread(s) in 1.665581701s; time/op = 65ns
25165824 operations across 22 thread(s) in 1.785537365s; time/op = 70ns
25165824 operations across 23 thread(s) in 1.763282804s; time/op = 69ns
25165824 operations across 24 thread(s) in 1.891512895s; time/op = 74ns
25165824 operations across 25 thread(s) in 1.766672756s; time/op = 69ns
25165824 operations across 26 thread(s) in 1.830666547s; time/op = 72ns
25165824 operations across 27 thread(s) in 1.964301892s; time/op = 77ns
25165824 operations across 28 thread(s) in 2.065423182s; time/op = 81ns
25165824 operations across 29 thread(s) in 2.067229948s; time/op = 81ns
25165824 operations across 30 thread(s) in 2.127894081s; time/op = 84ns
25165824 operations across 31 thread(s) in 2.150067442s; time/op = 84ns
25165824 operations across 32 thread(s) in 2.217378652s; time/op = 87ns
25165824 operations across 33 thread(s) in 2.229682017s; time/op = 88ns
25165824 operations across 34 thread(s) in 2.310346119s; time/op = 91ns
25165824 operations across 35 thread(s) in 2.317726254s; time/op = 91ns
25165824 operations across 36 thread(s) in 2.49237241s; time/op = 98ns
25165824 operations across 37 thread(s) in 2.436331951s; time/op = 96ns
25165824 operations across 38 thread(s) in 2.419669045s; time/op = 95ns
25165824 operations across 39 thread(s) in 2.510816096s; time/op = 99ns
25165824 operations across 40 thread(s) in 2.535335479s; time/op = 100ns
25165824 operations across 41 thread(s) in 2.604770686s; time/op = 103ns
25165824 operations across 42 thread(s) in 2.604623903s; time/op = 103ns
25165824 operations across 43 thread(s) in 2.714704501s; time/op = 107ns
25165824 operations across 44 thread(s) in 2.738303625s; time/op = 108ns
25165824 operations across 45 thread(s) in 2.833464147s; time/op = 112ns
25165824 operations across 46 thread(s) in 2.901633699s; time/op = 114ns
25165824 operations across 47 thread(s) in 2.869960426s; time/op = 113ns
25165824 operations across 48 thread(s) in 2.811306289s; time/op = 111ns
25165824 operations across 49 thread(s) in 2.923086676s; time/op = 115ns
25165824 operations across 50 thread(s) in 3.05841698s; time/op = 121ns
25165824 operations across 51 thread(s) in 3.04654319s; time/op = 120ns
25165824 operations across 52 thread(s) in 3.169647668s; time/op = 125ns
25165824 operations across 53 thread(s) in 3.148570052s; time/op = 124ns
25165824 operations across 54 thread(s) in 3.173931401s; time/op = 125ns
25165824 operations across 55 thread(s) in 3.289403323s; time/op = 130ns
25165824 operations across 56 thread(s) in 3.295435666s; time/op = 130ns
25165824 operations across 57 thread(s) in 3.422610001s; time/op = 135ns
25165824 operations across 58 thread(s) in 3.401261247s; time/op = 134ns
25165824 operations across 59 thread(s) in 3.348847704s; time/op = 132ns
25165824 operations across 60 thread(s) in 3.63457026s; time/op = 144ns
25165824 operations across 61 thread(s) in 3.613597356s; time/op = 143ns
25165824 operations across 62 thread(s) in 3.719397745s; time/op = 147ns
25165824 operations across 63 thread(s) in 3.727640312s; time/op = 147ns
25165824 operations across 64 thread(s) in 5.183138443s; time/op = 205ns
25165824 operations across 65 thread(s) in 3.892255692s; time/op = 154ns
25165824 operations across 66 thread(s) in 4.162761663s; time/op = 164ns
25165824 operations across 67 thread(s) in 4.008112527s; time/op = 158ns
25165824 operations across 68 thread(s) in 4.174667437s; time/op = 164ns
25165824 operations across 69 thread(s) in 4.28715742s; time/op = 169ns
25165824 operations across 70 thread(s) in 4.197926314s; time/op = 165ns
25165824 operations across 71 thread(s) in 4.184972716s; time/op = 165ns
25165824 operations across 72 thread(s) in 4.367688876s; time/op = 172ns
25165824 operations across 73 thread(s) in 4.41915695s; time/op = 174ns
25165824 operations across 74 thread(s) in 4.44687142s; time/op = 175ns
25165824 operations across 75 thread(s) in 4.53620503s; time/op = 179ns
25165824 operations across 76 thread(s) in 4.541035099s; time/op = 179ns
25165824 operations across 77 thread(s) in 4.795845226s; time/op = 189ns
25165824 operations across 78 thread(s) in 4.630825954s; time/op = 183ns
25165824 operations across 79 thread(s) in 4.714380264s; time/op = 186ns
25165824 operations across 80 thread(s) in 4.746481282s; time/op = 187ns
25165824 operations across 81 thread(s) in 4.789958349s; time/op = 189ns
25165824 operations across 82 thread(s) in 4.935158507s; time/op = 195ns
25165824 operations across 83 thread(s) in 4.970296514s; time/op = 196ns
25165824 operations across 84 thread(s) in 4.964529035s; time/op = 196ns
25165824 operations across 85 thread(s) in 5.043181247s; time/op = 199ns
25165824 operations across 86 thread(s) in 5.139927281s; time/op = 203ns
25165824 operations across 87 thread(s) in 5.171371331s; time/op = 204ns
25165824 operations across 88 thread(s) in 5.194421742s; time/op = 205ns
25165824 operations across 89 thread(s) in 5.245884364s; time/op = 207ns
25165824 operations across 90 thread(s) in 5.213642633s; time/op = 206ns
25165824 operations across 91 thread(s) in 5.303570541s; time/op = 210ns
25165824 operations across 92 thread(s) in 5.255175872s; time/op = 208ns
25165824 operations across 93 thread(s) in 5.436153429s; time/op = 215ns
25165824 operations across 94 thread(s) in 5.365841882s; time/op = 212ns
25165824 operations across 95 thread(s) in 5.429382665s; time/op = 215ns
25165824 operations across 96 thread(s) in 5.585941144s; time/op = 221ns
25165824 operations across 97 thread(s) in 5.571157657s; time/op = 220ns
25165824 operations across 98 thread(s) in 5.580800906s; time/op = 221ns
25165824 operations across 99 thread(s) in 5.69561971s; time/op = 225ns
25165824 operations across 100 thread(s) in 5.824833628s; time/op = 230ns
25165824 operations across 101 thread(s) in 5.717316975s; time/op = 226ns
25165824 operations across 102 thread(s) in 5.865648632s; time/op = 232ns
25165824 operations across 103 thread(s) in 5.906918716s; time/op = 234ns
25165824 operations across 104 thread(s) in 6.085100478s; time/op = 241ns
25165824 operations across 105 thread(s) in 6.104475801s; time/op = 242ns
25165824 operations across 106 thread(s) in 6.211102484s; time/op = 246ns
25165824 operations across 107 thread(s) in 6.079545227s; time/op = 241ns
25165824 operations across 108 thread(s) in 6.38079952s; time/op = 253ns
25165824 operations across 109 thread(s) in 6.241573853s; time/op = 247ns
25165824 operations across 110 thread(s) in 6.435200063s; time/op = 255ns
25165824 operations across 111 thread(s) in 6.454846837s; time/op = 256ns
25165824 operations across 112 thread(s) in 6.40013485s; time/op = 253ns
25165824 operations across 113 thread(s) in 6.433767344s; time/op = 255ns
25165824 operations across 114 thread(s) in 6.596579323s; time/op = 261ns
25165824 operations across 115 thread(s) in 6.63158924s; time/op = 263ns
25165824 operations across 116 thread(s) in 6.533109867s; time/op = 259ns
25165824 operations across 117 thread(s) in 6.55760434s; time/op = 260ns
25165824 operations across 118 thread(s) in 6.661687438s; time/op = 264ns
25165824 operations across 119 thread(s) in 6.834394482s; time/op = 271ns
25165824 operations across 120 thread(s) in 6.821632639s; time/op = 270ns
25165824 operations across 121 thread(s) in 6.713427473s; time/op = 266ns
25165824 operations across 122 thread(s) in 6.961799628s; time/op = 276ns
25165824 operations across 123 thread(s) in 7.168768754s; time/op = 284ns
25165824 operations across 124 thread(s) in 7.074850566s; time/op = 280ns
25165824 operations across 125 thread(s) in 7.20519537s; time/op = 286ns
25165824 operations across 126 thread(s) in 7.397848895s; time/op = 293ns
25165824 operations across 127 thread(s) in 7.3951267s; time/op = 293ns
25165824 operations across 128 thread(s) in 8.992246759s; time/op = 356ns
Uniform
25165824 operations across 1 thread(s) in 4.531083064s; time/op = 179ns
25165824 operations across 2 thread(s) in 2.559225102s; time/op = 101ns
25165824 operations across 3 thread(s) in 1.972764774s; time/op = 77ns
25165824 operations across 4 thread(s) in 1.614324187s; time/op = 63ns
25165824 operations across 5 thread(s) in 1.443676263s; time/op = 56ns
25165824 operations across 6 thread(s) in 1.448463422s; time/op = 56ns
25165824 operations across 7 thread(s) in 1.371908543s; time/op = 53ns
25165824 operations across 8 thread(s) in 1.301558936s; time/op = 50ns
25165824 operations across 9 thread(s) in 1.366016145s; time/op = 53ns
25165824 operations across 10 thread(s) in 1.396182518s; time/op = 54ns
25165824 operations across 11 thread(s) in 1.425453677s; time/op = 55ns
25165824 operations across 12 thread(s) in 1.418978212s; time/op = 55ns
25165824 operations across 13 thread(s) in 1.288958916s; time/op = 50ns
25165824 operations across 14 thread(s) in 1.481268743s; time/op = 58ns
25165824 operations across 15 thread(s) in 1.463998232s; time/op = 57ns
25165824 operations across 16 thread(s) in 1.565107514s; time/op = 61ns
25165824 operations across 17 thread(s) in 1.521096457s; time/op = 59ns
25165824 operations across 18 thread(s) in 1.541680611s; time/op = 60ns
25165824 operations across 19 thread(s) in 1.528197477s; time/op = 59ns
25165824 operations across 20 thread(s) in 1.608930804s; time/op = 63ns
25165824 operations across 21 thread(s) in 1.702523303s; time/op = 66ns
25165824 operations across 22 thread(s) in 1.669570604s; time/op = 65ns
25165824 operations across 23 thread(s) in 1.778290704s; time/op = 69ns
25165824 operations across 24 thread(s) in 1.843840636s; time/op = 72ns
25165824 operations across 25 thread(s) in 1.885277411s; time/op = 74ns
25165824 operations across 26 thread(s) in 1.915144087s; time/op = 75ns
25165824 operations across 27 thread(s) in 1.985169204s; time/op = 78ns
25165824 operations across 28 thread(s) in 2.031317974s; time/op = 80ns
25165824 operations across 29 thread(s) in 2.094519747s; time/op = 82ns
25165824 operations across 30 thread(s) in 2.110830552s; time/op = 83ns
25165824 operations across 31 thread(s) in 2.149434403s; time/op = 84ns
25165824 operations across 32 thread(s) in 2.203666172s; time/op = 87ns
25165824 operations across 33 thread(s) in 2.257810062s; time/op = 89ns
25165824 operations across 34 thread(s) in 2.282945449s; time/op = 90ns
25165824 operations across 35 thread(s) in 2.354102048s; time/op = 93ns
25165824 operations across 36 thread(s) in 2.482965528s; time/op = 98ns
25165824 operations across 37 thread(s) in 2.489652241s; time/op = 98ns
25165824 operations across 38 thread(s) in 2.526458527s; time/op = 99ns
25165824 operations across 39 thread(s) in 2.536327883s; time/op = 100ns
25165824 operations across 40 thread(s) in 2.607124855s; time/op = 103ns
25165824 operations across 41 thread(s) in 2.623179542s; time/op = 103ns
25165824 operations across 42 thread(s) in 2.695229228s; time/op = 106ns
25165824 operations across 43 thread(s) in 2.721845302s; time/op = 107ns
25165824 operations across 44 thread(s) in 2.726828032s; time/op = 107ns
25165824 operations across 45 thread(s) in 2.756121121s; time/op = 109ns
25165824 operations across 46 thread(s) in 2.781411545s; time/op = 110ns
25165824 operations across 47 thread(s) in 2.839166949s; time/op = 112ns
25165824 operations across 48 thread(s) in 2.92452001s; time/op = 115ns
25165824 operations across 49 thread(s) in 3.035928785s; time/op = 120ns
25165824 operations across 50 thread(s) in 3.081617992s; time/op = 122ns
25165824 operations across 51 thread(s) in 3.067247825s; time/op = 121ns
25165824 operations across 52 thread(s) in 3.16729151s; time/op = 125ns
25165824 operations across 53 thread(s) in 3.150531406s; time/op = 124ns
25165824 operations across 54 thread(s) in 3.265089614s; time/op = 129ns
25165824 operations across 55 thread(s) in 3.250853953s; time/op = 128ns
25165824 operations across 56 thread(s) in 3.380730222s; time/op = 134ns
25165824 operations across 57 thread(s) in 3.457256111s; time/op = 137ns
25165824 operations across 58 thread(s) in 3.482876639s; time/op = 138ns
25165824 operations across 59 thread(s) in 3.570371051s; time/op = 141ns
25165824 operations across 60 thread(s) in 3.566616401s; time/op = 141ns
25165824 operations across 61 thread(s) in 3.702237274s; time/op = 146ns
25165824 operations across 62 thread(s) in 3.704702021s; time/op = 147ns
25165824 operations across 63 thread(s) in 5.199352271s; time/op = 205ns
25165824 operations across 64 thread(s) in 4.054727006s; time/op = 160ns
25165824 operations across 65 thread(s) in 4.022326652s; time/op = 158ns
25165824 operations across 66 thread(s) in 4.012366167s; time/op = 158ns
25165824 operations across 67 thread(s) in 4.070922484s; time/op = 160ns
25165824 operations across 68 thread(s) in 4.158062078s; time/op = 164ns
25165824 operations across 69 thread(s) in 4.293001981s; time/op = 169ns
25165824 operations across 70 thread(s) in 4.276394201s; time/op = 168ns
25165824 operations across 71 thread(s) in 4.262746201s; time/op = 168ns
25165824 operations across 72 thread(s) in 4.38288075s; time/op = 173ns
25165824 operations across 73 thread(s) in 4.407466673s; time/op = 174ns
25165824 operations across 74 thread(s) in 4.544007695s; time/op = 179ns
25165824 operations across 75 thread(s) in 4.669372695s; time/op = 184ns
25165824 operations across 76 thread(s) in 4.64828375s; time/op = 183ns
25165824 operations across 77 thread(s) in 4.633537606s; time/op = 183ns
25165824 operations across 78 thread(s) in 4.671614342s; time/op = 184ns
25165824 operations across 79 thread(s) in 4.701383034s; time/op = 185ns
25165824 operations across 80 thread(s) in 4.89091896s; time/op = 193ns
25165824 operations across 81 thread(s) in 4.902553464s; time/op = 193ns
25165824 operations across 82 thread(s) in 5.006124453s; time/op = 198ns
25165824 operations across 83 thread(s) in 4.933435745s; time/op = 195ns
25165824 operations across 84 thread(s) in 5.079839516s; time/op = 201ns
25165824 operations across 85 thread(s) in 5.025322094s; time/op = 199ns
25165824 operations across 86 thread(s) in 5.175554124s; time/op = 204ns
25165824 operations across 87 thread(s) in 5.160836794s; time/op = 204ns
25165824 operations across 88 thread(s) in 5.221173823s; time/op = 206ns
25165824 operations across 89 thread(s) in 5.191054546s; time/op = 205ns
25165824 operations across 90 thread(s) in 5.434727292s; time/op = 215ns
25165824 operations across 91 thread(s) in 5.446104163s; time/op = 215ns
25165824 operations across 92 thread(s) in 5.586496182s; time/op = 221ns
25165824 operations across 93 thread(s) in 5.45860709s; time/op = 216ns
25165824 operations across 94 thread(s) in 5.510884142s; time/op = 218ns
25165824 operations across 95 thread(s) in 5.45403462s; time/op = 216ns
25165824 operations across 96 thread(s) in 5.480754908s; time/op = 217ns
25165824 operations across 97 thread(s) in 5.598178841s; time/op = 221ns
25165824 operations across 98 thread(s) in 5.6341094s; time/op = 223ns
25165824 operations across 99 thread(s) in 5.785884538s; time/op = 229ns
25165824 operations across 100 thread(s) in 5.861526149s; time/op = 232ns
25165824 operations across 101 thread(s) in 5.776919522s; time/op = 228ns
25165824 operations across 102 thread(s) in 5.93800012s; time/op = 235ns
25165824 operations across 103 thread(s) in 6.109312479s; time/op = 242ns
25165824 operations across 104 thread(s) in 6.068723906s; time/op = 240ns
25165824 operations across 105 thread(s) in 5.92288194s; time/op = 234ns
25165824 operations across 106 thread(s) in 6.078553314s; time/op = 241ns
25165824 operations across 107 thread(s) in 6.063484181s; time/op = 240ns
25165824 operations across 108 thread(s) in 6.176990921s; time/op = 245ns
25165824 operations across 109 thread(s) in 6.26650314s; time/op = 248ns
25165824 operations across 110 thread(s) in 6.338079909s; time/op = 251ns
25165824 operations across 111 thread(s) in 6.398775927s; time/op = 253ns
25165824 operations across 112 thread(s) in 6.422837024s; time/op = 254ns
25165824 operations across 113 thread(s) in 6.529012333s; time/op = 259ns
25165824 operations across 114 thread(s) in 6.472607319s; time/op = 256ns
25165824 operations across 115 thread(s) in 6.692228771s; time/op = 265ns
25165824 operations across 116 thread(s) in 6.5526086s; time/op = 259ns
25165824 operations across 117 thread(s) in 6.701455384s; time/op = 265ns
25165824 operations across 118 thread(s) in 6.766916708s; time/op = 268ns
25165824 operations across 119 thread(s) in 6.774542834s; time/op = 268ns
25165824 operations across 120 thread(s) in 6.820609859s; time/op = 270ns
25165824 operations across 121 thread(s) in 6.910413647s; time/op = 274ns
25165824 operations across 122 thread(s) in 7.034327589s; time/op = 279ns
25165824 operations across 123 thread(s) in 7.013769769s; time/op = 278ns
25165824 operations across 124 thread(s) in 6.971362576s; time/op = 276ns
25165824 operations across 125 thread(s) in 7.291285322s; time/op = 289ns
25165824 operations across 126 thread(s) in 7.184758185s; time/op = 285ns
25165824 operations across 127 thread(s) in 9.010988411s; time/op = 357ns
25165824 operations across 128 thread(s) in 7.652609813s; time/op = 303ns
