Insert heavy
25165824 operations across 1 thread(s) in 5.68971244s; time/op = 225ns
25165824 operations across 2 thread(s) in 2.950533339s; time/op = 116ns
25165824 operations across 3 thread(s) in 2.181362117s; time/op = 86ns
25165824 operations across 4 thread(s) in 1.843196415s; time/op = 72ns
25165824 operations across 5 thread(s) in 1.593748908s; time/op = 62ns
25165824 operations across 6 thread(s) in 1.488641381s; time/op = 58ns
25165824 operations across 7 thread(s) in 1.405610367s; time/op = 55ns
25165824 operations across 8 thread(s) in 1.438231568s; time/op = 56ns
25165824 operations across 9 thread(s) in 1.30387478s; time/op = 51ns
25165824 operations across 10 thread(s) in 1.273580348s; time/op = 49ns
25165824 operations across 11 thread(s) in 1.232942112s; time/op = 48ns
25165824 operations across 12 thread(s) in 1.237168973s; time/op = 48ns
25165824 operations across 13 thread(s) in 1.245627672s; time/op = 48ns
25165824 operations across 14 thread(s) in 1.408710596s; time/op = 55ns
25165824 operations across 15 thread(s) in 1.356665493s; time/op = 53ns
25165824 operations across 16 thread(s) in 1.460769042s; time/op = 57ns
25165824 operations across 17 thread(s) in 1.293971965s; time/op = 50ns
25165824 operations across 18 thread(s) in 1.226753571s; time/op = 48ns
25165824 operations across 19 thread(s) in 1.369798548s; time/op = 53ns
25165824 operations across 20 thread(s) in 1.183364291s; time/op = 46ns
25165824 operations across 21 thread(s) in 1.322253114s; time/op = 51ns
25165824 operations across 22 thread(s) in 1.383624089s; time/op = 54ns
25165824 operations across 23 thread(s) in 1.30119936s; time/op = 50ns
25165824 operations across 24 thread(s) in 1.485816075s; time/op = 58ns
25165824 operations across 25 thread(s) in 1.488726187s; time/op = 58ns
25165824 operations across 26 thread(s) in 1.503923068s; time/op = 59ns
25165824 operations across 27 thread(s) in 1.650726671s; time/op = 64ns
25165824 operations across 28 thread(s) in 1.617181448s; time/op = 63ns
25165824 operations across 29 thread(s) in 1.627624325s; time/op = 63ns
25165824 operations across 30 thread(s) in 1.779540434s; time/op = 69ns
25165824 operations across 31 thread(s) in 1.943490668s; time/op = 76ns
25165824 operations across 32 thread(s) in 1.834960078s; time/op = 72ns
25165824 operations across 33 thread(s) in 1.97940342s; time/op = 77ns
25165824 operations across 34 thread(s) in 2.013450534s; time/op = 79ns
25165824 operations across 35 thread(s) in 2.134967945s; time/op = 84ns
25165824 operations across 36 thread(s) in 2.019054684s; time/op = 79ns
25165824 operations across 37 thread(s) in 2.152620665s; time/op = 85ns
25165824 operations across 38 thread(s) in 2.139190758s; time/op = 84ns
25165824 operations across 39 thread(s) in 2.364432905s; time/op = 93ns
25165824 operations across 40 thread(s) in 2.158979411s; time/op = 85ns
25165824 operations across 41 thread(s) in 2.280694969s; time/op = 90ns
25165824 operations across 42 thread(s) in 2.522068757s; time/op = 99ns
25165824 operations across 43 thread(s) in 2.547295626s; time/op = 100ns
25165824 operations across 44 thread(s) in 2.637019217s; time/op = 104ns
25165824 operations across 45 thread(s) in 2.494040307s; time/op = 98ns
25165824 operations across 46 thread(s) in 2.763206022s; time/op = 109ns
25165824 operations across 47 thread(s) in 2.668534779s; time/op = 105ns
25165824 operations across 48 thread(s) in 2.752547154s; time/op = 108ns
25165824 operations across 49 thread(s) in 2.704207206s; time/op = 106ns
25165824 operations across 50 thread(s) in 2.933012771s; time/op = 116ns
25165824 operations across 51 thread(s) in 3.046268809s; time/op = 120ns
25165824 operations across 52 thread(s) in 3.007985325s; time/op = 119ns
25165824 operations across 53 thread(s) in 2.91905289s; time/op = 115ns
25165824 operations across 54 thread(s) in 3.061488952s; time/op = 121ns
25165824 operations across 55 thread(s) in 3.218285661s; time/op = 127ns
25165824 operations across 56 thread(s) in 3.119338074s; time/op = 123ns
25165824 operations across 57 thread(s) in 3.063835623s; time/op = 121ns
25165824 operations across 58 thread(s) in 3.338825629s; time/op = 132ns
25165824 operations across 59 thread(s) in 3.159051692s; time/op = 125ns
25165824 operations across 60 thread(s) in 3.470796596s; time/op = 137ns
25165824 operations across 61 thread(s) in 3.392233786s; time/op = 134ns
25165824 operations across 62 thread(s) in 3.489230764s; time/op = 138ns
25165824 operations across 63 thread(s) in 3.637785785s; time/op = 144ns
25165824 operations across 64 thread(s) in 3.428349972s; time/op = 136ns
25165824 operations across 65 thread(s) in 5.318474783s; time/op = 210ns
25165824 operations across 66 thread(s) in 3.801032531s; time/op = 150ns
25165824 operations across 67 thread(s) in 3.809004456s; time/op = 151ns
25165824 operations across 68 thread(s) in 4.429487063s; time/op = 175ns
25165824 operations across 69 thread(s) in 4.551387762s; time/op = 179ns
25165824 operations across 70 thread(s) in 4.039008659s; time/op = 159ns
25165824 operations across 71 thread(s) in 4.185460049s; time/op = 165ns
25165824 operations across 72 thread(s) in 4.545976369s; time/op = 179ns
25165824 operations across 73 thread(s) in 4.266275354s; time/op = 168ns
25165824 operations across 74 thread(s) in 4.337139688s; time/op = 171ns
25165824 operations across 75 thread(s) in 4.655491958s; time/op = 184ns
25165824 operations across 76 thread(s) in 4.345280097s; time/op = 171ns
25165824 operations across 77 thread(s) in 4.37096111s; time/op = 172ns
25165824 operations across 78 thread(s) in 4.331252101s; time/op = 171ns
25165824 operations across 79 thread(s) in 4.570635556s; time/op = 180ns
25165824 operations across 80 thread(s) in 4.625876506s; time/op = 182ns
25165824 operations across 81 thread(s) in 4.664422819s; time/op = 184ns
25165824 operations across 82 thread(s) in 5.594328011s; time/op = 221ns
25165824 operations across 83 thread(s) in 4.797025985s; time/op = 189ns
25165824 operations across 84 thread(s) in 4.871346785s; time/op = 192ns
25165824 operations across 85 thread(s) in 5.030032093s; time/op = 199ns
25165824 operations across 86 thread(s) in 4.956882143s; time/op = 196ns
25165824 operations across 87 thread(s) in 4.89527437s; time/op = 193ns
25165824 operations across 88 thread(s) in 5.005424891s; time/op = 198ns
25165824 operations across 89 thread(s) in 5.132323592s; time/op = 203ns
25165824 operations across 90 thread(s) in 5.107531274s; time/op = 202ns
25165824 operations across 91 thread(s) in 5.204545998s; time/op = 206ns
25165824 operations across 92 thread(s) in 5.308335215s; time/op = 210ns
25165824 operations across 93 thread(s) in 5.302639308s; time/op = 210ns
25165824 operations across 94 thread(s) in 5.291248574s; time/op = 209ns
25165824 operations across 95 thread(s) in 5.34003945s; time/op = 211ns
25165824 operations across 96 thread(s) in 5.487883376s; time/op = 217ns
25165824 operations across 97 thread(s) in 5.536636381s; time/op = 219ns
25165824 operations across 98 thread(s) in 5.697506504s; time/op = 225ns
25165824 operations across 99 thread(s) in 5.703679001s; time/op = 225ns
25165824 operations across 100 thread(s) in 5.870534062s; time/op = 232ns
25165824 operations across 101 thread(s) in 5.574738732s; time/op = 220ns
25165824 operations across 102 thread(s) in 5.860786132s; time/op = 232ns
25165824 operations across 103 thread(s) in 5.907380625s; time/op = 234ns
25165824 operations across 104 thread(s) in 5.887362321s; time/op = 233ns
25165824 operations across 105 thread(s) in 6.127723066s; time/op = 243ns
25165824 operations across 106 thread(s) in 6.125307881s; time/op = 242ns
25165824 operations across 107 thread(s) in 6.400356965s; time/op = 253ns
25165824 operations across 108 thread(s) in 6.021606037s; time/op = 238ns
25165824 operations across 109 thread(s) in 6.265942502s; time/op = 248ns
25165824 operations across 110 thread(s) in 6.354832538s; time/op = 252ns
25165824 operations across 111 thread(s) in 6.357698026s; time/op = 252ns
25165824 operations across 112 thread(s) in 6.513339612s; time/op = 258ns
25165824 operations across 113 thread(s) in 6.522263978s; time/op = 258ns
25165824 operations across 114 thread(s) in 6.583499073s; time/op = 261ns
25165824 operations across 115 thread(s) in 6.829092573s; time/op = 270ns
25165824 operations across 116 thread(s) in 6.790355392s; time/op = 269ns
25165824 operations across 117 thread(s) in 6.778042663s; time/op = 268ns
25165824 operations across 118 thread(s) in 6.83359431s; time/op = 271ns
25165824 operations across 119 thread(s) in 7.036073592s; time/op = 279ns
25165824 operations across 120 thread(s) in 6.918432675s; time/op = 274ns
25165824 operations across 121 thread(s) in 6.865616741s; time/op = 272ns
25165824 operations across 122 thread(s) in 6.945332505s; time/op = 275ns
25165824 operations across 123 thread(s) in 7.105470927s; time/op = 282ns
25165824 operations across 124 thread(s) in 7.30164185s; time/op = 289ns
25165824 operations across 125 thread(s) in 7.001038882s; time/op = 278ns
25165824 operations across 126 thread(s) in 7.211872589s; time/op = 286ns
25165824 operations across 127 thread(s) in 7.407044323s; time/op = 294ns
25165824 operations across 128 thread(s) in 7.302851966s; time/op = 290ns
Read heavy
25165824 operations across 1 thread(s) in 4.902369634s; time/op = 193ns
25165824 operations across 2 thread(s) in 2.045685635s; time/op = 80ns
25165824 operations across 3 thread(s) in 1.564403619s; time/op = 61ns
25165824 operations across 4 thread(s) in 1.356255436s; time/op = 53ns
25165824 operations across 5 thread(s) in 1.232834792s; time/op = 48ns
25165824 operations across 6 thread(s) in 1.149126142s; time/op = 44ns
25165824 operations across 7 thread(s) in 1.205103205s; time/op = 47ns
25165824 operations across 8 thread(s) in 1.156180507s; time/op = 45ns
25165824 operations across 9 thread(s) in 1.05149413s; time/op = 41ns
25165824 operations across 10 thread(s) in 1.018338516s; time/op = 39ns
25165824 operations across 11 thread(s) in 1.000317407s; time/op = 39ns
25165824 operations across 12 thread(s) in 998.035597ms; time/op = 39ns
25165824 operations across 13 thread(s) in 1.121703301s; time/op = 43ns
25165824 operations across 14 thread(s) in 1.063974786s; time/op = 41ns
25165824 operations across 15 thread(s) in 1.171342027s; time/op = 45ns
25165824 operations across 16 thread(s) in 1.248017795s; time/op = 48ns
25165824 operations across 17 thread(s) in 1.144030153s; time/op = 44ns
25165824 operations across 18 thread(s) in 1.20215017s; time/op = 47ns
25165824 operations across 19 thread(s) in 1.198891604s; time/op = 46ns
25165824 operations across 20 thread(s) in 1.353079645s; time/op = 53ns
25165824 operations across 21 thread(s) in 1.445216609s; time/op = 56ns
25165824 operations across 22 thread(s) in 1.437709751s; time/op = 56ns
25165824 operations across 23 thread(s) in 1.455570148s; time/op = 57ns
25165824 operations across 24 thread(s) in 1.419909091s; time/op = 55ns
25165824 operations across 25 thread(s) in 1.530094145s; time/op = 60ns
25165824 operations across 26 thread(s) in 1.585233231s; time/op = 62ns
25165824 operations across 27 thread(s) in 1.635232409s; time/op = 64ns
25165824 operations across 28 thread(s) in 1.623686596s; time/op = 63ns
25165824 operations across 29 thread(s) in 1.8478149s; time/op = 72ns
25165824 operations across 30 thread(s) in 1.750746664s; time/op = 68ns
25165824 operations across 31 thread(s) in 2.014335196s; time/op = 79ns
25165824 operations across 32 thread(s) in 1.968906813s; time/op = 77ns
25165824 operations across 33 thread(s) in 1.891685212s; time/op = 74ns
25165824 operations across 34 thread(s) in 1.991921006s; time/op = 78ns
25165824 operations across 35 thread(s) in 2.209025587s; time/op = 87ns
25165824 operations across 36 thread(s) in 2.214746867s; time/op = 87ns
25165824 operations across 37 thread(s) in 2.140846123s; time/op = 84ns
25165824 operations across 38 thread(s) in 2.310701492s; time/op = 91ns
25165824 operations across 39 thread(s) in 2.427254492s; time/op = 95ns
25165824 operations across 40 thread(s) in 2.364127509s; time/op = 93ns
25165824 operations across 41 thread(s) in 2.47323135s; time/op = 97ns
25165824 operations across 42 thread(s) in 2.471240544s; time/op = 97ns
25165824 operations across 43 thread(s) in 2.595880511s; time/op = 102ns
25165824 operations across 44 thread(s) in 2.517744589s; time/op = 99ns
25165824 operations across 45 thread(s) in 2.646577214s; time/op = 104ns
25165824 operations across 46 thread(s) in 2.47596253s; time/op = 97ns
25165824 operations across 47 thread(s) in 2.792941754s; time/op = 110ns
25165824 operations across 48 thread(s) in 2.836898817s; time/op = 112ns
25165824 operations across 49 thread(s) in 2.74375557s; time/op = 108ns
25165824 operations across 50 thread(s) in 2.821467795s; time/op = 111ns
25165824 operations across 51 thread(s) in 2.988268746s; time/op = 118ns
25165824 operations across 52 thread(s) in 3.010328693s; time/op = 119ns
25165824 operations across 53 thread(s) in 3.072184186s; time/op = 121ns
25165824 operations across 54 thread(s) in 3.16798604s; time/op = 125ns
25165824 operations across 55 thread(s) in 3.133033656s; time/op = 124ns
25165824 operations across 56 thread(s) in 3.118624255s; time/op = 123ns
25165824 operations across 57 thread(s) in 3.370400709s; time/op = 133ns
25165824 operations across 58 thread(s) in 3.107477613s; time/op = 123ns
25165824 operations across 59 thread(s) in 3.337042565s; time/op = 132ns
25165824 operations across 60 thread(s) in 3.243048274s; time/op = 128ns
25165824 operations across 61 thread(s) in 3.519157388s; time/op = 139ns
25165824 operations across 62 thread(s) in 3.669179923s; time/op = 145ns
25165824 operations across 63 thread(s) in 3.632348271s; time/op = 144ns
25165824 operations across 64 thread(s) in 4.787015446s; time/op = 189ns
25165824 operations across 65 thread(s) in 4.479646495s; time/op = 177ns
25165824 operations across 66 thread(s) in 3.958593852s; time/op = 157ns
25165824 operations across 67 thread(s) in 3.97241185s; time/op = 157ns
25165824 operations across 68 thread(s) in 3.859667813s; time/op = 153ns
25165824 operations across 69 thread(s) in 4.016572586s; time/op = 158ns
25165824 operations across 70 thread(s) in 4.119473s; time/op = 162ns
25165824 operations across 71 thread(s) in 4.043594903s; time/op = 159ns
25165824 operations across 72 thread(s) in 4.227893608s; time/op = 167ns
25165824 operations across 73 thread(s) in 3.988197916s; time/op = 158ns
25165824 operations across 74 thread(s) in 4.267817896s; time/op = 168ns
25165824 operations across 75 thread(s) in 4.365395638s; time/op = 172ns
25165824 operations across 76 thread(s) in 4.273820787s; time/op = 168ns
25165824 operations across 77 thread(s) in 4.477094251s; time/op = 176ns
25165824 operations across 78 thread(s) in 4.375160714s; time/op = 172ns
25165824 operations across 79 thread(s) in 9.340105431s; time/op = 370ns
25165824 operations across 80 thread(s) in 5.210837418s; time/op = 206ns
25165824 operations across 81 thread(s) in 4.536493566s; time/op = 179ns
25165824 operations across 82 thread(s) in 4.703713741s; time/op = 185ns
25165824 operations across 83 thread(s) in 4.74474168s; time/op = 187ns
25165824 operations across 84 thread(s) in 4.726232798s; time/op = 186ns
25165824 operations across 85 thread(s) in 4.743826915s; time/op = 187ns
25165824 operations across 86 thread(s) in 4.952374905s; time/op = 195ns
25165824 operations across 87 thread(s) in 4.968293915s; time/op = 196ns
25165824 operations across 88 thread(s) in 5.089445581s; time/op = 201ns
25165824 operations across 89 thread(s) in 5.14218761s; time/op = 203ns
25165824 operations across 90 thread(s) in 9.666842762s; time/op = 383ns
25165824 operations across 91 thread(s) in 5.159463545s; time/op = 204ns
25165824 operations across 92 thread(s) in 5.127569866s; time/op = 203ns
25165824 operations across 93 thread(s) in 5.241031001s; time/op = 207ns
25165824 operations across 94 thread(s) in 5.494898416s; time/op = 217ns
25165824 operations across 95 thread(s) in 5.386865844s; time/op = 213ns
25165824 operations across 96 thread(s) in 5.5286665s; time/op = 219ns
25165824 operations across 97 thread(s) in 5.583040361s; time/op = 221ns
25165824 operations across 98 thread(s) in 5.587471749s; time/op = 221ns
25165824 operations across 99 thread(s) in 5.717329106s; time/op = 226ns
25165824 operations across 100 thread(s) in 5.642236812s; time/op = 223ns
25165824 operations across 101 thread(s) in 5.75307058s; time/op = 227ns
25165824 operations across 102 thread(s) in 5.961137278s; time/op = 236ns
25165824 operations across 103 thread(s) in 5.971260805s; time/op = 236ns
25165824 operations across 104 thread(s) in 6.004999173s; time/op = 238ns
25165824 operations across 105 thread(s) in 5.954153078s; time/op = 235ns
25165824 operations across 106 thread(s) in 5.976703618s; time/op = 236ns
25165824 operations across 107 thread(s) in 6.083880019s; time/op = 241ns
25165824 operations across 108 thread(s) in 6.175825342s; time/op = 244ns
25165824 operations across 109 thread(s) in 6.384114708s; time/op = 253ns
25165824 operations across 110 thread(s) in 5.78157959s; time/op = 229ns
25165824 operations across 111 thread(s) in 6.331306897s; time/op = 251ns
25165824 operations across 112 thread(s) in 6.489355236s; time/op = 257ns
25165824 operations across 113 thread(s) in 6.535961272s; time/op = 259ns
25165824 operations across 114 thread(s) in 6.294866192s; time/op = 249ns
25165824 operations across 115 thread(s) in 6.549034894s; time/op = 259ns
25165824 operations across 116 thread(s) in 6.630071339s; time/op = 263ns
25165824 operations across 117 thread(s) in 6.808443784s; time/op = 270ns
25165824 operations across 118 thread(s) in 6.707394998s; time/op = 266ns
25165824 operations across 119 thread(s) in 6.762282275s; time/op = 268ns
25165824 operations across 120 thread(s) in 6.993525823s; time/op = 277ns
25165824 operations across 121 thread(s) in 6.911732177s; time/op = 274ns
25165824 operations across 122 thread(s) in 7.031805127s; time/op = 279ns
25165824 operations across 123 thread(s) in 7.036341847s; time/op = 279ns
25165824 operations across 124 thread(s) in 7.072999346s; time/op = 280ns
25165824 operations across 125 thread(s) in 7.246231957s; time/op = 287ns
25165824 operations across 126 thread(s) in 7.232644677s; time/op = 287ns
25165824 operations across 127 thread(s) in 7.221203315s; time/op = 286ns
25165824 operations across 128 thread(s) in 8.845654183s; time/op = 350ns
Uniform
25165824 operations across 1 thread(s) in 4.488912211s; time/op = 177ns
25165824 operations across 2 thread(s) in 2.80016153s; time/op = 110ns
25165824 operations across 3 thread(s) in 1.922989638s; time/op = 75ns
25165824 operations across 4 thread(s) in 1.65944026s; time/op = 65ns
25165824 operations across 5 thread(s) in 1.392063179s; time/op = 54ns
25165824 operations across 6 thread(s) in 1.380120525s; time/op = 54ns
25165824 operations across 7 thread(s) in 1.27485288s; time/op = 49ns
25165824 operations across 8 thread(s) in 1.188212451s; time/op = 46ns
25165824 operations across 9 thread(s) in 1.325883389s; time/op = 51ns
25165824 operations across 10 thread(s) in 1.105152795s; time/op = 43ns
25165824 operations across 11 thread(s) in 1.145570115s; time/op = 44ns
25165824 operations across 12 thread(s) in 1.170855638s; time/op = 45ns
25165824 operations across 13 thread(s) in 1.307925985s; time/op = 51ns
25165824 operations across 14 thread(s) in 1.215281585s; time/op = 47ns
25165824 operations across 15 thread(s) in 1.245268071s; time/op = 48ns
25165824 operations across 16 thread(s) in 1.153793982s; time/op = 45ns
25165824 operations across 17 thread(s) in 1.250349523s; time/op = 48ns
25165824 operations across 18 thread(s) in 1.241439027s; time/op = 48ns
25165824 operations across 19 thread(s) in 1.308059589s; time/op = 51ns
25165824 operations across 20 thread(s) in 1.336444291s; time/op = 52ns
25165824 operations across 21 thread(s) in 1.379174008s; time/op = 54ns
25165824 operations across 22 thread(s) in 1.341225636s; time/op = 52ns
25165824 operations across 23 thread(s) in 1.420598016s; time/op = 55ns
25165824 operations across 24 thread(s) in 1.65039865s; time/op = 64ns
25165824 operations across 25 thread(s) in 1.58092438s; time/op = 62ns
25165824 operations across 26 thread(s) in 1.643730704s; time/op = 64ns
25165824 operations across 27 thread(s) in 1.632568645s; time/op = 64ns
25165824 operations across 28 thread(s) in 1.696359578s; time/op = 66ns
25165824 operations across 29 thread(s) in 1.836792148s; time/op = 72ns
25165824 operations across 30 thread(s) in 1.764982224s; time/op = 69ns
25165824 operations across 31 thread(s) in 1.762239931s; time/op = 69ns
25165824 operations across 32 thread(s) in 1.990764953s; time/op = 78ns
25165824 operations across 33 thread(s) in 2.127149094s; time/op = 84ns
25165824 operations across 34 thread(s) in 2.146574368s; time/op = 84ns
25165824 operations across 35 thread(s) in 2.156258518s; time/op = 85ns
25165824 operations across 36 thread(s) in 2.410868231s; time/op = 95ns
25165824 operations across 37 thread(s) in 2.19945218s; time/op = 86ns
25165824 operations across 38 thread(s) in 2.3144306s; time/op = 91ns
25165824 operations across 39 thread(s) in 2.413622509s; time/op = 95ns
25165824 operations across 40 thread(s) in 2.325423378s; time/op = 91ns
25165824 operations across 41 thread(s) in 2.262396229s; time/op = 89ns
25165824 operations across 42 thread(s) in 2.56198133s; time/op = 101ns
25165824 operations across 43 thread(s) in 2.492288562s; time/op = 98ns
25165824 operations across 44 thread(s) in 2.565274529s; time/op = 101ns
25165824 operations across 45 thread(s) in 2.653164293s; time/op = 104ns
25165824 operations across 46 thread(s) in 2.743924063s; time/op = 108ns
25165824 operations across 47 thread(s) in 2.929831721s; time/op = 115ns
25165824 operations across 48 thread(s) in 2.810260574s; time/op = 111ns
25165824 operations across 49 thread(s) in 2.774984105s; time/op = 109ns
25165824 operations across 50 thread(s) in 2.925772246s; time/op = 115ns
25165824 operations across 51 thread(s) in 2.881768165s; time/op = 114ns
25165824 operations across 52 thread(s) in 3.018850179s; time/op = 119ns
25165824 operations across 53 thread(s) in 2.919609058s; time/op = 115ns
25165824 operations across 54 thread(s) in 3.207875426s; time/op = 127ns
25165824 operations across 55 thread(s) in 3.181055175s; time/op = 126ns
25165824 operations across 56 thread(s) in 3.280041581s; time/op = 130ns
25165824 operations across 57 thread(s) in 3.435912213s; time/op = 136ns
25165824 operations across 58 thread(s) in 3.365038682s; time/op = 133ns
25165824 operations across 59 thread(s) in 3.426495474s; time/op = 135ns
25165824 operations across 60 thread(s) in 3.359657141s; time/op = 133ns
25165824 operations across 61 thread(s) in 3.497334352s; time/op = 138ns
25165824 operations across 62 thread(s) in 3.307361447s; time/op = 131ns
25165824 operations across 63 thread(s) in 4.005625943s; time/op = 158ns
25165824 operations across 64 thread(s) in 3.948181924s; time/op = 156ns
25165824 operations across 65 thread(s) in 4.04530075s; time/op = 159ns
25165824 operations across 66 thread(s) in 3.822816358s; time/op = 151ns
25165824 operations across 67 thread(s) in 3.760113952s; time/op = 149ns
25165824 operations across 68 thread(s) in 3.998391165s; time/op = 158ns
25165824 operations across 69 thread(s) in 3.981055737s; time/op = 157ns
25165824 operations across 70 thread(s) in 4.744454908s; time/op = 187ns
25165824 operations across 71 thread(s) in 4.861000648s; time/op = 192ns
25165824 operations across 72 thread(s) in 4.167921378s; time/op = 164ns
25165824 operations across 73 thread(s) in 4.075397559s; time/op = 160ns
25165824 operations across 74 thread(s) in 4.197473908s; time/op = 165ns
25165824 operations across 75 thread(s) in 4.270028638s; time/op = 168ns
25165824 operations across 76 thread(s) in 4.398093279s; time/op = 173ns
25165824 operations across 77 thread(s) in 4.479711072s; time/op = 177ns
25165824 operations across 78 thread(s) in 4.462230607s; time/op = 176ns
25165824 operations across 79 thread(s) in 4.503608824s; time/op = 178ns
25165824 operations across 80 thread(s) in 4.598500751s; time/op = 181ns
25165824 operations across 81 thread(s) in 4.585741598s; time/op = 181ns
25165824 operations across 82 thread(s) in 4.831300299s; time/op = 191ns
25165824 operations across 83 thread(s) in 4.811685306s; time/op = 190ns
25165824 operations across 84 thread(s) in 4.825860458s; time/op = 190ns
25165824 operations across 85 thread(s) in 4.867933756s; time/op = 192ns
25165824 operations across 86 thread(s) in 4.905470021s; time/op = 193ns
25165824 operations across 87 thread(s) in 4.546407763s; time/op = 179ns
25165824 operations across 88 thread(s) in 5.068020464s; time/op = 200ns
25165824 operations across 89 thread(s) in 5.123941861s; time/op = 202ns
25165824 operations across 90 thread(s) in 5.021760291s; time/op = 198ns
25165824 operations across 91 thread(s) in 5.170673174s; time/op = 204ns
25165824 operations across 92 thread(s) in 5.308250683s; time/op = 210ns
25165824 operations across 93 thread(s) in 5.350303007s; time/op = 211ns
25165824 operations across 94 thread(s) in 5.45174931s; time/op = 215ns
25165824 operations across 95 thread(s) in 5.405557239s; time/op = 214ns
25165824 operations across 96 thread(s) in 5.555170577s; time/op = 220ns
25165824 operations across 97 thread(s) in 5.625840592s; time/op = 222ns
25165824 operations across 98 thread(s) in 5.749125271s; time/op = 227ns
25165824 operations across 99 thread(s) in 5.760353175s; time/op = 228ns
25165824 operations across 100 thread(s) in 5.753880419s; time/op = 227ns
25165824 operations across 101 thread(s) in 5.900791732s; time/op = 233ns
25165824 operations across 102 thread(s) in 5.869376262s; time/op = 232ns
25165824 operations across 103 thread(s) in 5.921492138s; time/op = 234ns
25165824 operations across 104 thread(s) in 5.961025374s; time/op = 236ns
25165824 operations across 105 thread(s) in 5.991674284s; time/op = 237ns
25165824 operations across 106 thread(s) in 6.110280165s; time/op = 242ns
25165824 operations across 107 thread(s) in 6.181813807s; time/op = 245ns
25165824 operations across 108 thread(s) in 6.169288516s; time/op = 244ns
25165824 operations across 109 thread(s) in 6.273730294s; time/op = 248ns
25165824 operations across 110 thread(s) in 6.240022301s; time/op = 247ns
25165824 operations across 111 thread(s) in 6.281764825s; time/op = 249ns
25165824 operations across 112 thread(s) in 6.352757146s; time/op = 252ns
25165824 operations across 113 thread(s) in 6.481174102s; time/op = 257ns
25165824 operations across 114 thread(s) in 6.488137815s; time/op = 257ns
25165824 operations across 115 thread(s) in 6.610692106s; time/op = 262ns
25165824 operations across 116 thread(s) in 6.593568412s; time/op = 261ns
25165824 operations across 117 thread(s) in 6.657359105s; time/op = 264ns
25165824 operations across 118 thread(s) in 6.81840613s; time/op = 270ns
25165824 operations across 119 thread(s) in 6.730873333s; time/op = 267ns
25165824 operations across 120 thread(s) in 7.037562758s; time/op = 279ns
25165824 operations across 121 thread(s) in 7.00770455s; time/op = 278ns
25165824 operations across 122 thread(s) in 6.966418347s; time/op = 276ns
25165824 operations across 123 thread(s) in 7.036460444s; time/op = 279ns
25165824 operations across 124 thread(s) in 7.000411184s; time/op = 278ns
25165824 operations across 125 thread(s) in 7.30815635s; time/op = 290ns
25165824 operations across 126 thread(s) in 7.165315512s; time/op = 284ns
25165824 operations across 127 thread(s) in 8.55303682s; time/op = 338ns
25165824 operations across 128 thread(s) in 7.469741586s; time/op = 296ns

 Performance counter stats for '/opt/data/CargoTarget/release/lighting-bench':

 1,608,668,894,632      cycles:u                                                    
    73,552,487,333      L1-dcache-loads                                             
     7,599,557,401      L1-dcache-load-misses     #   10.33% of all L1-dcache hits  
   <not supported>      LLC-loads                                                   
   <not supported>      LLC-load-misses                                             

      11.181084718 seconds time elapsed

     392.359609000 seconds user
     479.061636000 seconds sys


