Insert heavy
25165824 operations across 1 thread(s) in 5.509201649s; time/op = 218ns
25165824 operations across 2 thread(s) in 3.837309797s; time/op = 152ns
25165824 operations across 3 thread(s) in 2.904145319s; time/op = 114ns
25165824 operations across 4 thread(s) in 2.92456105s; time/op = 115ns
25165824 operations across 5 thread(s) in 2.974883568s; time/op = 117ns
25165824 operations across 6 thread(s) in 2.231662985s; time/op = 88ns
25165824 operations across 7 thread(s) in 2.813653735s; time/op = 111ns
25165824 operations across 8 thread(s) in 3.082976269s; time/op = 122ns
25165824 operations across 9 thread(s) in 2.479749725s; time/op = 98ns
25165824 operations across 10 thread(s) in 2.6796831s; time/op = 106ns
25165824 operations across 11 thread(s) in 2.66546929s; time/op = 105ns
25165824 operations across 12 thread(s) in 2.644654317s; time/op = 104ns
25165824 operations across 13 thread(s) in 2.407318438s; time/op = 95ns
25165824 operations across 14 thread(s) in 2.843182994s; time/op = 112ns
25165824 operations across 15 thread(s) in 1.437677086s; time/op = 56ns
25165824 operations across 16 thread(s) in 2.29320422s; time/op = 90ns
25165824 operations across 17 thread(s) in 2.070852958s; time/op = 81ns
25165824 operations across 18 thread(s) in 2.259705943s; time/op = 89ns
25165824 operations across 19 thread(s) in 2.452133309s; time/op = 96ns
25165824 operations across 20 thread(s) in 2.287809382s; time/op = 90ns
25165824 operations across 21 thread(s) in 1.964172314s; time/op = 77ns
25165824 operations across 22 thread(s) in 1.913516991s; time/op = 75ns
25165824 operations across 23 thread(s) in 1.800872465s; time/op = 70ns
25165824 operations across 24 thread(s) in 2.020507035s; time/op = 79ns
25165824 operations across 25 thread(s) in 1.842575519s; time/op = 72ns
25165824 operations across 26 thread(s) in 1.811018603s; time/op = 71ns
25165824 operations across 27 thread(s) in 1.82496913s; time/op = 71ns
25165824 operations across 28 thread(s) in 1.672632025s; time/op = 65ns
25165824 operations across 29 thread(s) in 1.653440295s; time/op = 64ns
25165824 operations across 30 thread(s) in 1.647978511s; time/op = 64ns
25165824 operations across 31 thread(s) in 1.602926828s; time/op = 62ns
25165824 operations across 32 thread(s) in 1.537299419s; time/op = 60ns
25165824 operations across 33 thread(s) in 1.415756396s; time/op = 55ns
25165824 operations across 34 thread(s) in 1.38632904s; time/op = 54ns
25165824 operations across 35 thread(s) in 1.449927577s; time/op = 56ns
25165824 operations across 36 thread(s) in 1.377646953s; time/op = 54ns
25165824 operations across 37 thread(s) in 1.453296929s; time/op = 57ns
25165824 operations across 38 thread(s) in 1.37628998s; time/op = 53ns
25165824 operations across 39 thread(s) in 1.458239917s; time/op = 57ns
25165824 operations across 40 thread(s) in 1.358837023s; time/op = 53ns
25165824 operations across 41 thread(s) in 1.303641441s; time/op = 51ns
25165824 operations across 42 thread(s) in 1.317562677s; time/op = 51ns
25165824 operations across 43 thread(s) in 1.295848681s; time/op = 50ns
25165824 operations across 44 thread(s) in 1.22344472s; time/op = 47ns
25165824 operations across 45 thread(s) in 1.334569807s; time/op = 52ns
25165824 operations across 46 thread(s) in 1.178070631s; time/op = 46ns
25165824 operations across 47 thread(s) in 1.273766892s; time/op = 49ns
25165824 operations across 48 thread(s) in 1.2876194s; time/op = 50ns
25165824 operations across 49 thread(s) in 1.171962894s; time/op = 45ns
25165824 operations across 50 thread(s) in 1.095950366s; time/op = 42ns
25165824 operations across 51 thread(s) in 1.200370596s; time/op = 46ns
25165824 operations across 52 thread(s) in 1.212593323s; time/op = 47ns
25165824 operations across 53 thread(s) in 1.007608907s; time/op = 39ns
25165824 operations across 54 thread(s) in 1.169372505s; time/op = 45ns
25165824 operations across 55 thread(s) in 1.269383343s; time/op = 49ns
25165824 operations across 56 thread(s) in 992.687094ms; time/op = 39ns
25165824 operations across 57 thread(s) in 1.203440047s; time/op = 47ns
25165824 operations across 58 thread(s) in 1.039210214s; time/op = 40ns
25165824 operations across 59 thread(s) in 1.028610637s; time/op = 40ns
25165824 operations across 60 thread(s) in 981.545542ms; time/op = 39ns
25165824 operations across 61 thread(s) in 1.08262326s; time/op = 42ns
25165824 operations across 62 thread(s) in 1.087143953s; time/op = 42ns
25165824 operations across 63 thread(s) in 1.059011507s; time/op = 41ns
25165824 operations across 64 thread(s) in 1.004597355s; time/op = 39ns
25165824 operations across 65 thread(s) in 1.193392423s; time/op = 46ns
25165824 operations across 66 thread(s) in 975.552595ms; time/op = 38ns
25165824 operations across 67 thread(s) in 945.904903ms; time/op = 37ns
25165824 operations across 68 thread(s) in 1.06189123s; time/op = 41ns
25165824 operations across 69 thread(s) in 1.022304701s; time/op = 39ns
25165824 operations across 70 thread(s) in 1.017523597s; time/op = 39ns
25165824 operations across 71 thread(s) in 990.280338ms; time/op = 39ns
25165824 operations across 72 thread(s) in 955.101794ms; time/op = 37ns
25165824 operations across 73 thread(s) in 936.126324ms; time/op = 37ns
25165824 operations across 74 thread(s) in 1.034508799s; time/op = 40ns
25165824 operations across 75 thread(s) in 932.508762ms; time/op = 37ns
25165824 operations across 76 thread(s) in 933.020482ms; time/op = 37ns
25165824 operations across 77 thread(s) in 850.842036ms; time/op = 33ns
25165824 operations across 78 thread(s) in 941.247988ms; time/op = 37ns
25165824 operations across 79 thread(s) in 854.558784ms; time/op = 33ns
25165824 operations across 80 thread(s) in 904.598202ms; time/op = 35ns
25165824 operations across 81 thread(s) in 983.06698ms; time/op = 39ns
25165824 operations across 82 thread(s) in 918.913319ms; time/op = 36ns
25165824 operations across 83 thread(s) in 899.090123ms; time/op = 35ns
25165824 operations across 84 thread(s) in 905.805504ms; time/op = 35ns
25165824 operations across 85 thread(s) in 870.617304ms; time/op = 34ns
25165824 operations across 86 thread(s) in 927.354724ms; time/op = 36ns
25165824 operations across 87 thread(s) in 882.487266ms; time/op = 35ns
25165824 operations across 88 thread(s) in 950.284824ms; time/op = 37ns
25165824 operations across 89 thread(s) in 917.490486ms; time/op = 36ns
25165824 operations across 90 thread(s) in 852.550537ms; time/op = 33ns
25165824 operations across 91 thread(s) in 832.296049ms; time/op = 33ns
25165824 operations across 92 thread(s) in 899.154216ms; time/op = 35ns
25165824 operations across 93 thread(s) in 912.896447ms; time/op = 36ns
25165824 operations across 94 thread(s) in 864.892692ms; time/op = 34ns
25165824 operations across 95 thread(s) in 912.917962ms; time/op = 36ns
25165824 operations across 96 thread(s) in 906.733325ms; time/op = 36ns
25165824 operations across 97 thread(s) in 889.674599ms; time/op = 35ns
25165824 operations across 98 thread(s) in 884.411258ms; time/op = 35ns
25165824 operations across 99 thread(s) in 874.089707ms; time/op = 34ns
25165824 operations across 100 thread(s) in 854.730586ms; time/op = 33ns
25165824 operations across 101 thread(s) in 862.451862ms; time/op = 34ns
25165824 operations across 102 thread(s) in 835.198708ms; time/op = 33ns
25165824 operations across 103 thread(s) in 903.253658ms; time/op = 35ns
25165824 operations across 104 thread(s) in 852.728533ms; time/op = 33ns
25165824 operations across 105 thread(s) in 865.198958ms; time/op = 34ns
25165824 operations across 106 thread(s) in 810.817427ms; time/op = 32ns
25165824 operations across 107 thread(s) in 862.200242ms; time/op = 34ns
25165824 operations across 108 thread(s) in 880.905475ms; time/op = 35ns
25165824 operations across 109 thread(s) in 814.463128ms; time/op = 32ns
25165824 operations across 110 thread(s) in 853.07523ms; time/op = 33ns
25165824 operations across 111 thread(s) in 858.977729ms; time/op = 34ns
25165824 operations across 112 thread(s) in 840.410411ms; time/op = 33ns
25165824 operations across 113 thread(s) in 831.730985ms; time/op = 33ns
25165824 operations across 114 thread(s) in 839.793795ms; time/op = 33ns
25165824 operations across 115 thread(s) in 836.848732ms; time/op = 33ns
25165824 operations across 116 thread(s) in 836.373545ms; time/op = 33ns
25165824 operations across 117 thread(s) in 822.708835ms; time/op = 32ns
25165824 operations across 118 thread(s) in 800.10383ms; time/op = 31ns
25165824 operations across 119 thread(s) in 816.438426ms; time/op = 32ns
25165824 operations across 120 thread(s) in 825.608251ms; time/op = 32ns
25165824 operations across 121 thread(s) in 822.281269ms; time/op = 32ns
25165824 operations across 122 thread(s) in 811.193746ms; time/op = 32ns
25165824 operations across 123 thread(s) in 826.452304ms; time/op = 32ns
25165824 operations across 124 thread(s) in 800.014487ms; time/op = 31ns
25165824 operations across 125 thread(s) in 789.862035ms; time/op = 31ns
25165824 operations across 126 thread(s) in 805.939196ms; time/op = 32ns
25165824 operations across 127 thread(s) in 805.213667ms; time/op = 31ns
25165824 operations across 128 thread(s) in 837.500147ms; time/op = 33ns
Read heavy
25165824 operations across 1 thread(s) in 3.963825915s; time/op = 157ns
25165824 operations across 2 thread(s) in 1.823269769s; time/op = 71ns
25165824 operations across 3 thread(s) in 1.249340208s; time/op = 48ns
25165824 operations across 4 thread(s) in 1.008352386s; time/op = 39ns
25165824 operations across 5 thread(s) in 848.250668ms; time/op = 33ns
25165824 operations across 6 thread(s) in 750.854307ms; time/op = 29ns
25165824 operations across 7 thread(s) in 656.933595ms; time/op = 26ns
25165824 operations across 8 thread(s) in 577.259597ms; time/op = 22ns
25165824 operations across 9 thread(s) in 566.888576ms; time/op = 22ns
25165824 operations across 10 thread(s) in 560.452869ms; time/op = 22ns
25165824 operations across 11 thread(s) in 503.432272ms; time/op = 20ns
25165824 operations across 12 thread(s) in 472.730737ms; time/op = 18ns
25165824 operations across 13 thread(s) in 436.972683ms; time/op = 17ns
25165824 operations across 14 thread(s) in 447.503704ms; time/op = 17ns
25165824 operations across 15 thread(s) in 420.66234ms; time/op = 16ns
25165824 operations across 16 thread(s) in 401.31666ms; time/op = 15ns
25165824 operations across 17 thread(s) in 386.599972ms; time/op = 15ns
25165824 operations across 18 thread(s) in 358.183992ms; time/op = 14ns
25165824 operations across 19 thread(s) in 349.268864ms; time/op = 13ns
25165824 operations across 20 thread(s) in 329.866006ms; time/op = 13ns
25165824 operations across 21 thread(s) in 326.988815ms; time/op = 12ns
25165824 operations across 22 thread(s) in 317.86242ms; time/op = 12ns
25165824 operations across 23 thread(s) in 310.750629ms; time/op = 12ns
25165824 operations across 24 thread(s) in 301.286859ms; time/op = 11ns
25165824 operations across 25 thread(s) in 299.159069ms; time/op = 11ns
25165824 operations across 26 thread(s) in 281.916212ms; time/op = 11ns
25165824 operations across 27 thread(s) in 287.854029ms; time/op = 11ns
25165824 operations across 28 thread(s) in 276.876675ms; time/op = 11ns
25165824 operations across 29 thread(s) in 273.455639ms; time/op = 10ns
25165824 operations across 30 thread(s) in 263.291009ms; time/op = 10ns
25165824 operations across 31 thread(s) in 260.051063ms; time/op = 10ns
25165824 operations across 32 thread(s) in 251.080862ms; time/op = 9ns
25165824 operations across 33 thread(s) in 248.902738ms; time/op = 9ns
25165824 operations across 34 thread(s) in 243.700657ms; time/op = 9ns
25165824 operations across 35 thread(s) in 242.780172ms; time/op = 9ns
25165824 operations across 36 thread(s) in 233.737184ms; time/op = 9ns
25165824 operations across 37 thread(s) in 231.77165ms; time/op = 9ns
25165824 operations across 38 thread(s) in 228.248292ms; time/op = 9ns
25165824 operations across 39 thread(s) in 226.232263ms; time/op = 8ns
25165824 operations across 40 thread(s) in 231.423494ms; time/op = 9ns
25165824 operations across 41 thread(s) in 226.455043ms; time/op = 8ns
25165824 operations across 42 thread(s) in 228.247039ms; time/op = 9ns
25165824 operations across 43 thread(s) in 219.27252ms; time/op = 8ns
25165824 operations across 44 thread(s) in 211.560549ms; time/op = 8ns
25165824 operations across 45 thread(s) in 217.408066ms; time/op = 8ns
25165824 operations across 46 thread(s) in 210.280827ms; time/op = 8ns
25165824 operations across 47 thread(s) in 209.049738ms; time/op = 8ns
25165824 operations across 48 thread(s) in 211.679502ms; time/op = 8ns
25165824 operations across 49 thread(s) in 208.279596ms; time/op = 8ns
25165824 operations across 50 thread(s) in 203.129133ms; time/op = 8ns
25165824 operations across 51 thread(s) in 203.227718ms; time/op = 8ns
25165824 operations across 52 thread(s) in 201.134684ms; time/op = 7ns
25165824 operations across 53 thread(s) in 211.129926ms; time/op = 8ns
25165824 operations across 54 thread(s) in 200.773994ms; time/op = 7ns
25165824 operations across 55 thread(s) in 211.995126ms; time/op = 8ns
25165824 operations across 56 thread(s) in 199.76302ms; time/op = 7ns
25165824 operations across 57 thread(s) in 197.609702ms; time/op = 7ns
25165824 operations across 58 thread(s) in 190.846249ms; time/op = 7ns
25165824 operations across 59 thread(s) in 191.461237ms; time/op = 7ns
25165824 operations across 60 thread(s) in 197.564046ms; time/op = 7ns
25165824 operations across 61 thread(s) in 196.338557ms; time/op = 7ns
25165824 operations across 62 thread(s) in 190.642124ms; time/op = 7ns
25165824 operations across 63 thread(s) in 210.711506ms; time/op = 8ns
25165824 operations across 64 thread(s) in 793.336853ms; time/op = 31ns
25165824 operations across 65 thread(s) in 187.230245ms; time/op = 7ns
25165824 operations across 66 thread(s) in 183.541666ms; time/op = 7ns
25165824 operations across 67 thread(s) in 184.527452ms; time/op = 7ns
25165824 operations across 68 thread(s) in 190.22671ms; time/op = 7ns
25165824 operations across 69 thread(s) in 185.714979ms; time/op = 7ns
25165824 operations across 70 thread(s) in 192.435391ms; time/op = 7ns
25165824 operations across 71 thread(s) in 184.778855ms; time/op = 7ns
25165824 operations across 72 thread(s) in 172.633653ms; time/op = 6ns
25165824 operations across 73 thread(s) in 184.594438ms; time/op = 7ns
25165824 operations across 74 thread(s) in 203.462756ms; time/op = 8ns
25165824 operations across 75 thread(s) in 183.701284ms; time/op = 7ns
25165824 operations across 76 thread(s) in 185.184439ms; time/op = 7ns
25165824 operations across 77 thread(s) in 175.558353ms; time/op = 6ns
25165824 operations across 78 thread(s) in 210.141048ms; time/op = 8ns
25165824 operations across 79 thread(s) in 179.952881ms; time/op = 7ns
25165824 operations across 80 thread(s) in 175.492828ms; time/op = 6ns
25165824 operations across 81 thread(s) in 189.431219ms; time/op = 7ns
25165824 operations across 82 thread(s) in 179.269624ms; time/op = 7ns
25165824 operations across 83 thread(s) in 179.411892ms; time/op = 7ns
25165824 operations across 84 thread(s) in 181.988256ms; time/op = 7ns
25165824 operations across 85 thread(s) in 178.06837ms; time/op = 7ns
25165824 operations across 86 thread(s) in 179.65575ms; time/op = 7ns
25165824 operations across 87 thread(s) in 174.686528ms; time/op = 6ns
25165824 operations across 88 thread(s) in 178.470217ms; time/op = 7ns
25165824 operations across 89 thread(s) in 171.574454ms; time/op = 6ns
25165824 operations across 90 thread(s) in 177.323987ms; time/op = 7ns
25165824 operations across 91 thread(s) in 176.692668ms; time/op = 7ns
25165824 operations across 92 thread(s) in 174.738315ms; time/op = 6ns
25165824 operations across 93 thread(s) in 195.038741ms; time/op = 7ns
25165824 operations across 94 thread(s) in 178.523627ms; time/op = 7ns
25165824 operations across 95 thread(s) in 174.681307ms; time/op = 6ns
25165824 operations across 96 thread(s) in 181.879239ms; time/op = 7ns
25165824 operations across 97 thread(s) in 188.266042ms; time/op = 7ns
25165824 operations across 98 thread(s) in 181.39167ms; time/op = 7ns
25165824 operations across 99 thread(s) in 178.026268ms; time/op = 7ns
25165824 operations across 100 thread(s) in 198.795869ms; time/op = 7ns
25165824 operations across 101 thread(s) in 183.413888ms; time/op = 7ns
25165824 operations across 102 thread(s) in 177.637626ms; time/op = 7ns
25165824 operations across 103 thread(s) in 184.692057ms; time/op = 7ns
25165824 operations across 104 thread(s) in 187.761219ms; time/op = 7ns
25165824 operations across 105 thread(s) in 173.485482ms; time/op = 6ns
25165824 operations across 106 thread(s) in 174.248901ms; time/op = 6ns
25165824 operations across 107 thread(s) in 176.947846ms; time/op = 7ns
25165824 operations across 108 thread(s) in 172.276064ms; time/op = 6ns
25165824 operations across 109 thread(s) in 164.798356ms; time/op = 6ns
25165824 operations across 110 thread(s) in 183.379082ms; time/op = 7ns
25165824 operations across 111 thread(s) in 186.545186ms; time/op = 7ns
25165824 operations across 112 thread(s) in 185.848985ms; time/op = 7ns
25165824 operations across 113 thread(s) in 185.049369ms; time/op = 7ns
25165824 operations across 114 thread(s) in 186.583017ms; time/op = 7ns
25165824 operations across 115 thread(s) in 164.590673ms; time/op = 6ns
25165824 operations across 116 thread(s) in 170.086197ms; time/op = 6ns
25165824 operations across 117 thread(s) in 172.494875ms; time/op = 6ns
25165824 operations across 118 thread(s) in 187.601626ms; time/op = 7ns
25165824 operations across 119 thread(s) in 178.182229ms; time/op = 7ns
25165824 operations across 120 thread(s) in 169.023484ms; time/op = 6ns
25165824 operations across 121 thread(s) in 168.047525ms; time/op = 6ns
25165824 operations across 122 thread(s) in 177.829534ms; time/op = 7ns
25165824 operations across 123 thread(s) in 181.535075ms; time/op = 7ns
25165824 operations across 124 thread(s) in 169.751825ms; time/op = 6ns
25165824 operations across 125 thread(s) in 179.464494ms; time/op = 7ns
25165824 operations across 126 thread(s) in 174.162405ms; time/op = 6ns
25165824 operations across 127 thread(s) in 177.632633ms; time/op = 7ns
25165824 operations across 128 thread(s) in 807.58961ms; time/op = 32ns
Uniform
25165824 operations across 1 thread(s) in 4.339257116s; time/op = 171ns
25165824 operations across 2 thread(s) in 3.105601819s; time/op = 123ns
25165824 operations across 3 thread(s) in 2.688742084s; time/op = 106ns
25165824 operations across 4 thread(s) in 2.52604716s; time/op = 99ns
25165824 operations across 5 thread(s) in 1.856781356s; time/op = 73ns
25165824 operations across 6 thread(s) in 2.194127674s; time/op = 86ns
25165824 operations across 7 thread(s) in 2.03502094s; time/op = 80ns
25165824 operations across 8 thread(s) in 1.998095982s; time/op = 78ns
25165824 operations across 9 thread(s) in 1.878020736s; time/op = 73ns
25165824 operations across 10 thread(s) in 1.897290178s; time/op = 74ns
25165824 operations across 11 thread(s) in 1.82606339s; time/op = 71ns
25165824 operations across 12 thread(s) in 1.650048812s; time/op = 64ns
25165824 operations across 13 thread(s) in 1.789174337s; time/op = 70ns
25165824 operations across 14 thread(s) in 1.836007398s; time/op = 72ns
25165824 operations across 15 thread(s) in 1.732784996s; time/op = 68ns
25165824 operations across 16 thread(s) in 1.470776878s; time/op = 57ns
25165824 operations across 17 thread(s) in 967.289546ms; time/op = 38ns
25165824 operations across 18 thread(s) in 1.802566808s; time/op = 70ns
25165824 operations across 19 thread(s) in 1.641498492s; time/op = 64ns
25165824 operations across 20 thread(s) in 1.505527118s; time/op = 59ns
25165824 operations across 21 thread(s) in 1.45821422s; time/op = 57ns
25165824 operations across 22 thread(s) in 1.399758871s; time/op = 54ns
25165824 operations across 23 thread(s) in 1.534820556s; time/op = 60ns
25165824 operations across 24 thread(s) in 1.441520583s; time/op = 56ns
25165824 operations across 25 thread(s) in 1.324151478s; time/op = 51ns
25165824 operations across 26 thread(s) in 1.404464983s; time/op = 55ns
25165824 operations across 27 thread(s) in 1.378815909s; time/op = 54ns
25165824 operations across 28 thread(s) in 1.236010507s; time/op = 48ns
25165824 operations across 29 thread(s) in 1.063723369s; time/op = 41ns
25165824 operations across 30 thread(s) in 1.187924833s; time/op = 46ns
25165824 operations across 31 thread(s) in 1.142621945s; time/op = 44ns
25165824 operations across 32 thread(s) in 1.084813048s; time/op = 42ns
25165824 operations across 33 thread(s) in 1.111225281s; time/op = 43ns
25165824 operations across 34 thread(s) in 1.045285188s; time/op = 40ns
25165824 operations across 35 thread(s) in 1.243168204s; time/op = 48ns
25165824 operations across 36 thread(s) in 1.068909976s; time/op = 41ns
25165824 operations across 37 thread(s) in 1.111573353s; time/op = 43ns
25165824 operations across 38 thread(s) in 1.122119408s; time/op = 43ns
25165824 operations across 39 thread(s) in 1.012789375s; time/op = 39ns
25165824 operations across 40 thread(s) in 1.03523213s; time/op = 40ns
25165824 operations across 41 thread(s) in 940.919729ms; time/op = 37ns
25165824 operations across 42 thread(s) in 945.515223ms; time/op = 37ns
25165824 operations across 43 thread(s) in 965.382187ms; time/op = 38ns
25165824 operations across 44 thread(s) in 988.166877ms; time/op = 39ns
25165824 operations across 45 thread(s) in 1.013781218s; time/op = 39ns
25165824 operations across 46 thread(s) in 1.043943895s; time/op = 40ns
25165824 operations across 47 thread(s) in 850.6637ms; time/op = 33ns
25165824 operations across 48 thread(s) in 916.007462ms; time/op = 36ns
25165824 operations across 49 thread(s) in 855.098779ms; time/op = 33ns
25165824 operations across 50 thread(s) in 935.700785ms; time/op = 37ns
25165824 operations across 51 thread(s) in 835.561792ms; time/op = 33ns
25165824 operations across 52 thread(s) in 830.079592ms; time/op = 32ns
25165824 operations across 53 thread(s) in 907.001736ms; time/op = 36ns
25165824 operations across 54 thread(s) in 1.003029531s; time/op = 39ns
25165824 operations across 55 thread(s) in 886.311656ms; time/op = 35ns
25165824 operations across 56 thread(s) in 814.173731ms; time/op = 32ns
25165824 operations across 57 thread(s) in 824.274908ms; time/op = 32ns
25165824 operations across 58 thread(s) in 818.675128ms; time/op = 32ns
25165824 operations across 59 thread(s) in 841.533165ms; time/op = 33ns
25165824 operations across 60 thread(s) in 886.810346ms; time/op = 35ns
25165824 operations across 61 thread(s) in 866.663721ms; time/op = 34ns
25165824 operations across 62 thread(s) in 774.596395ms; time/op = 30ns
25165824 operations across 63 thread(s) in 976.508179ms; time/op = 38ns
25165824 operations across 64 thread(s) in 814.676654ms; time/op = 32ns
25165824 operations across 65 thread(s) in 784.777068ms; time/op = 31ns
25165824 operations across 66 thread(s) in 785.653848ms; time/op = 31ns
25165824 operations across 67 thread(s) in 805.78563ms; time/op = 32ns
25165824 operations across 68 thread(s) in 830.144615ms; time/op = 32ns
25165824 operations across 69 thread(s) in 752.340959ms; time/op = 29ns
25165824 operations across 70 thread(s) in 743.189819ms; time/op = 29ns
25165824 operations across 71 thread(s) in 752.2688ms; time/op = 29ns
25165824 operations across 72 thread(s) in 690.243979ms; time/op = 27ns
25165824 operations across 73 thread(s) in 788.924167ms; time/op = 31ns
25165824 operations across 74 thread(s) in 758.251957ms; time/op = 30ns
25165824 operations across 75 thread(s) in 714.297917ms; time/op = 28ns
25165824 operations across 76 thread(s) in 704.977589ms; time/op = 28ns
25165824 operations across 77 thread(s) in 733.850417ms; time/op = 29ns
25165824 operations across 78 thread(s) in 779.667171ms; time/op = 30ns
25165824 operations across 79 thread(s) in 654.297215ms; time/op = 25ns
25165824 operations across 80 thread(s) in 685.008597ms; time/op = 27ns
25165824 operations across 81 thread(s) in 722.605628ms; time/op = 28ns
25165824 operations across 82 thread(s) in 659.791983ms; time/op = 26ns
25165824 operations across 83 thread(s) in 654.476589ms; time/op = 26ns
25165824 operations across 84 thread(s) in 738.872266ms; time/op = 29ns
25165824 operations across 85 thread(s) in 660.178317ms; time/op = 26ns
25165824 operations across 86 thread(s) in 685.574234ms; time/op = 27ns
25165824 operations across 87 thread(s) in 727.954687ms; time/op = 28ns
25165824 operations across 88 thread(s) in 692.393878ms; time/op = 27ns
25165824 operations across 89 thread(s) in 675.220166ms; time/op = 26ns
25165824 operations across 90 thread(s) in 709.46902ms; time/op = 28ns
25165824 operations across 91 thread(s) in 711.722304ms; time/op = 28ns
25165824 operations across 92 thread(s) in 698.234194ms; time/op = 27ns
25165824 operations across 93 thread(s) in 700.832138ms; time/op = 27ns
25165824 operations across 94 thread(s) in 679.680573ms; time/op = 27ns
25165824 operations across 95 thread(s) in 696.439259ms; time/op = 27ns
25165824 operations across 96 thread(s) in 698.758508ms; time/op = 27ns
25165824 operations across 97 thread(s) in 702.697506ms; time/op = 27ns
25165824 operations across 98 thread(s) in 677.904553ms; time/op = 26ns
25165824 operations across 99 thread(s) in 720.403897ms; time/op = 28ns
25165824 operations across 100 thread(s) in 682.129017ms; time/op = 27ns
25165824 operations across 101 thread(s) in 704.129017ms; time/op = 27ns
25165824 operations across 102 thread(s) in 695.93471ms; time/op = 27ns
25165824 operations across 103 thread(s) in 690.639956ms; time/op = 27ns
25165824 operations across 104 thread(s) in 653.035089ms; time/op = 25ns
25165824 operations across 105 thread(s) in 669.772655ms; time/op = 26ns
25165824 operations across 106 thread(s) in 688.375015ms; time/op = 27ns
25165824 operations across 107 thread(s) in 681.273317ms; time/op = 27ns
25165824 operations across 108 thread(s) in 714.357475ms; time/op = 28ns
25165824 operations across 109 thread(s) in 693.21596ms; time/op = 27ns
25165824 operations across 110 thread(s) in 665.24484ms; time/op = 26ns
25165824 operations across 111 thread(s) in 677.457094ms; time/op = 26ns
25165824 operations across 112 thread(s) in 679.303399ms; time/op = 26ns
25165824 operations across 113 thread(s) in 670.684823ms; time/op = 26ns
25165824 operations across 114 thread(s) in 652.627829ms; time/op = 25ns
25165824 operations across 115 thread(s) in 683.650955ms; time/op = 27ns
25165824 operations across 116 thread(s) in 687.246868ms; time/op = 27ns
25165824 operations across 117 thread(s) in 669.118699ms; time/op = 26ns
25165824 operations across 118 thread(s) in 676.071144ms; time/op = 26ns
25165824 operations across 119 thread(s) in 674.226547ms; time/op = 26ns
25165824 operations across 120 thread(s) in 664.123987ms; time/op = 26ns
25165824 operations across 121 thread(s) in 649.331933ms; time/op = 25ns
25165824 operations across 122 thread(s) in 637.676196ms; time/op = 25ns
25165824 operations across 123 thread(s) in 654.186766ms; time/op = 25ns
25165824 operations across 124 thread(s) in 646.85893ms; time/op = 25ns
25165824 operations across 125 thread(s) in 661.527651ms; time/op = 26ns
25165824 operations across 126 thread(s) in 639.652986ms; time/op = 25ns
25165824 operations across 127 thread(s) in 1.220776729s; time/op = 47ns
25165824 operations across 128 thread(s) in 621.86731ms; time/op = 24ns

 Performance counter stats for '/opt/data/CargoTarget/release/lighting-bench':

     14,744,166.09 msec task-clock                #   37.805 CPUs utilized          
         1,856,370      context-switches          #    0.126 K/sec                  
            75,890      cpu-migrations            #    0.005 K/sec                  
        60,756,672      page-faults               #    0.004 M/sec                  
60,656,419,213,524      cycles                    #    4.114 GHz                      (62.54%)
 1,604,408,665,170      stalled-cycles-frontend   #    2.65% frontend cycles idle     (62.54%)
20,417,259,822,063      stalled-cycles-backend    #   33.66% backend cycles idle      (62.54%)
 6,479,134,237,502      instructions              #    0.11  insn per cycle         
                                                  #    3.15  stalled cycles per insn  (62.50%)
   863,522,470,728      branches                  #   58.567 M/sec                    (62.47%)
     7,378,838,882      branch-misses             #    0.85% of all branches          (62.45%)
 3,513,796,541,562      L1-dcache-loads           #  238.318 M/sec                    (62.46%)
    52,074,549,532      L1-dcache-load-misses     #    1.48% of all L1-dcache hits    (62.49%)
   <not supported>      LLC-loads                                                   
   <not supported>      LLC-load-misses                                             

     390.001565726 seconds time elapsed

   14659.037011000 seconds user
      84.305345000 seconds sys


