Testing lock-free map
Insert heavy
25165824 operations across 1 thread(s) in 5.429420667s; time/op = 215ns
25165824 operations across 2 thread(s) in 3.87817801s; time/op = 153ns
25165824 operations across 3 thread(s) in 3.441069329s; time/op = 136ns
25165824 operations across 4 thread(s) in 2.974786794s; time/op = 117ns
25165824 operations across 5 thread(s) in 3.103164487s; time/op = 123ns
25165824 operations across 6 thread(s) in 3.299924781s; time/op = 130ns
25165824 operations across 7 thread(s) in 2.641287975s; time/op = 104ns
25165824 operations across 8 thread(s) in 2.653951665s; time/op = 104ns
25165824 operations across 9 thread(s) in 2.915444867s; time/op = 115ns
25165824 operations across 10 thread(s) in 2.595107839s; time/op = 102ns
25165824 operations across 11 thread(s) in 2.902104373s; time/op = 114ns
25165824 operations across 12 thread(s) in 2.847809675s; time/op = 112ns
25165824 operations across 13 thread(s) in 2.92052044s; time/op = 115ns
25165824 operations across 14 thread(s) in 2.5246017s; time/op = 99ns
25165824 operations across 15 thread(s) in 2.114875796s; time/op = 83ns
25165824 operations across 16 thread(s) in 2.918944534s; time/op = 115ns
25165824 operations across 17 thread(s) in 2.721645325s; time/op = 107ns
25165824 operations across 18 thread(s) in 2.605830271s; time/op = 103ns
25165824 operations across 19 thread(s) in 2.463926602s; time/op = 97ns
25165824 operations across 20 thread(s) in 2.380325066s; time/op = 94ns
25165824 operations across 21 thread(s) in 2.27510681s; time/op = 89ns
25165824 operations across 22 thread(s) in 2.169565187s; time/op = 85ns
25165824 operations across 23 thread(s) in 2.100079363s; time/op = 82ns
25165824 operations across 24 thread(s) in 2.136769751s; time/op = 84ns
25165824 operations across 25 thread(s) in 2.048163932s; time/op = 80ns
25165824 operations across 26 thread(s) in 1.7619084s; time/op = 69ns
25165824 operations across 27 thread(s) in 1.898998175s; time/op = 74ns
25165824 operations across 28 thread(s) in 1.765461052s; time/op = 69ns
25165824 operations across 29 thread(s) in 1.588193375s; time/op = 62ns
25165824 operations across 30 thread(s) in 1.864023753s; time/op = 73ns
25165824 operations across 31 thread(s) in 1.694586351s; time/op = 66ns
25165824 operations across 32 thread(s) in 1.60343278s; time/op = 62ns
25165824 operations across 33 thread(s) in 1.685948665s; time/op = 66ns
25165824 operations across 34 thread(s) in 1.751681371s; time/op = 68ns
25165824 operations across 35 thread(s) in 1.499204671s; time/op = 58ns
25165824 operations across 36 thread(s) in 1.603112084s; time/op = 62ns
25165824 operations across 37 thread(s) in 1.690712987s; time/op = 66ns
25165824 operations across 38 thread(s) in 1.540076369s; time/op = 60ns
25165824 operations across 39 thread(s) in 1.449477258s; time/op = 56ns
25165824 operations across 40 thread(s) in 1.549438836s; time/op = 60ns
25165824 operations across 41 thread(s) in 1.585562408s; time/op = 62ns
25165824 operations across 42 thread(s) in 1.512760605s; time/op = 59ns
25165824 operations across 43 thread(s) in 1.364677143s; time/op = 53ns
25165824 operations across 44 thread(s) in 1.489946752s; time/op = 58ns
25165824 operations across 45 thread(s) in 1.440067565s; time/op = 56ns
25165824 operations across 46 thread(s) in 1.441813476s; time/op = 56ns
25165824 operations across 47 thread(s) in 1.442590652s; time/op = 56ns
25165824 operations across 48 thread(s) in 1.491436475s; time/op = 58ns
25165824 operations across 49 thread(s) in 1.410879334s; time/op = 55ns
25165824 operations across 50 thread(s) in 1.40076223s; time/op = 54ns
25165824 operations across 51 thread(s) in 1.193959754s; time/op = 46ns
25165824 operations across 52 thread(s) in 1.233002941s; time/op = 48ns
25165824 operations across 53 thread(s) in 1.182555462s; time/op = 46ns
25165824 operations across 54 thread(s) in 1.293443122s; time/op = 50ns
25165824 operations across 55 thread(s) in 1.315184159s; time/op = 51ns
25165824 operations across 56 thread(s) in 1.275358561s; time/op = 49ns
25165824 operations across 57 thread(s) in 1.311708471s; time/op = 51ns
25165824 operations across 58 thread(s) in 1.177579723s; time/op = 46ns
25165824 operations across 59 thread(s) in 1.172161153s; time/op = 45ns
25165824 operations across 60 thread(s) in 1.174529119s; time/op = 45ns
25165824 operations across 61 thread(s) in 1.256916574s; time/op = 49ns
25165824 operations across 62 thread(s) in 1.178505921s; time/op = 46ns
25165824 operations across 63 thread(s) in 1.197560522s; time/op = 46ns
25165824 operations across 64 thread(s) in 1.121726463s; time/op = 43ns
25165824 operations across 65 thread(s) in 2.687788252s; time/op = 106ns
25165824 operations across 66 thread(s) in 1.309338361s; time/op = 51ns
25165824 operations across 67 thread(s) in 1.362843319s; time/op = 53ns
25165824 operations across 68 thread(s) in 1.232928284s; time/op = 48ns
25165824 operations across 69 thread(s) in 1.236268949s; time/op = 48ns
25165824 operations across 70 thread(s) in 1.168395753s; time/op = 45ns
25165824 operations across 71 thread(s) in 1.263513871s; time/op = 49ns
25165824 operations across 72 thread(s) in 1.023068757s; time/op = 39ns
25165824 operations across 73 thread(s) in 1.170462267s; time/op = 45ns
25165824 operations across 74 thread(s) in 1.168886332s; time/op = 45ns
25165824 operations across 75 thread(s) in 1.054385667s; time/op = 41ns
25165824 operations across 76 thread(s) in 1.174356834s; time/op = 45ns
25165824 operations across 77 thread(s) in 1.164414889s; time/op = 45ns
25165824 operations across 78 thread(s) in 1.148292771s; time/op = 44ns
25165824 operations across 79 thread(s) in 1.080978098s; time/op = 42ns
25165824 operations across 80 thread(s) in 1.269706123s; time/op = 49ns
25165824 operations across 81 thread(s) in 1.008479445s; time/op = 39ns
25165824 operations across 82 thread(s) in 1.050827256s; time/op = 41ns
25165824 operations across 83 thread(s) in 1.124758812s; time/op = 43ns
25165824 operations across 84 thread(s) in 1.034191804s; time/op = 40ns
25165824 operations across 85 thread(s) in 1.074686135s; time/op = 41ns
25165824 operations across 86 thread(s) in 1.122547844s; time/op = 43ns
25165824 operations across 87 thread(s) in 1.063788676s; time/op = 41ns
25165824 operations across 88 thread(s) in 1.012367791s; time/op = 39ns
25165824 operations across 89 thread(s) in 1.070837601s; time/op = 41ns
25165824 operations across 90 thread(s) in 1.070406726s; time/op = 41ns
25165824 operations across 91 thread(s) in 1.06083305s; time/op = 41ns
25165824 operations across 92 thread(s) in 1.021714441s; time/op = 39ns
25165824 operations across 93 thread(s) in 1.019623903s; time/op = 39ns
25165824 operations across 94 thread(s) in 1.031975933s; time/op = 40ns
25165824 operations across 95 thread(s) in 1.051688492s; time/op = 41ns
25165824 operations across 96 thread(s) in 1.027734027s; time/op = 40ns
25165824 operations across 97 thread(s) in 1.069447749s; time/op = 41ns
25165824 operations across 98 thread(s) in 1.000506929s; time/op = 39ns
25165824 operations across 99 thread(s) in 1.003890322s; time/op = 39ns
25165824 operations across 100 thread(s) in 986.880291ms; time/op = 39ns
25165824 operations across 101 thread(s) in 1.055673523s; time/op = 41ns
25165824 operations across 102 thread(s) in 1.031390498s; time/op = 40ns
25165824 operations across 103 thread(s) in 1.047110092s; time/op = 40ns
25165824 operations across 104 thread(s) in 1.000485713s; time/op = 39ns
25165824 operations across 105 thread(s) in 1.050858688s; time/op = 41ns
25165824 operations across 106 thread(s) in 1.039566259s; time/op = 40ns
25165824 operations across 107 thread(s) in 1.055343371s; time/op = 41ns
25165824 operations across 108 thread(s) in 998.54797ms; time/op = 39ns
25165824 operations across 109 thread(s) in 1.076733278s; time/op = 42ns
25165824 operations across 110 thread(s) in 993.77401ms; time/op = 39ns
25165824 operations across 111 thread(s) in 1.002951437s; time/op = 39ns
25165824 operations across 112 thread(s) in 1.010759879s; time/op = 39ns
25165824 operations across 113 thread(s) in 1.029853277s; time/op = 40ns
25165824 operations across 114 thread(s) in 999.246672ms; time/op = 39ns
25165824 operations across 115 thread(s) in 975.958855ms; time/op = 38ns
25165824 operations across 116 thread(s) in 1.023135609s; time/op = 39ns
25165824 operations across 117 thread(s) in 1.010149885s; time/op = 39ns
25165824 operations across 118 thread(s) in 1.036109539s; time/op = 40ns
25165824 operations across 119 thread(s) in 999.825792ms; time/op = 39ns
25165824 operations across 120 thread(s) in 1.007490911s; time/op = 39ns
25165824 operations across 121 thread(s) in 985.611458ms; time/op = 39ns
25165824 operations across 122 thread(s) in 970.922248ms; time/op = 38ns
25165824 operations across 123 thread(s) in 1.015265924s; time/op = 39ns
25165824 operations across 124 thread(s) in 969.30141ms; time/op = 38ns
25165824 operations across 125 thread(s) in 981.915242ms; time/op = 39ns
25165824 operations across 126 thread(s) in 967.534448ms; time/op = 38ns
25165824 operations across 127 thread(s) in 987.107341ms; time/op = 39ns
25165824 operations across 128 thread(s) in 991.882572ms; time/op = 39ns
Read heavy
25165824 operations across 1 thread(s) in 4.181042983s; time/op = 165ns
25165824 operations across 2 thread(s) in 1.716800922s; time/op = 67ns
25165824 operations across 3 thread(s) in 1.279317384s; time/op = 50ns
25165824 operations across 4 thread(s) in 975.981088ms; time/op = 38ns
25165824 operations across 5 thread(s) in 980.422555ms; time/op = 38ns
25165824 operations across 6 thread(s) in 837.633419ms; time/op = 33ns
25165824 operations across 7 thread(s) in 634.788839ms; time/op = 25ns
25165824 operations across 8 thread(s) in 757.759706ms; time/op = 30ns
25165824 operations across 9 thread(s) in 586.471905ms; time/op = 23ns
25165824 operations across 10 thread(s) in 615.141072ms; time/op = 24ns
25165824 operations across 11 thread(s) in 616.278356ms; time/op = 24ns
25165824 operations across 12 thread(s) in 549.497892ms; time/op = 21ns
25165824 operations across 13 thread(s) in 548.246866ms; time/op = 21ns
25165824 operations across 14 thread(s) in 524.83484ms; time/op = 20ns
25165824 operations across 15 thread(s) in 528.970168ms; time/op = 21ns
25165824 operations across 16 thread(s) in 457.894844ms; time/op = 18ns
25165824 operations across 17 thread(s) in 475.142714ms; time/op = 18ns
25165824 operations across 18 thread(s) in 437.352158ms; time/op = 17ns
25165824 operations across 19 thread(s) in 450.395661ms; time/op = 17ns
25165824 operations across 20 thread(s) in 408.54386ms; time/op = 16ns
25165824 operations across 21 thread(s) in 414.868706ms; time/op = 16ns
25165824 operations across 22 thread(s) in 397.205734ms; time/op = 15ns
25165824 operations across 23 thread(s) in 395.060064ms; time/op = 15ns
25165824 operations across 24 thread(s) in 376.714534ms; time/op = 14ns
25165824 operations across 25 thread(s) in 389.600168ms; time/op = 15ns
25165824 operations across 26 thread(s) in 359.625939ms; time/op = 14ns
25165824 operations across 27 thread(s) in 377.017886ms; time/op = 14ns
25165824 operations across 28 thread(s) in 350.239892ms; time/op = 13ns
25165824 operations across 29 thread(s) in 346.679455ms; time/op = 13ns
25165824 operations across 30 thread(s) in 357.764496ms; time/op = 14ns
25165824 operations across 31 thread(s) in 346.425816ms; time/op = 13ns
25165824 operations across 32 thread(s) in 338.834437ms; time/op = 13ns
25165824 operations across 33 thread(s) in 342.2215ms; time/op = 13ns
25165824 operations across 34 thread(s) in 327.71081ms; time/op = 13ns
25165824 operations across 35 thread(s) in 336.195938ms; time/op = 13ns
25165824 operations across 36 thread(s) in 315.328246ms; time/op = 12ns
25165824 operations across 37 thread(s) in 324.756204ms; time/op = 12ns
25165824 operations across 38 thread(s) in 321.16235ms; time/op = 12ns
25165824 operations across 39 thread(s) in 325.60213ms; time/op = 12ns
25165824 operations across 40 thread(s) in 308.908633ms; time/op = 12ns
25165824 operations across 41 thread(s) in 311.327023ms; time/op = 12ns
25165824 operations across 42 thread(s) in 290.423465ms; time/op = 11ns
25165824 operations across 43 thread(s) in 298.355336ms; time/op = 11ns
25165824 operations across 44 thread(s) in 306.17837ms; time/op = 12ns
25165824 operations across 45 thread(s) in 289.512993ms; time/op = 11ns
25165824 operations across 46 thread(s) in 299.830726ms; time/op = 11ns
25165824 operations across 47 thread(s) in 295.574009ms; time/op = 11ns
25165824 operations across 48 thread(s) in 307.663704ms; time/op = 12ns
25165824 operations across 49 thread(s) in 290.225077ms; time/op = 11ns
25165824 operations across 50 thread(s) in 285.909367ms; time/op = 11ns
25165824 operations across 51 thread(s) in 294.413448ms; time/op = 11ns
25165824 operations across 52 thread(s) in 289.59179ms; time/op = 11ns
25165824 operations across 53 thread(s) in 292.534456ms; time/op = 11ns
25165824 operations across 54 thread(s) in 283.29314ms; time/op = 11ns
25165824 operations across 55 thread(s) in 289.179172ms; time/op = 11ns
25165824 operations across 56 thread(s) in 268.315234ms; time/op = 10ns
25165824 operations across 57 thread(s) in 273.640192ms; time/op = 10ns
25165824 operations across 58 thread(s) in 297.975927ms; time/op = 11ns
25165824 operations across 59 thread(s) in 282.312834ms; time/op = 11ns
25165824 operations across 60 thread(s) in 281.749646ms; time/op = 11ns
25165824 operations across 61 thread(s) in 284.618467ms; time/op = 11ns
25165824 operations across 62 thread(s) in 288.27677ms; time/op = 11ns
25165824 operations across 63 thread(s) in 271.074522ms; time/op = 10ns
25165824 operations across 64 thread(s) in 1.437733606s; time/op = 56ns
25165824 operations across 65 thread(s) in 264.508629ms; time/op = 10ns
25165824 operations across 66 thread(s) in 277.963214ms; time/op = 11ns
25165824 operations across 67 thread(s) in 271.433946ms; time/op = 10ns
25165824 operations across 68 thread(s) in 277.81585ms; time/op = 11ns
25165824 operations across 69 thread(s) in 267.04553ms; time/op = 10ns
25165824 operations across 70 thread(s) in 275.625485ms; time/op = 10ns
25165824 operations across 71 thread(s) in 275.162906ms; time/op = 10ns
25165824 operations across 72 thread(s) in 269.844048ms; time/op = 10ns
25165824 operations across 73 thread(s) in 264.817361ms; time/op = 10ns
25165824 operations across 74 thread(s) in 255.056642ms; time/op = 10ns
25165824 operations across 75 thread(s) in 276.734649ms; time/op = 10ns
25165824 operations across 76 thread(s) in 288.813438ms; time/op = 11ns
25165824 operations across 77 thread(s) in 279.424592ms; time/op = 11ns
25165824 operations across 78 thread(s) in 284.244293ms; time/op = 11ns
25165824 operations across 79 thread(s) in 265.749708ms; time/op = 10ns
25165824 operations across 80 thread(s) in 267.77827ms; time/op = 10ns
25165824 operations across 81 thread(s) in 280.91038ms; time/op = 11ns
25165824 operations across 82 thread(s) in 271.90189ms; time/op = 10ns
25165824 operations across 83 thread(s) in 278.439528ms; time/op = 11ns
25165824 operations across 84 thread(s) in 255.612429ms; time/op = 10ns
25165824 operations across 85 thread(s) in 271.311347ms; time/op = 10ns
25165824 operations across 86 thread(s) in 275.635419ms; time/op = 10ns
25165824 operations across 87 thread(s) in 283.121981ms; time/op = 11ns
25165824 operations across 88 thread(s) in 270.327115ms; time/op = 10ns
25165824 operations across 89 thread(s) in 272.529789ms; time/op = 10ns
25165824 operations across 90 thread(s) in 266.839705ms; time/op = 10ns
25165824 operations across 91 thread(s) in 268.241308ms; time/op = 10ns
25165824 operations across 92 thread(s) in 313.303071ms; time/op = 12ns
25165824 operations across 93 thread(s) in 275.187637ms; time/op = 10ns
25165824 operations across 94 thread(s) in 264.921101ms; time/op = 10ns
25165824 operations across 95 thread(s) in 275.790707ms; time/op = 10ns
25165824 operations across 96 thread(s) in 286.792421ms; time/op = 11ns
25165824 operations across 97 thread(s) in 293.325626ms; time/op = 11ns
25165824 operations across 98 thread(s) in 279.244265ms; time/op = 11ns
25165824 operations across 99 thread(s) in 286.366659ms; time/op = 11ns
25165824 operations across 100 thread(s) in 283.302789ms; time/op = 11ns
25165824 operations across 101 thread(s) in 276.376806ms; time/op = 10ns
25165824 operations across 102 thread(s) in 288.043371ms; time/op = 11ns
25165824 operations across 103 thread(s) in 304.194808ms; time/op = 12ns
25165824 operations across 104 thread(s) in 295.008643ms; time/op = 11ns
25165824 operations across 105 thread(s) in 280.794562ms; time/op = 11ns
25165824 operations across 106 thread(s) in 323.697755ms; time/op = 12ns
25165824 operations across 107 thread(s) in 296.470196ms; time/op = 11ns
25165824 operations across 108 thread(s) in 283.358563ms; time/op = 11ns
25165824 operations across 109 thread(s) in 273.867945ms; time/op = 10ns
25165824 operations across 110 thread(s) in 284.961054ms; time/op = 11ns
25165824 operations across 111 thread(s) in 284.522763ms; time/op = 11ns
25165824 operations across 112 thread(s) in 298.893866ms; time/op = 11ns
25165824 operations across 113 thread(s) in 287.703855ms; time/op = 11ns
25165824 operations across 114 thread(s) in 302.496663ms; time/op = 12ns
25165824 operations across 115 thread(s) in 314.652537ms; time/op = 12ns
25165824 operations across 116 thread(s) in 336.852479ms; time/op = 13ns
25165824 operations across 117 thread(s) in 307.470038ms; time/op = 12ns
25165824 operations across 118 thread(s) in 290.459474ms; time/op = 11ns
25165824 operations across 119 thread(s) in 292.207576ms; time/op = 11ns
25165824 operations across 120 thread(s) in 323.735178ms; time/op = 12ns
25165824 operations across 121 thread(s) in 308.998183ms; time/op = 12ns
25165824 operations across 122 thread(s) in 313.986964ms; time/op = 12ns
25165824 operations across 123 thread(s) in 327.441702ms; time/op = 13ns
25165824 operations across 124 thread(s) in 306.737564ms; time/op = 12ns
25165824 operations across 125 thread(s) in 296.253891ms; time/op = 11ns
25165824 operations across 126 thread(s) in 312.785857ms; time/op = 12ns
25165824 operations across 127 thread(s) in 299.864185ms; time/op = 11ns
25165824 operations across 128 thread(s) in 1.604804783s; time/op = 63ns
Uniform
25165824 operations across 1 thread(s) in 4.415013612s; time/op = 174ns
25165824 operations across 2 thread(s) in 3.247499416s; time/op = 128ns
25165824 operations across 3 thread(s) in 3.29725677s; time/op = 130ns
25165824 operations across 4 thread(s) in 2.491511427s; time/op = 98ns
25165824 operations across 5 thread(s) in 2.141240821s; time/op = 84ns
25165824 operations across 6 thread(s) in 1.907153517s; time/op = 75ns
25165824 operations across 7 thread(s) in 2.134491588s; time/op = 84ns
25165824 operations across 8 thread(s) in 1.848352352s; time/op = 72ns
25165824 operations across 9 thread(s) in 1.729008809s; time/op = 67ns
25165824 operations across 10 thread(s) in 1.853384374s; time/op = 72ns
25165824 operations across 11 thread(s) in 1.696684186s; time/op = 66ns
25165824 operations across 12 thread(s) in 1.864164287s; time/op = 73ns
25165824 operations across 13 thread(s) in 2.018290688s; time/op = 79ns
25165824 operations across 14 thread(s) in 1.786834766s; time/op = 70ns
25165824 operations across 15 thread(s) in 1.821037202s; time/op = 71ns
25165824 operations across 16 thread(s) in 1.778443562s; time/op = 69ns
25165824 operations across 17 thread(s) in 1.752504798s; time/op = 68ns
25165824 operations across 18 thread(s) in 1.724019299s; time/op = 67ns
25165824 operations across 19 thread(s) in 1.577532016s; time/op = 61ns
25165824 operations across 20 thread(s) in 1.632878417s; time/op = 64ns
25165824 operations across 21 thread(s) in 1.506904555s; time/op = 59ns
25165824 operations across 22 thread(s) in 1.569807789s; time/op = 61ns
25165824 operations across 23 thread(s) in 1.654479611s; time/op = 65ns
25165824 operations across 24 thread(s) in 1.334542397s; time/op = 52ns
25165824 operations across 25 thread(s) in 1.37693088s; time/op = 53ns
25165824 operations across 26 thread(s) in 1.292861967s; time/op = 50ns
25165824 operations across 27 thread(s) in 1.410428855s; time/op = 55ns
25165824 operations across 28 thread(s) in 1.401844821s; time/op = 54ns
25165824 operations across 29 thread(s) in 1.325287237s; time/op = 51ns
25165824 operations across 30 thread(s) in 1.291556268s; time/op = 50ns
25165824 operations across 31 thread(s) in 1.276407393s; time/op = 49ns
25165824 operations across 32 thread(s) in 1.245818277s; time/op = 48ns
25165824 operations across 33 thread(s) in 1.208849113s; time/op = 47ns
25165824 operations across 34 thread(s) in 1.168796613s; time/op = 45ns
25165824 operations across 35 thread(s) in 1.183894281s; time/op = 46ns
25165824 operations across 36 thread(s) in 1.206773736s; time/op = 47ns
25165824 operations across 37 thread(s) in 1.120128975s; time/op = 43ns
25165824 operations across 38 thread(s) in 1.09651185s; time/op = 42ns
25165824 operations across 39 thread(s) in 1.010382181s; time/op = 39ns
25165824 operations across 40 thread(s) in 1.227071222s; time/op = 48ns
25165824 operations across 41 thread(s) in 1.096331633s; time/op = 42ns
25165824 operations across 42 thread(s) in 1.166241145s; time/op = 45ns
25165824 operations across 43 thread(s) in 1.14894115s; time/op = 44ns
25165824 operations across 44 thread(s) in 1.065409317s; time/op = 41ns
25165824 operations across 45 thread(s) in 1.090290281s; time/op = 42ns
25165824 operations across 46 thread(s) in 1.099025887s; time/op = 42ns
25165824 operations across 47 thread(s) in 1.059836637s; time/op = 41ns
25165824 operations across 48 thread(s) in 1.152079373s; time/op = 45ns
25165824 operations across 49 thread(s) in 989.689192ms; time/op = 39ns
25165824 operations across 50 thread(s) in 1.051401069s; time/op = 41ns
25165824 operations across 51 thread(s) in 987.261431ms; time/op = 39ns
25165824 operations across 52 thread(s) in 1.087100823s; time/op = 42ns
25165824 operations across 53 thread(s) in 1.024054215s; time/op = 39ns
25165824 operations across 54 thread(s) in 1.076648848s; time/op = 42ns
25165824 operations across 55 thread(s) in 997.790081ms; time/op = 39ns
25165824 operations across 56 thread(s) in 1.015297495s; time/op = 39ns
25165824 operations across 57 thread(s) in 1.000071576s; time/op = 39ns
25165824 operations across 58 thread(s) in 984.36661ms; time/op = 39ns
25165824 operations across 59 thread(s) in 956.197723ms; time/op = 37ns
25165824 operations across 60 thread(s) in 970.874248ms; time/op = 38ns
25165824 operations across 61 thread(s) in 938.585022ms; time/op = 37ns
25165824 operations across 62 thread(s) in 976.481289ms; time/op = 38ns
25165824 operations across 63 thread(s) in 2.317970787s; time/op = 91ns
25165824 operations across 64 thread(s) in 1.005939483s; time/op = 39ns
25165824 operations across 65 thread(s) in 1.048287731s; time/op = 40ns
25165824 operations across 66 thread(s) in 965.498272ms; time/op = 38ns
25165824 operations across 67 thread(s) in 845.752157ms; time/op = 33ns
25165824 operations across 68 thread(s) in 898.605641ms; time/op = 35ns
25165824 operations across 69 thread(s) in 868.041317ms; time/op = 34ns
25165824 operations across 70 thread(s) in 936.324235ms; time/op = 37ns
25165824 operations across 71 thread(s) in 918.530042ms; time/op = 36ns
25165824 operations across 72 thread(s) in 862.735637ms; time/op = 34ns
25165824 operations across 73 thread(s) in 907.95034ms; time/op = 36ns
25165824 operations across 74 thread(s) in 967.186771ms; time/op = 38ns
25165824 operations across 75 thread(s) in 930.680162ms; time/op = 36ns
25165824 operations across 76 thread(s) in 939.514336ms; time/op = 37ns
25165824 operations across 77 thread(s) in 866.723779ms; time/op = 34ns
25165824 operations across 78 thread(s) in 923.683578ms; time/op = 36ns
25165824 operations across 79 thread(s) in 936.833942ms; time/op = 37ns
25165824 operations across 80 thread(s) in 897.678723ms; time/op = 35ns
25165824 operations across 81 thread(s) in 825.354865ms; time/op = 32ns
25165824 operations across 82 thread(s) in 849.190212ms; time/op = 33ns
25165824 operations across 83 thread(s) in 853.136788ms; time/op = 33ns
25165824 operations across 84 thread(s) in 878.48039ms; time/op = 34ns
25165824 operations across 85 thread(s) in 842.221878ms; time/op = 33ns
25165824 operations across 86 thread(s) in 838.187942ms; time/op = 33ns
25165824 operations across 87 thread(s) in 892.284065ms; time/op = 35ns
25165824 operations across 88 thread(s) in 882.311371ms; time/op = 35ns
25165824 operations across 89 thread(s) in 857.336624ms; time/op = 34ns
25165824 operations across 90 thread(s) in 908.187573ms; time/op = 36ns
25165824 operations across 91 thread(s) in 868.726804ms; time/op = 34ns
25165824 operations across 92 thread(s) in 850.438364ms; time/op = 33ns
25165824 operations across 93 thread(s) in 862.45403ms; time/op = 34ns
25165824 operations across 94 thread(s) in 853.946949ms; time/op = 33ns
25165824 operations across 95 thread(s) in 847.378326ms; time/op = 33ns
25165824 operations across 96 thread(s) in 836.71682ms; time/op = 33ns
25165824 operations across 97 thread(s) in 861.990774ms; time/op = 34ns
25165824 operations across 98 thread(s) in 860.368453ms; time/op = 34ns
25165824 operations across 99 thread(s) in 859.593263ms; time/op = 34ns
25165824 operations across 100 thread(s) in 854.231928ms; time/op = 33ns
25165824 operations across 101 thread(s) in 851.389958ms; time/op = 33ns
25165824 operations across 102 thread(s) in 809.959801ms; time/op = 32ns
25165824 operations across 103 thread(s) in 860.011089ms; time/op = 34ns
25165824 operations across 104 thread(s) in 836.016703ms; time/op = 33ns
25165824 operations across 105 thread(s) in 830.721342ms; time/op = 33ns
25165824 operations across 106 thread(s) in 824.2838ms; time/op = 32ns
25165824 operations across 107 thread(s) in 859.853515ms; time/op = 34ns
25165824 operations across 108 thread(s) in 834.229599ms; time/op = 33ns
25165824 operations across 109 thread(s) in 828.018355ms; time/op = 32ns
25165824 operations across 110 thread(s) in 849.650015ms; time/op = 33ns
25165824 operations across 111 thread(s) in 816.441257ms; time/op = 32ns
25165824 operations across 112 thread(s) in 854.563637ms; time/op = 33ns
25165824 operations across 113 thread(s) in 854.348319ms; time/op = 33ns
25165824 operations across 114 thread(s) in 856.494328ms; time/op = 34ns
25165824 operations across 115 thread(s) in 813.317032ms; time/op = 32ns
25165824 operations across 116 thread(s) in 842.196053ms; time/op = 33ns
25165824 operations across 117 thread(s) in 814.962986ms; time/op = 32ns
25165824 operations across 118 thread(s) in 803.691008ms; time/op = 31ns
25165824 operations across 119 thread(s) in 815.041772ms; time/op = 32ns
25165824 operations across 120 thread(s) in 840.287808ms; time/op = 33ns
25165824 operations across 121 thread(s) in 820.311492ms; time/op = 32ns
25165824 operations across 122 thread(s) in 802.898797ms; time/op = 31ns
25165824 operations across 123 thread(s) in 831.111845ms; time/op = 33ns
25165824 operations across 124 thread(s) in 829.752843ms; time/op = 32ns
25165824 operations across 125 thread(s) in 817.219449ms; time/op = 32ns
25165824 operations across 126 thread(s) in 829.938002ms; time/op = 32ns
25165824 operations across 127 thread(s) in 2.161367515s; time/op = 85ns
25165824 operations across 128 thread(s) in 815.583357ms; time/op = 32ns

 Performance counter stats for '/opt/data/CargoTarget/release/lighting-bench':

     18,350,101.96 msec task-clock                #   44.465 CPUs utilized          
         3,528,407      context-switches          #    0.192 K/sec                  
           169,378      cpu-migrations            #    0.009 K/sec                  
       113,147,760      page-faults               #    0.006 M/sec                  
74,996,962,849,152      cycles                    #    4.087 GHz                      (62.48%)
 7,356,477,736,472      stalled-cycles-frontend   #    9.81% frontend cycles idle     (62.48%)
23,064,203,811,937      stalled-cycles-backend    #   30.75% backend cycles idle      (62.49%)
 7,582,715,132,136      instructions              #    0.10  insn per cycle         
                                                  #    3.04  stalled cycles per insn  (62.51%)
 1,107,559,868,133      branches                  #   60.357 M/sec                    (62.51%)
    11,083,464,811      branch-misses             #    1.00% of all branches          (62.51%)
 4,041,142,090,615      L1-dcache-loads           #  220.225 M/sec                    (62.50%)
    85,953,036,644      L1-dcache-load-misses     #    2.13% of all L1-dcache hits    (62.50%)
   <not supported>      LLC-loads                                                   
   <not supported>      LLC-load-misses                                             

     412.691013213 seconds time elapsed

   15160.019098000 seconds user
    3174.188467000 seconds sys


