Testing lock-free map
Insert heavy
25165824 operations across 1 thread(s) in 5.413796028s; time/op = 214ns
25165824 operations across 2 thread(s) in 3.918404478s; time/op = 155ns
25165824 operations across 3 thread(s) in 3.532795136s; time/op = 140ns
25165824 operations across 4 thread(s) in 2.942031835s; time/op = 116ns
25165824 operations across 5 thread(s) in 2.833061527s; time/op = 112ns
25165824 operations across 6 thread(s) in 2.40699968s; time/op = 95ns
25165824 operations across 7 thread(s) in 2.739789505s; time/op = 108ns
25165824 operations across 8 thread(s) in 2.51211558s; time/op = 99ns
25165824 operations across 9 thread(s) in 2.675441252s; time/op = 105ns
25165824 operations across 10 thread(s) in 2.691676489s; time/op = 106ns
25165824 operations across 11 thread(s) in 2.261060926s; time/op = 89ns
25165824 operations across 12 thread(s) in 2.253855287s; time/op = 89ns
25165824 operations across 13 thread(s) in 2.146374383s; time/op = 84ns
25165824 operations across 14 thread(s) in 2.386508711s; time/op = 94ns
25165824 operations across 15 thread(s) in 1.98598012s; time/op = 78ns
25165824 operations across 16 thread(s) in 2.370685801s; time/op = 93ns
25165824 operations across 17 thread(s) in 2.464892742s; time/op = 97ns
25165824 operations across 18 thread(s) in 2.466708132s; time/op = 97ns
25165824 operations across 19 thread(s) in 2.032358205s; time/op = 80ns
25165824 operations across 20 thread(s) in 2.221857347s; time/op = 87ns
25165824 operations across 21 thread(s) in 1.686765844s; time/op = 66ns
25165824 operations across 22 thread(s) in 2.146678277s; time/op = 84ns
25165824 operations across 23 thread(s) in 1.81601604s; time/op = 71ns
25165824 operations across 24 thread(s) in 1.931179854s; time/op = 76ns
25165824 operations across 25 thread(s) in 1.752294886s; time/op = 68ns
25165824 operations across 26 thread(s) in 1.849109558s; time/op = 72ns
25165824 operations across 27 thread(s) in 1.864035462s; time/op = 73ns
25165824 operations across 28 thread(s) in 1.818705316s; time/op = 71ns
25165824 operations across 29 thread(s) in 1.49779464s; time/op = 58ns
25165824 operations across 30 thread(s) in 1.695847798s; time/op = 66ns
25165824 operations across 31 thread(s) in 1.524977096s; time/op = 59ns
25165824 operations across 32 thread(s) in 1.534269923s; time/op = 60ns
25165824 operations across 33 thread(s) in 1.429293352s; time/op = 56ns
25165824 operations across 34 thread(s) in 1.496933408s; time/op = 58ns
25165824 operations across 35 thread(s) in 1.528581786s; time/op = 60ns
25165824 operations across 36 thread(s) in 1.51695846s; time/op = 59ns
25165824 operations across 37 thread(s) in 1.405182441s; time/op = 55ns
25165824 operations across 38 thread(s) in 1.402852301s; time/op = 55ns
25165824 operations across 39 thread(s) in 1.092945209s; time/op = 42ns
25165824 operations across 40 thread(s) in 1.295717616s; time/op = 50ns
25165824 operations across 41 thread(s) in 1.259724553s; time/op = 49ns
25165824 operations across 42 thread(s) in 1.19269936s; time/op = 46ns
25165824 operations across 43 thread(s) in 1.141991223s; time/op = 44ns
25165824 operations across 44 thread(s) in 1.157999825s; time/op = 45ns
25165824 operations across 45 thread(s) in 1.296971094s; time/op = 50ns
25165824 operations across 46 thread(s) in 1.241072274s; time/op = 48ns
25165824 operations across 47 thread(s) in 1.302741734s; time/op = 51ns
25165824 operations across 48 thread(s) in 1.393690206s; time/op = 54ns
25165824 operations across 49 thread(s) in 1.260063505s; time/op = 49ns
25165824 operations across 50 thread(s) in 1.086162558s; time/op = 42ns
25165824 operations across 51 thread(s) in 1.12814812s; time/op = 44ns
25165824 operations across 52 thread(s) in 1.10439381s; time/op = 43ns
25165824 operations across 53 thread(s) in 1.190305599s; time/op = 46ns
25165824 operations across 54 thread(s) in 1.129579533s; time/op = 44ns
25165824 operations across 55 thread(s) in 973.461932ms; time/op = 38ns
25165824 operations across 56 thread(s) in 1.121063029s; time/op = 43ns
25165824 operations across 57 thread(s) in 1.034222344s; time/op = 40ns
25165824 operations across 58 thread(s) in 1.102319129s; time/op = 43ns
25165824 operations across 59 thread(s) in 1.151541586s; time/op = 45ns
25165824 operations across 60 thread(s) in 998.377719ms; time/op = 39ns
25165824 operations across 61 thread(s) in 993.937509ms; time/op = 39ns
25165824 operations across 62 thread(s) in 1.001273578s; time/op = 39ns
25165824 operations across 63 thread(s) in 1.001621973s; time/op = 39ns
25165824 operations across 64 thread(s) in 1.001326594s; time/op = 39ns
25165824 operations across 65 thread(s) in 1.012161403s; time/op = 39ns
25165824 operations across 66 thread(s) in 936.009226ms; time/op = 37ns
25165824 operations across 67 thread(s) in 988.980293ms; time/op = 39ns
25165824 operations across 68 thread(s) in 1.000783271s; time/op = 39ns
25165824 operations across 69 thread(s) in 877.753921ms; time/op = 34ns
25165824 operations across 70 thread(s) in 1.022257421s; time/op = 39ns
25165824 operations across 71 thread(s) in 916.857633ms; time/op = 36ns
25165824 operations across 72 thread(s) in 938.797835ms; time/op = 37ns
25165824 operations across 73 thread(s) in 997.070956ms; time/op = 39ns
25165824 operations across 74 thread(s) in 990.66641ms; time/op = 39ns
25165824 operations across 75 thread(s) in 894.366793ms; time/op = 35ns
25165824 operations across 76 thread(s) in 908.530804ms; time/op = 36ns
25165824 operations across 77 thread(s) in 904.511029ms; time/op = 35ns
25165824 operations across 78 thread(s) in 917.204475ms; time/op = 36ns
25165824 operations across 79 thread(s) in 992.132046ms; time/op = 39ns
25165824 operations across 80 thread(s) in 921.381582ms; time/op = 36ns
25165824 operations across 81 thread(s) in 870.413501ms; time/op = 34ns
25165824 operations across 82 thread(s) in 979.235339ms; time/op = 38ns
25165824 operations across 83 thread(s) in 950.779561ms; time/op = 37ns
25165824 operations across 84 thread(s) in 876.387777ms; time/op = 34ns
25165824 operations across 85 thread(s) in 909.771248ms; time/op = 36ns
25165824 operations across 86 thread(s) in 845.444665ms; time/op = 33ns
25165824 operations across 87 thread(s) in 803.959977ms; time/op = 31ns
25165824 operations across 88 thread(s) in 848.29515ms; time/op = 33ns
25165824 operations across 89 thread(s) in 876.406975ms; time/op = 34ns
25165824 operations across 90 thread(s) in 952.026341ms; time/op = 37ns
25165824 operations across 91 thread(s) in 884.016549ms; time/op = 35ns
25165824 operations across 92 thread(s) in 864.737104ms; time/op = 34ns
25165824 operations across 93 thread(s) in 885.061067ms; time/op = 35ns
25165824 operations across 94 thread(s) in 858.440542ms; time/op = 34ns
25165824 operations across 95 thread(s) in 861.311386ms; time/op = 34ns
25165824 operations across 96 thread(s) in 879.050041ms; time/op = 34ns
25165824 operations across 97 thread(s) in 874.112575ms; time/op = 34ns
25165824 operations across 98 thread(s) in 859.208204ms; time/op = 34ns
25165824 operations across 99 thread(s) in 873.028005ms; time/op = 34ns
25165824 operations across 100 thread(s) in 895.475503ms; time/op = 35ns
25165824 operations across 101 thread(s) in 830.667364ms; time/op = 33ns
25165824 operations across 102 thread(s) in 819.308603ms; time/op = 32ns
25165824 operations across 103 thread(s) in 854.059854ms; time/op = 33ns
25165824 operations across 104 thread(s) in 839.967756ms; time/op = 33ns
25165824 operations across 105 thread(s) in 877.958117ms; time/op = 34ns
25165824 operations across 106 thread(s) in 861.862479ms; time/op = 34ns
25165824 operations across 107 thread(s) in 841.680102ms; time/op = 33ns
25165824 operations across 108 thread(s) in 831.109507ms; time/op = 33ns
25165824 operations across 109 thread(s) in 815.204339ms; time/op = 32ns
25165824 operations across 110 thread(s) in 876.252802ms; time/op = 34ns
25165824 operations across 111 thread(s) in 852.439034ms; time/op = 33ns
25165824 operations across 112 thread(s) in 837.230128ms; time/op = 33ns
25165824 operations across 113 thread(s) in 844.29732ms; time/op = 33ns
25165824 operations across 114 thread(s) in 831.458999ms; time/op = 33ns
25165824 operations across 115 thread(s) in 819.374418ms; time/op = 32ns
25165824 operations across 116 thread(s) in 846.697244ms; time/op = 33ns
25165824 operations across 117 thread(s) in 838.405099ms; time/op = 33ns
25165824 operations across 118 thread(s) in 822.240532ms; time/op = 32ns
25165824 operations across 119 thread(s) in 821.923963ms; time/op = 32ns
25165824 operations across 120 thread(s) in 823.140306ms; time/op = 32ns
25165824 operations across 121 thread(s) in 816.438441ms; time/op = 32ns
25165824 operations across 122 thread(s) in 810.759596ms; time/op = 32ns
25165824 operations across 123 thread(s) in 813.967657ms; time/op = 32ns
25165824 operations across 124 thread(s) in 804.006835ms; time/op = 31ns
25165824 operations across 125 thread(s) in 801.273677ms; time/op = 31ns
25165824 operations across 126 thread(s) in 801.025357ms; time/op = 31ns
25165824 operations across 127 thread(s) in 790.108069ms; time/op = 31ns
25165824 operations across 128 thread(s) in 814.29087ms; time/op = 32ns
Read heavy
25165824 operations across 1 thread(s) in 4.507045658s; time/op = 178ns
25165824 operations across 2 thread(s) in 2.119191221s; time/op = 83ns
25165824 operations across 3 thread(s) in 1.322658015s; time/op = 51ns
25165824 operations across 4 thread(s) in 971.783327ms; time/op = 38ns
25165824 operations across 5 thread(s) in 874.779031ms; time/op = 34ns
25165824 operations across 6 thread(s) in 786.504795ms; time/op = 31ns
25165824 operations across 7 thread(s) in 689.584388ms; time/op = 27ns
25165824 operations across 8 thread(s) in 662.760442ms; time/op = 26ns
25165824 operations across 9 thread(s) in 556.632856ms; time/op = 22ns
25165824 operations across 10 thread(s) in 559.155546ms; time/op = 22ns
25165824 operations across 11 thread(s) in 509.425636ms; time/op = 20ns
25165824 operations across 12 thread(s) in 469.660828ms; time/op = 18ns
25165824 operations across 13 thread(s) in 471.010003ms; time/op = 18ns
25165824 operations across 14 thread(s) in 415.229219ms; time/op = 16ns
25165824 operations across 15 thread(s) in 406.59477ms; time/op = 16ns
25165824 operations across 16 thread(s) in 368.353075ms; time/op = 14ns
25165824 operations across 17 thread(s) in 371.043009ms; time/op = 14ns
25165824 operations across 18 thread(s) in 360.25682ms; time/op = 14ns
25165824 operations across 19 thread(s) in 357.848888ms; time/op = 14ns
25165824 operations across 20 thread(s) in 343.134006ms; time/op = 13ns
25165824 operations across 21 thread(s) in 323.542075ms; time/op = 12ns
25165824 operations across 22 thread(s) in 307.67978ms; time/op = 12ns
25165824 operations across 23 thread(s) in 307.773618ms; time/op = 12ns
25165824 operations across 24 thread(s) in 301.177403ms; time/op = 11ns
25165824 operations across 25 thread(s) in 294.410907ms; time/op = 11ns
25165824 operations across 26 thread(s) in 286.788397ms; time/op = 11ns
25165824 operations across 27 thread(s) in 277.740378ms; time/op = 11ns
25165824 operations across 28 thread(s) in 275.205685ms; time/op = 10ns
25165824 operations across 29 thread(s) in 271.659956ms; time/op = 10ns
25165824 operations across 30 thread(s) in 268.841098ms; time/op = 10ns
25165824 operations across 31 thread(s) in 253.470029ms; time/op = 10ns
25165824 operations across 32 thread(s) in 252.19247ms; time/op = 10ns
25165824 operations across 33 thread(s) in 249.016177ms; time/op = 9ns
25165824 operations across 34 thread(s) in 238.332852ms; time/op = 9ns
25165824 operations across 35 thread(s) in 243.999833ms; time/op = 9ns
25165824 operations across 36 thread(s) in 243.764941ms; time/op = 9ns
25165824 operations across 37 thread(s) in 236.165363ms; time/op = 9ns
25165824 operations across 38 thread(s) in 228.809956ms; time/op = 9ns
25165824 operations across 39 thread(s) in 236.256555ms; time/op = 9ns
25165824 operations across 40 thread(s) in 226.179514ms; time/op = 8ns
25165824 operations across 41 thread(s) in 226.653929ms; time/op = 9ns
25165824 operations across 42 thread(s) in 224.469198ms; time/op = 8ns
25165824 operations across 43 thread(s) in 225.418358ms; time/op = 8ns
25165824 operations across 44 thread(s) in 211.876721ms; time/op = 8ns
25165824 operations across 45 thread(s) in 218.532718ms; time/op = 8ns
25165824 operations across 46 thread(s) in 210.267144ms; time/op = 8ns
25165824 operations across 47 thread(s) in 209.169012ms; time/op = 8ns
25165824 operations across 48 thread(s) in 206.207846ms; time/op = 8ns
25165824 operations across 49 thread(s) in 205.685781ms; time/op = 8ns
25165824 operations across 50 thread(s) in 201.350452ms; time/op = 8ns
25165824 operations across 51 thread(s) in 205.874978ms; time/op = 8ns
25165824 operations across 52 thread(s) in 195.288907ms; time/op = 7ns
25165824 operations across 53 thread(s) in 201.602187ms; time/op = 8ns
25165824 operations across 54 thread(s) in 199.57353ms; time/op = 7ns
25165824 operations across 55 thread(s) in 192.685796ms; time/op = 7ns
25165824 operations across 56 thread(s) in 197.864946ms; time/op = 7ns
25165824 operations across 57 thread(s) in 189.817124ms; time/op = 7ns
25165824 operations across 58 thread(s) in 193.348025ms; time/op = 7ns
25165824 operations across 59 thread(s) in 208.072653ms; time/op = 8ns
25165824 operations across 60 thread(s) in 183.575028ms; time/op = 7ns
25165824 operations across 61 thread(s) in 193.312087ms; time/op = 7ns
25165824 operations across 62 thread(s) in 192.80522ms; time/op = 7ns
25165824 operations across 63 thread(s) in 185.19848ms; time/op = 7ns
25165824 operations across 64 thread(s) in 808.11422ms; time/op = 32ns
25165824 operations across 65 thread(s) in 179.121947ms; time/op = 7ns
25165824 operations across 66 thread(s) in 181.594981ms; time/op = 7ns
25165824 operations across 67 thread(s) in 185.516479ms; time/op = 7ns
25165824 operations across 68 thread(s) in 180.147641ms; time/op = 7ns
25165824 operations across 69 thread(s) in 180.783962ms; time/op = 7ns
25165824 operations across 70 thread(s) in 181.808194ms; time/op = 7ns
25165824 operations across 71 thread(s) in 175.746908ms; time/op = 6ns
25165824 operations across 72 thread(s) in 183.098527ms; time/op = 7ns
25165824 operations across 73 thread(s) in 190.540086ms; time/op = 7ns
25165824 operations across 74 thread(s) in 176.788434ms; time/op = 7ns
25165824 operations across 75 thread(s) in 188.20511ms; time/op = 7ns
25165824 operations across 76 thread(s) in 180.226239ms; time/op = 7ns
25165824 operations across 77 thread(s) in 176.14532ms; time/op = 6ns
25165824 operations across 78 thread(s) in 174.863812ms; time/op = 6ns
25165824 operations across 79 thread(s) in 180.931148ms; time/op = 7ns
25165824 operations across 80 thread(s) in 169.056787ms; time/op = 6ns
25165824 operations across 81 thread(s) in 183.931699ms; time/op = 7ns
25165824 operations across 82 thread(s) in 179.085687ms; time/op = 7ns
25165824 operations across 83 thread(s) in 172.218551ms; time/op = 6ns
25165824 operations across 84 thread(s) in 175.552501ms; time/op = 6ns
25165824 operations across 85 thread(s) in 167.957763ms; time/op = 6ns
25165824 operations across 86 thread(s) in 173.825302ms; time/op = 6ns
25165824 operations across 87 thread(s) in 169.159279ms; time/op = 6ns
25165824 operations across 88 thread(s) in 174.929666ms; time/op = 6ns
25165824 operations across 89 thread(s) in 183.082526ms; time/op = 7ns
25165824 operations across 90 thread(s) in 173.07166ms; time/op = 6ns
25165824 operations across 91 thread(s) in 176.226321ms; time/op = 7ns
25165824 operations across 92 thread(s) in 179.517571ms; time/op = 7ns
25165824 operations across 93 thread(s) in 184.130002ms; time/op = 7ns
25165824 operations across 94 thread(s) in 178.484802ms; time/op = 7ns
25165824 operations across 95 thread(s) in 172.594269ms; time/op = 6ns
25165824 operations across 96 thread(s) in 169.980808ms; time/op = 6ns
25165824 operations across 97 thread(s) in 167.662576ms; time/op = 6ns
25165824 operations across 98 thread(s) in 181.934329ms; time/op = 7ns
25165824 operations across 99 thread(s) in 175.281227ms; time/op = 6ns
25165824 operations across 100 thread(s) in 158.458472ms; time/op = 6ns
25165824 operations across 101 thread(s) in 169.393471ms; time/op = 6ns
25165824 operations across 102 thread(s) in 165.74648ms; time/op = 6ns
25165824 operations across 103 thread(s) in 159.949935ms; time/op = 6ns
25165824 operations across 104 thread(s) in 174.924816ms; time/op = 6ns
25165824 operations across 105 thread(s) in 174.448897ms; time/op = 6ns
25165824 operations across 106 thread(s) in 174.380568ms; time/op = 6ns
25165824 operations across 107 thread(s) in 183.797353ms; time/op = 7ns
25165824 operations across 108 thread(s) in 178.252633ms; time/op = 7ns
25165824 operations across 109 thread(s) in 170.631976ms; time/op = 6ns
25165824 operations across 110 thread(s) in 164.360846ms; time/op = 6ns
25165824 operations across 111 thread(s) in 173.413434ms; time/op = 6ns
25165824 operations across 112 thread(s) in 181.805294ms; time/op = 7ns
25165824 operations across 113 thread(s) in 165.94853ms; time/op = 6ns
25165824 operations across 114 thread(s) in 173.907656ms; time/op = 6ns
25165824 operations across 115 thread(s) in 173.049636ms; time/op = 6ns
25165824 operations across 116 thread(s) in 164.803049ms; time/op = 6ns
25165824 operations across 117 thread(s) in 175.642908ms; time/op = 6ns
25165824 operations across 118 thread(s) in 165.426465ms; time/op = 6ns
25165824 operations across 119 thread(s) in 176.731511ms; time/op = 7ns
25165824 operations across 120 thread(s) in 175.418305ms; time/op = 6ns
25165824 operations across 121 thread(s) in 166.645514ms; time/op = 6ns
25165824 operations across 122 thread(s) in 163.384102ms; time/op = 6ns
25165824 operations across 123 thread(s) in 179.82111ms; time/op = 7ns
25165824 operations across 124 thread(s) in 172.043468ms; time/op = 6ns
25165824 operations across 125 thread(s) in 162.724637ms; time/op = 6ns
25165824 operations across 126 thread(s) in 164.076007ms; time/op = 6ns
25165824 operations across 127 thread(s) in 172.8455ms; time/op = 6ns
25165824 operations across 128 thread(s) in 855.497271ms; time/op = 33ns
Uniform
25165824 operations across 1 thread(s) in 4.359094631s; time/op = 172ns
25165824 operations across 2 thread(s) in 3.2604224s; time/op = 129ns
25165824 operations across 3 thread(s) in 2.135230596s; time/op = 84ns
25165824 operations across 4 thread(s) in 2.038476356s; time/op = 80ns
25165824 operations across 5 thread(s) in 1.819519906s; time/op = 71ns
25165824 operations across 6 thread(s) in 2.051977453s; time/op = 81ns
25165824 operations across 7 thread(s) in 1.314884963s; time/op = 51ns
25165824 operations across 8 thread(s) in 1.622453365s; time/op = 63ns
25165824 operations across 9 thread(s) in 1.631794151s; time/op = 64ns
25165824 operations across 10 thread(s) in 1.812551877s; time/op = 71ns
25165824 operations across 11 thread(s) in 1.833489039s; time/op = 72ns
25165824 operations across 12 thread(s) in 1.621980676s; time/op = 63ns
25165824 operations across 13 thread(s) in 1.813781843s; time/op = 71ns
25165824 operations across 14 thread(s) in 1.663090378s; time/op = 65ns
25165824 operations across 15 thread(s) in 1.339141455s; time/op = 52ns
25165824 operations across 16 thread(s) in 1.292510536s; time/op = 50ns
25165824 operations across 17 thread(s) in 1.602128154s; time/op = 62ns
25165824 operations across 18 thread(s) in 1.401187251s; time/op = 54ns
25165824 operations across 19 thread(s) in 1.433926979s; time/op = 56ns
25165824 operations across 20 thread(s) in 1.343277552s; time/op = 52ns
25165824 operations across 21 thread(s) in 1.5844064s; time/op = 62ns
25165824 operations across 22 thread(s) in 1.164341999s; time/op = 45ns
25165824 operations across 23 thread(s) in 1.237503029s; time/op = 48ns
25165824 operations across 24 thread(s) in 1.472641967s; time/op = 57ns
25165824 operations across 25 thread(s) in 1.379633341s; time/op = 54ns
25165824 operations across 26 thread(s) in 1.304059465s; time/op = 51ns
25165824 operations across 27 thread(s) in 1.352211035s; time/op = 52ns
25165824 operations across 28 thread(s) in 1.227638849s; time/op = 48ns
25165824 operations across 29 thread(s) in 1.189755834s; time/op = 46ns
25165824 operations across 30 thread(s) in 1.338343107s; time/op = 52ns
25165824 operations across 31 thread(s) in 1.074979405s; time/op = 41ns
25165824 operations across 32 thread(s) in 1.326683277s; time/op = 51ns
25165824 operations across 33 thread(s) in 1.113107095s; time/op = 43ns
25165824 operations across 34 thread(s) in 1.111222037s; time/op = 43ns
25165824 operations across 35 thread(s) in 991.081793ms; time/op = 39ns
25165824 operations across 36 thread(s) in 1.153787799s; time/op = 45ns
25165824 operations across 37 thread(s) in 1.014424513s; time/op = 39ns
25165824 operations across 38 thread(s) in 902.86651ms; time/op = 35ns
25165824 operations across 39 thread(s) in 986.684501ms; time/op = 39ns
25165824 operations across 40 thread(s) in 1.184642575s; time/op = 46ns
25165824 operations across 41 thread(s) in 1.008097822s; time/op = 39ns
25165824 operations across 42 thread(s) in 1.003061981s; time/op = 39ns
25165824 operations across 43 thread(s) in 942.967549ms; time/op = 37ns
25165824 operations across 44 thread(s) in 952.092991ms; time/op = 37ns
25165824 operations across 45 thread(s) in 876.785571ms; time/op = 34ns
25165824 operations across 46 thread(s) in 968.914621ms; time/op = 38ns
25165824 operations across 47 thread(s) in 913.417942ms; time/op = 36ns
25165824 operations across 48 thread(s) in 878.309913ms; time/op = 34ns
25165824 operations across 49 thread(s) in 893.355694ms; time/op = 35ns
25165824 operations across 50 thread(s) in 860.045898ms; time/op = 34ns
25165824 operations across 51 thread(s) in 746.000735ms; time/op = 29ns
25165824 operations across 52 thread(s) in 969.909269ms; time/op = 38ns
25165824 operations across 53 thread(s) in 825.615867ms; time/op = 32ns
25165824 operations across 54 thread(s) in 875.971185ms; time/op = 34ns
25165824 operations across 55 thread(s) in 961.155343ms; time/op = 38ns
25165824 operations across 56 thread(s) in 917.488039ms; time/op = 36ns
25165824 operations across 57 thread(s) in 817.351953ms; time/op = 32ns
25165824 operations across 58 thread(s) in 789.9693ms; time/op = 31ns
25165824 operations across 59 thread(s) in 845.936964ms; time/op = 33ns
25165824 operations across 60 thread(s) in 788.167498ms; time/op = 31ns
25165824 operations across 61 thread(s) in 777.738675ms; time/op = 30ns
25165824 operations across 62 thread(s) in 784.266218ms; time/op = 31ns
25165824 operations across 63 thread(s) in 921.008742ms; time/op = 36ns
25165824 operations across 64 thread(s) in 741.606734ms; time/op = 29ns
25165824 operations across 65 thread(s) in 792.872801ms; time/op = 31ns
25165824 operations across 66 thread(s) in 756.625354ms; time/op = 30ns
25165824 operations across 67 thread(s) in 769.709845ms; time/op = 30ns
25165824 operations across 68 thread(s) in 729.29648ms; time/op = 28ns
25165824 operations across 69 thread(s) in 778.407268ms; time/op = 30ns
25165824 operations across 70 thread(s) in 746.225122ms; time/op = 29ns
25165824 operations across 71 thread(s) in 734.664954ms; time/op = 29ns
25165824 operations across 72 thread(s) in 756.412077ms; time/op = 30ns
25165824 operations across 73 thread(s) in 761.571999ms; time/op = 30ns
25165824 operations across 74 thread(s) in 786.544625ms; time/op = 31ns
25165824 operations across 75 thread(s) in 774.873919ms; time/op = 30ns
25165824 operations across 76 thread(s) in 707.28403ms; time/op = 28ns
25165824 operations across 77 thread(s) in 687.67525ms; time/op = 27ns
25165824 operations across 78 thread(s) in 721.800492ms; time/op = 28ns
25165824 operations across 79 thread(s) in 659.403048ms; time/op = 26ns
25165824 operations across 80 thread(s) in 677.433018ms; time/op = 26ns
25165824 operations across 81 thread(s) in 673.96737ms; time/op = 26ns
25165824 operations across 82 thread(s) in 705.189835ms; time/op = 28ns
25165824 operations across 83 thread(s) in 687.770477ms; time/op = 27ns
25165824 operations across 84 thread(s) in 669.86037ms; time/op = 26ns
25165824 operations across 85 thread(s) in 631.228889ms; time/op = 25ns
25165824 operations across 86 thread(s) in 669.014374ms; time/op = 26ns
25165824 operations across 87 thread(s) in 691.908169ms; time/op = 27ns
25165824 operations across 88 thread(s) in 702.120301ms; time/op = 27ns
25165824 operations across 89 thread(s) in 705.610945ms; time/op = 28ns
25165824 operations across 90 thread(s) in 732.261205ms; time/op = 29ns
25165824 operations across 91 thread(s) in 691.000844ms; time/op = 27ns
25165824 operations across 92 thread(s) in 688.331838ms; time/op = 27ns
25165824 operations across 93 thread(s) in 700.029284ms; time/op = 27ns
25165824 operations across 94 thread(s) in 670.662968ms; time/op = 26ns
25165824 operations across 95 thread(s) in 735.91255ms; time/op = 29ns
25165824 operations across 96 thread(s) in 695.989201ms; time/op = 27ns
25165824 operations across 97 thread(s) in 670.073444ms; time/op = 26ns
25165824 operations across 98 thread(s) in 695.288587ms; time/op = 27ns
25165824 operations across 99 thread(s) in 697.256108ms; time/op = 27ns
25165824 operations across 100 thread(s) in 679.58801ms; time/op = 27ns
25165824 operations across 101 thread(s) in 687.006923ms; time/op = 27ns
25165824 operations across 102 thread(s) in 695.579854ms; time/op = 27ns
25165824 operations across 103 thread(s) in 665.782556ms; time/op = 26ns
25165824 operations across 104 thread(s) in 685.644211ms; time/op = 27ns
25165824 operations across 105 thread(s) in 684.468753ms; time/op = 27ns
25165824 operations across 106 thread(s) in 661.786376ms; time/op = 26ns
25165824 operations across 107 thread(s) in 677.87817ms; time/op = 26ns
25165824 operations across 108 thread(s) in 674.494716ms; time/op = 26ns
25165824 operations across 109 thread(s) in 690.332822ms; time/op = 27ns
25165824 operations across 110 thread(s) in 675.81196ms; time/op = 26ns
25165824 operations across 111 thread(s) in 682.705292ms; time/op = 27ns
25165824 operations across 112 thread(s) in 653.188384ms; time/op = 25ns
25165824 operations across 113 thread(s) in 675.75985ms; time/op = 26ns
25165824 operations across 114 thread(s) in 685.006281ms; time/op = 27ns
25165824 operations across 115 thread(s) in 677.185057ms; time/op = 26ns
25165824 operations across 116 thread(s) in 660.16411ms; time/op = 26ns
25165824 operations across 117 thread(s) in 665.137019ms; time/op = 26ns
25165824 operations across 118 thread(s) in 664.018759ms; time/op = 26ns
25165824 operations across 119 thread(s) in 681.127761ms; time/op = 27ns
25165824 operations across 120 thread(s) in 639.699714ms; time/op = 25ns
25165824 operations across 121 thread(s) in 686.528447ms; time/op = 27ns
25165824 operations across 122 thread(s) in 654.262143ms; time/op = 25ns
25165824 operations across 123 thread(s) in 681.957954ms; time/op = 27ns
25165824 operations across 124 thread(s) in 638.490381ms; time/op = 25ns
25165824 operations across 125 thread(s) in 646.577486ms; time/op = 25ns
25165824 operations across 126 thread(s) in 635.794285ms; time/op = 25ns
25165824 operations across 127 thread(s) in 1.196019212s; time/op = 46ns
25165824 operations across 128 thread(s) in 619.889412ms; time/op = 24ns

 Performance counter stats for '/opt/data/CargoTarget/release/lighting-bench':

     14,737,208.44 msec task-clock                #   38.245 CPUs utilized          
         1,993,367      context-switches          #    0.135 K/sec                  
            77,826      cpu-migrations            #    0.005 K/sec                  
        61,831,104      page-faults               #    0.004 M/sec                  
60,542,602,738,041      cycles                    #    4.108 GHz                      (62.49%)
 1,566,643,704,840      stalled-cycles-frontend   #    2.59% frontend cycles idle     (62.47%)
19,126,809,114,070      stalled-cycles-backend    #   31.59% backend cycles idle      (62.45%)
 6,493,990,757,700      instructions              #    0.11  insn per cycle         
                                                  #    2.95  stalled cycles per insn  (62.46%)
   864,784,263,262      branches                  #   58.680 M/sec                    (62.50%)
     7,431,067,785      branch-misses             #    0.86% of all branches          (62.54%)
 3,511,883,438,916      L1-dcache-loads           #  238.300 M/sec                    (62.55%)
    51,736,438,001      L1-dcache-load-misses     #    1.47% of all L1-dcache hits    (62.53%)
   <not supported>      LLC-loads                                                   
   <not supported>      LLC-load-misses                                             

     385.336517175 seconds time elapsed

   14652.106641000 seconds user
      84.209074000 seconds sys


