Testing mutex std map
Insert heavy
25165824 operations across 1 thread(s) in 5.999030337s; time/op = 237ns
25165824 operations across 2 thread(s) in 14.037403583s; time/op = 557ns
25165824 operations across 3 thread(s) in 17.816453552s; time/op = 707ns
25165824 operations across 4 thread(s) in 15.041617394s; time/op = 597ns
25165824 operations across 5 thread(s) in 16.330016289s; time/op = 648ns
25165824 operations across 6 thread(s) in 16.535251742s; time/op = 656ns
25165824 operations across 7 thread(s) in 16.814602529s; time/op = 667ns
25165824 operations across 8 thread(s) in 17.384238024s; time/op = 690ns
25165824 operations across 9 thread(s) in 18.951577864s; time/op = 752ns
25165824 operations across 10 thread(s) in 18.696440272s; time/op = 742ns
25165824 operations across 11 thread(s) in 19.271894484s; time/op = 764ns
25165824 operations across 12 thread(s) in 20.351228153s; time/op = 807ns
25165824 operations across 13 thread(s) in 20.918651926s; time/op = 830ns
25165824 operations across 14 thread(s) in 21.696911675s; time/op = 861ns
25165824 operations across 15 thread(s) in 20.215079181s; time/op = 802ns
25165824 operations across 16 thread(s) in 20.051349427s; time/op = 796ns
25165824 operations across 17 thread(s) in 22.784204371s; time/op = 905ns
25165824 operations across 18 thread(s) in 18.527701005s; time/op = 735ns
25165824 operations across 19 thread(s) in 19.470481173s; time/op = 772ns
25165824 operations across 20 thread(s) in 21.270427726s; time/op = 844ns
25165824 operations across 21 thread(s) in 20.122827946s; time/op = 798ns
25165824 operations across 22 thread(s) in 20.653696178s; time/op = 819ns
25165824 operations across 23 thread(s) in 20.581961059s; time/op = 817ns
25165824 operations across 24 thread(s) in 21.255731828s; time/op = 844ns
25165824 operations across 25 thread(s) in 21.561089895s; time/op = 856ns
25165824 operations across 26 thread(s) in 19.515714899s; time/op = 774ns
25165824 operations across 27 thread(s) in 21.056084788s; time/op = 836ns
25165824 operations across 28 thread(s) in 21.512779113s; time/op = 854ns
25165824 operations across 29 thread(s) in 21.98172275s; time/op = 873ns
25165824 operations across 30 thread(s) in 22.300852518s; time/op = 885ns
25165824 operations across 31 thread(s) in 21.66377239s; time/op = 860ns
25165824 operations across 32 thread(s) in 21.898113865s; time/op = 869ns
25165824 operations across 33 thread(s) in 22.711635379s; time/op = 902ns
25165824 operations across 34 thread(s) in 22.205588382s; time/op = 882ns
25165824 operations across 35 thread(s) in 20.811039024s; time/op = 826ns
25165824 operations across 36 thread(s) in 22.178366007s; time/op = 881ns
25165824 operations across 37 thread(s) in 21.877609543s; time/op = 868ns
25165824 operations across 38 thread(s) in 22.438443491s; time/op = 891ns
25165824 operations across 39 thread(s) in 20.112710336s; time/op = 798ns
25165824 operations across 40 thread(s) in 20.495008158s; time/op = 813ns
25165824 operations across 41 thread(s) in 22.60282471s; time/op = 897ns
25165824 operations across 42 thread(s) in 22.175190937s; time/op = 880ns
25165824 operations across 43 thread(s) in 19.912588979s; time/op = 790ns
25165824 operations across 44 thread(s) in 23.208473866s; time/op = 921ns
25165824 operations across 45 thread(s) in 21.348998831s; time/op = 847ns
25165824 operations across 46 thread(s) in 21.927446439s; time/op = 870ns
25165824 operations across 47 thread(s) in 22.289083816s; time/op = 885ns
25165824 operations across 48 thread(s) in 19.164838885s; time/op = 760ns
25165824 operations across 49 thread(s) in 22.456603639s; time/op = 892ns
25165824 operations across 50 thread(s) in 22.833457769s; time/op = 907ns
25165824 operations across 51 thread(s) in 21.276200524s; time/op = 844ns
25165824 operations across 52 thread(s) in 21.463071643s; time/op = 852ns
25165824 operations across 53 thread(s) in 19.680031164s; time/op = 781ns
25165824 operations across 54 thread(s) in 22.019984718s; time/op = 874ns
25165824 operations across 55 thread(s) in 20.359129317s; time/op = 808ns
25165824 operations across 56 thread(s) in 21.955783063s; time/op = 871ns
25165824 operations across 57 thread(s) in 18.704404247s; time/op = 742ns
25165824 operations across 58 thread(s) in 20.544902788s; time/op = 815ns
25165824 operations across 59 thread(s) in 22.297819414s; time/op = 885ns
25165824 operations across 60 thread(s) in 20.576119858s; time/op = 816ns
25165824 operations across 61 thread(s) in 22.355924191s; time/op = 888ns
25165824 operations across 62 thread(s) in 21.993791366s; time/op = 873ns
25165824 operations across 63 thread(s) in 20.788343776s; time/op = 825ns
25165824 operations across 64 thread(s) in 22.132740288s; time/op = 879ns
25165824 operations across 65 thread(s) in 22.827057268s; time/op = 906ns
25165824 operations across 66 thread(s) in 22.216088355s; time/op = 882ns
25165824 operations across 67 thread(s) in 20.387766916s; time/op = 809ns
25165824 operations across 68 thread(s) in 22.604020574s; time/op = 898ns
25165824 operations across 69 thread(s) in 22.505285936s; time/op = 894ns
25165824 operations across 70 thread(s) in 21.869592852s; time/op = 868ns
25165824 operations across 71 thread(s) in 22.817536221s; time/op = 906ns
25165824 operations across 72 thread(s) in 21.073682824s; time/op = 836ns
25165824 operations across 73 thread(s) in 23.102913444s; time/op = 917ns
25165824 operations across 74 thread(s) in 22.147262484s; time/op = 879ns
25165824 operations across 75 thread(s) in 22.783032896s; time/op = 905ns
25165824 operations across 76 thread(s) in 21.856084598s; time/op = 868ns
25165824 operations across 77 thread(s) in 21.681047832s; time/op = 861ns
25165824 operations across 78 thread(s) in 22.973291934s; time/op = 912ns
25165824 operations across 79 thread(s) in 22.86079215s; time/op = 908ns
25165824 operations across 80 thread(s) in 22.993549705s; time/op = 913ns
25165824 operations across 81 thread(s) in 21.37368197s; time/op = 848ns
25165824 operations across 82 thread(s) in 21.201551701s; time/op = 842ns
25165824 operations across 83 thread(s) in 22.020676738s; time/op = 874ns
25165824 operations across 84 thread(s) in 22.267798769s; time/op = 884ns
25165824 operations across 85 thread(s) in 23.161497013s; time/op = 919ns
25165824 operations across 86 thread(s) in 22.265130311s; time/op = 884ns
25165824 operations across 87 thread(s) in 22.21474887s; time/op = 882ns
25165824 operations across 88 thread(s) in 23.51270145s; time/op = 933ns
25165824 operations across 89 thread(s) in 22.969187317s; time/op = 912ns
25165824 operations across 90 thread(s) in 22.201258262s; time/op = 881ns
25165824 operations across 91 thread(s) in 22.409623864s; time/op = 890ns
25165824 operations across 92 thread(s) in 21.866364781s; time/op = 868ns
25165824 operations across 93 thread(s) in 22.823324972s; time/op = 906ns
25165824 operations across 94 thread(s) in 22.388259153s; time/op = 889ns
25165824 operations across 95 thread(s) in 23.870298985s; time/op = 947ns
25165824 operations across 96 thread(s) in 23.020445015s; time/op = 913ns
25165824 operations across 97 thread(s) in 23.18501316s; time/op = 920ns
25165824 operations across 98 thread(s) in 22.334475526s; time/op = 887ns
25165824 operations across 99 thread(s) in 23.468992291s; time/op = 931ns
25165824 operations across 100 thread(s) in 21.24076832s; time/op = 843ns
25165824 operations across 101 thread(s) in 20.751649232s; time/op = 823ns
25165824 operations across 102 thread(s) in 23.334733528s; time/op = 926ns
25165824 operations across 103 thread(s) in 24.052021485s; time/op = 955ns
25165824 operations across 104 thread(s) in 22.940040309s; time/op = 911ns
25165824 operations across 105 thread(s) in 22.300592367s; time/op = 885ns
25165824 operations across 106 thread(s) in 21.652763968s; time/op = 859ns
25165824 operations across 107 thread(s) in 22.530106535s; time/op = 895ns
25165824 operations across 108 thread(s) in 23.228312693s; time/op = 922ns
25165824 operations across 109 thread(s) in 21.889804624s; time/op = 869ns
25165824 operations across 110 thread(s) in 23.677036078s; time/op = 939ns
25165824 operations across 111 thread(s) in 22.931069581s; time/op = 910ns
25165824 operations across 112 thread(s) in 23.175894999s; time/op = 919ns
25165824 operations across 113 thread(s) in 22.641000846s; time/op = 899ns
25165824 operations across 114 thread(s) in 22.323413448s; time/op = 886ns
25165824 operations across 115 thread(s) in 22.110359245s; time/op = 878ns
25165824 operations across 116 thread(s) in 24.306726329s; time/op = 965ns
25165824 operations across 117 thread(s) in 22.242069375s; time/op = 883ns
25165824 operations across 118 thread(s) in 21.464633501s; time/op = 852ns
25165824 operations across 119 thread(s) in 22.876045434s; time/op = 908ns
25165824 operations across 120 thread(s) in 24.123857171s; time/op = 957ns
25165824 operations across 121 thread(s) in 24.710081896s; time/op = 981ns
25165824 operations across 122 thread(s) in 22.555295074s; time/op = 896ns
25165824 operations across 123 thread(s) in 23.740317882s; time/op = 942ns
25165824 operations across 124 thread(s) in 23.584766053s; time/op = 936ns
25165824 operations across 125 thread(s) in 24.200750445s; time/op = 960ns
25165824 operations across 126 thread(s) in 23.414544377s; time/op = 929ns
25165824 operations across 127 thread(s) in 23.794506759s; time/op = 944ns
25165824 operations across 128 thread(s) in 27.327828856s; time/op = 1.085µs
Read heavy
25165824 operations across 1 thread(s) in 3.40055424s; time/op = 134ns
25165824 operations across 2 thread(s) in 8.361778275s; time/op = 331ns
25165824 operations across 3 thread(s) in 11.658783414s; time/op = 463ns
25165824 operations across 4 thread(s) in 9.492760015s; time/op = 376ns
25165824 operations across 5 thread(s) in 11.404843611s; time/op = 453ns
25165824 operations across 6 thread(s) in 10.972615242s; time/op = 435ns
25165824 operations across 7 thread(s) in 12.320377724s; time/op = 488ns
25165824 operations across 8 thread(s) in 12.251980231s; time/op = 486ns
25165824 operations across 9 thread(s) in 13.648490441s; time/op = 541ns
25165824 operations across 10 thread(s) in 13.72155966s; time/op = 544ns
25165824 operations across 11 thread(s) in 14.70676242s; time/op = 584ns
25165824 operations across 12 thread(s) in 14.162470017s; time/op = 562ns
25165824 operations across 13 thread(s) in 15.183220135s; time/op = 603ns
25165824 operations across 14 thread(s) in 14.825829499s; time/op = 588ns
25165824 operations across 15 thread(s) in 15.778805156s; time/op = 626ns
25165824 operations across 16 thread(s) in 15.657491069s; time/op = 622ns
25165824 operations across 17 thread(s) in 15.28121158s; time/op = 607ns
25165824 operations across 18 thread(s) in 15.758005016s; time/op = 626ns
25165824 operations across 19 thread(s) in 15.867906014s; time/op = 630ns
25165824 operations across 20 thread(s) in 15.315829746s; time/op = 608ns
25165824 operations across 21 thread(s) in 14.478739139s; time/op = 575ns
25165824 operations across 22 thread(s) in 16.803344479s; time/op = 666ns
25165824 operations across 23 thread(s) in 16.553837602s; time/op = 657ns
25165824 operations across 24 thread(s) in 16.649640423s; time/op = 660ns
25165824 operations across 25 thread(s) in 16.634146768s; time/op = 660ns
25165824 operations across 26 thread(s) in 15.980717218s; time/op = 634ns
25165824 operations across 27 thread(s) in 15.15781289s; time/op = 602ns
25165824 operations across 28 thread(s) in 16.585373072s; time/op = 658ns
25165824 operations across 29 thread(s) in 16.648195686s; time/op = 660ns
25165824 operations across 30 thread(s) in 15.106097889s; time/op = 600ns
25165824 operations across 31 thread(s) in 17.176403605s; time/op = 682ns
25165824 operations across 32 thread(s) in 17.774456054s; time/op = 705ns
25165824 operations across 33 thread(s) in 17.111806422s; time/op = 679ns
25165824 operations across 34 thread(s) in 17.637384465s; time/op = 700ns
25165824 operations across 35 thread(s) in 16.045355906s; time/op = 636ns
25165824 operations across 36 thread(s) in 17.849792448s; time/op = 708ns
25165824 operations across 37 thread(s) in 15.396422501s; time/op = 611ns
25165824 operations across 38 thread(s) in 17.527888695s; time/op = 695ns
25165824 operations across 39 thread(s) in 17.807663541s; time/op = 707ns
25165824 operations across 40 thread(s) in 15.032494023s; time/op = 597ns
25165824 operations across 41 thread(s) in 15.973586087s; time/op = 634ns
25165824 operations across 42 thread(s) in 17.355941172s; time/op = 689ns
25165824 operations across 43 thread(s) in 18.20314186s; time/op = 723ns
25165824 operations across 44 thread(s) in 17.492407781s; time/op = 694ns
25165824 operations across 45 thread(s) in 18.638455334s; time/op = 740ns
25165824 operations across 46 thread(s) in 17.87964315s; time/op = 709ns
25165824 operations across 47 thread(s) in 17.918983932s; time/op = 711ns
25165824 operations across 48 thread(s) in 17.092638399s; time/op = 678ns
25165824 operations across 49 thread(s) in 17.723208906s; time/op = 703ns
25165824 operations across 50 thread(s) in 17.429224096s; time/op = 692ns
25165824 operations across 51 thread(s) in 17.970436689s; time/op = 713ns
25165824 operations across 52 thread(s) in 18.027942785s; time/op = 716ns
25165824 operations across 53 thread(s) in 18.309310248s; time/op = 727ns
25165824 operations across 54 thread(s) in 16.347926598s; time/op = 648ns
25165824 operations across 55 thread(s) in 15.122958999s; time/op = 600ns
25165824 operations across 56 thread(s) in 18.264077s; time/op = 725ns
25165824 operations across 57 thread(s) in 18.226684131s; time/op = 724ns
25165824 operations across 58 thread(s) in 18.80678711s; time/op = 747ns
25165824 operations across 59 thread(s) in 16.73600991s; time/op = 664ns
25165824 operations across 60 thread(s) in 19.756906774s; time/op = 784ns
25165824 operations across 61 thread(s) in 18.209314829s; time/op = 723ns
25165824 operations across 62 thread(s) in 18.518862656s; time/op = 735ns
25165824 operations across 63 thread(s) in 18.098998871s; time/op = 718ns
25165824 operations across 64 thread(s) in 19.539522306s; time/op = 775ns
25165824 operations across 65 thread(s) in 19.437370457s; time/op = 771ns
25165824 operations across 66 thread(s) in 20.206430116s; time/op = 802ns
25165824 operations across 67 thread(s) in 18.954285711s; time/op = 752ns
25165824 operations across 68 thread(s) in 19.821834994s; time/op = 786ns
25165824 operations across 69 thread(s) in 20.393553199s; time/op = 809ns
25165824 operations across 70 thread(s) in 18.578304297s; time/op = 737ns
25165824 operations across 71 thread(s) in 20.871518716s; time/op = 828ns
25165824 operations across 72 thread(s) in 19.249267519s; time/op = 763ns
25165824 operations across 73 thread(s) in 20.079396223s; time/op = 797ns
25165824 operations across 74 thread(s) in 18.439156638s; time/op = 732ns
25165824 operations across 75 thread(s) in 20.523428057s; time/op = 814ns
25165824 operations across 76 thread(s) in 22.520883185s; time/op = 894ns
25165824 operations across 77 thread(s) in 16.414462216s; time/op = 651ns
25165824 operations across 78 thread(s) in 20.728295091s; time/op = 822ns
25165824 operations across 79 thread(s) in 18.87389105s; time/op = 749ns
25165824 operations across 80 thread(s) in 19.380600234s; time/op = 769ns
25165824 operations across 81 thread(s) in 20.664905239s; time/op = 820ns
25165824 operations across 82 thread(s) in 18.18365894s; time/op = 722ns
25165824 operations across 83 thread(s) in 20.750544727s; time/op = 823ns
25165824 operations across 84 thread(s) in 20.261304563s; time/op = 804ns
25165824 operations across 85 thread(s) in 19.261430972s; time/op = 764ns
25165824 operations across 86 thread(s) in 22.596587844s; time/op = 897ns
25165824 operations across 87 thread(s) in 18.990064883s; time/op = 754ns
25165824 operations across 88 thread(s) in 20.47423078s; time/op = 812ns
25165824 operations across 89 thread(s) in 21.320188194s; time/op = 846ns
25165824 operations across 90 thread(s) in 21.570778267s; time/op = 856ns
25165824 operations across 91 thread(s) in 17.64256885s; time/op = 700ns
25165824 operations across 92 thread(s) in 18.835370746s; time/op = 748ns
25165824 operations across 93 thread(s) in 21.645196688s; time/op = 859ns
25165824 operations across 94 thread(s) in 22.809528701s; time/op = 906ns
25165824 operations across 95 thread(s) in 20.440726789s; time/op = 811ns
25165824 operations across 96 thread(s) in 20.957351084s; time/op = 832ns
25165824 operations across 97 thread(s) in 20.252413958s; time/op = 804ns
25165824 operations across 98 thread(s) in 19.565689961s; time/op = 776ns
25165824 operations across 99 thread(s) in 18.508669857s; time/op = 735ns
25165824 operations across 100 thread(s) in 23.305757646s; time/op = 925ns
25165824 operations across 101 thread(s) in 20.332734655s; time/op = 807ns
25165824 operations across 102 thread(s) in 23.653309677s; time/op = 938ns
25165824 operations across 103 thread(s) in 19.200758326s; time/op = 761ns
25165824 operations across 104 thread(s) in 20.763608402s; time/op = 824ns
25165824 operations across 105 thread(s) in 20.830604707s; time/op = 827ns
25165824 operations across 106 thread(s) in 11.268625183s; time/op = 447ns
25165824 operations across 107 thread(s) in 20.723884072s; time/op = 822ns
25165824 operations across 108 thread(s) in 21.611112062s; time/op = 858ns
25165824 operations across 109 thread(s) in 22.201662658s; time/op = 882ns
25165824 operations across 110 thread(s) in 22.035679278s; time/op = 875ns
25165824 operations across 111 thread(s) in 21.732557924s; time/op = 863ns
25165824 operations across 112 thread(s) in 18.951709276s; time/op = 752ns
25165824 operations across 113 thread(s) in 22.609059679s; time/op = 898ns
25165824 operations across 114 thread(s) in 19.978997305s; time/op = 792ns
25165824 operations across 115 thread(s) in 22.252161933s; time/op = 884ns
25165824 operations across 116 thread(s) in 18.907031734s; time/op = 751ns
25165824 operations across 117 thread(s) in 21.202703231s; time/op = 842ns
25165824 operations across 118 thread(s) in 21.454193038s; time/op = 852ns
25165824 operations across 119 thread(s) in 21.240229955s; time/op = 843ns
25165824 operations across 120 thread(s) in 22.539677596s; time/op = 895ns
25165824 operations across 121 thread(s) in 22.169961147s; time/op = 880ns
25165824 operations across 122 thread(s) in 20.409164885s; time/op = 810ns
25165824 operations across 123 thread(s) in 18.417086428s; time/op = 731ns
25165824 operations across 124 thread(s) in 13.479449444s; time/op = 535ns
25165824 operations across 125 thread(s) in 22.886973336s; time/op = 909ns
25165824 operations across 126 thread(s) in 20.132416162s; time/op = 799ns
25165824 operations across 127 thread(s) in 23.485915189s; time/op = 932ns
25165824 operations across 128 thread(s) in 24.268364366s; time/op = 963ns
Uniform
25165824 operations across 1 thread(s) in 5.158896731s; time/op = 204ns
25165824 operations across 2 thread(s) in 14.065642815s; time/op = 558ns
25165824 operations across 3 thread(s) in 17.468061307s; time/op = 693ns
25165824 operations across 4 thread(s) in 13.564149698s; time/op = 538ns
25165824 operations across 5 thread(s) in 16.217131712s; time/op = 643ns
25165824 operations across 6 thread(s) in 17.828068804s; time/op = 707ns
25165824 operations across 7 thread(s) in 15.482492944s; time/op = 615ns
25165824 operations across 8 thread(s) in 18.379281353s; time/op = 730ns
25165824 operations across 9 thread(s) in 19.12933527s; time/op = 759ns
25165824 operations across 10 thread(s) in 19.796543913s; time/op = 785ns
25165824 operations across 11 thread(s) in 20.322637601s; time/op = 806ns
25165824 operations across 12 thread(s) in 20.038605175s; time/op = 795ns
25165824 operations across 13 thread(s) in 20.046207982s; time/op = 795ns
25165824 operations across 14 thread(s) in 21.482117677s; time/op = 853ns
25165824 operations across 15 thread(s) in 21.173145879s; time/op = 840ns
25165824 operations across 16 thread(s) in 20.899449274s; time/op = 829ns
25165824 operations across 17 thread(s) in 20.781627725s; time/op = 825ns
25165824 operations across 18 thread(s) in 20.672407199s; time/op = 820ns
25165824 operations across 19 thread(s) in 21.33372202s; time/op = 847ns
25165824 operations across 20 thread(s) in 21.731117627s; time/op = 863ns
25165824 operations across 21 thread(s) in 20.970215086s; time/op = 832ns
25165824 operations across 22 thread(s) in 21.178734332s; time/op = 841ns
25165824 operations across 23 thread(s) in 19.148103147s; time/op = 759ns
25165824 operations across 24 thread(s) in 22.104068617s; time/op = 878ns
25165824 operations across 25 thread(s) in 21.024717692s; time/op = 834ns
25165824 operations across 26 thread(s) in 22.029171028s; time/op = 875ns
25165824 operations across 27 thread(s) in 20.477240164s; time/op = 812ns
25165824 operations across 28 thread(s) in 21.581847119s; time/op = 857ns
25165824 operations across 29 thread(s) in 21.129579016s; time/op = 839ns
25165824 operations across 30 thread(s) in 19.848991839s; time/op = 787ns
25165824 operations across 31 thread(s) in 20.967627452s; time/op = 832ns
25165824 operations across 32 thread(s) in 22.181174694s; time/op = 881ns
25165824 operations across 33 thread(s) in 21.040452551s; time/op = 835ns
25165824 operations across 34 thread(s) in 22.208895628s; time/op = 882ns
25165824 operations across 35 thread(s) in 21.51613907s; time/op = 854ns
25165824 operations across 36 thread(s) in 22.679174193s; time/op = 900ns
25165824 operations across 37 thread(s) in 22.684732289s; time/op = 901ns
25165824 operations across 38 thread(s) in 21.570298244s; time/op = 856ns
25165824 operations across 39 thread(s) in 20.108673835s; time/op = 798ns
25165824 operations across 40 thread(s) in 20.195957749s; time/op = 801ns
25165824 operations across 41 thread(s) in 22.633388632s; time/op = 899ns
25165824 operations across 42 thread(s) in 20.37067224s; time/op = 808ns
25165824 operations across 43 thread(s) in 21.088930628s; time/op = 837ns
25165824 operations across 44 thread(s) in 21.14412089s; time/op = 839ns
25165824 operations across 45 thread(s) in 21.045468335s; time/op = 835ns
25165824 operations across 46 thread(s) in 22.181839411s; time/op = 881ns
25165824 operations across 47 thread(s) in 19.323657988s; time/op = 766ns
25165824 operations across 48 thread(s) in 20.402363221s; time/op = 809ns
25165824 operations across 49 thread(s) in 22.052059164s; time/op = 876ns
25165824 operations across 50 thread(s) in 21.389646031s; time/op = 849ns
25165824 operations across 51 thread(s) in 22.583585985s; time/op = 897ns
25165824 operations across 52 thread(s) in 21.512240495s; time/op = 854ns
25165824 operations across 53 thread(s) in 22.794205011s; time/op = 905ns
25165824 operations across 54 thread(s) in 22.609680283s; time/op = 898ns
25165824 operations across 55 thread(s) in 20.927518099s; time/op = 830ns
25165824 operations across 56 thread(s) in 22.128546074s; time/op = 879ns
25165824 operations across 57 thread(s) in 19.125728273s; time/op = 758ns
25165824 operations across 58 thread(s) in 21.909459092s; time/op = 870ns
25165824 operations across 59 thread(s) in 23.052429062s; time/op = 915ns
25165824 operations across 60 thread(s) in 22.222582853s; time/op = 882ns
25165824 operations across 61 thread(s) in 20.92491233s; time/op = 830ns
25165824 operations across 62 thread(s) in 22.171446423s; time/op = 880ns
25165824 operations across 63 thread(s) in 22.30089369s; time/op = 885ns
25165824 operations across 64 thread(s) in 21.183771822s; time/op = 841ns
25165824 operations across 65 thread(s) in 23.115339982s; time/op = 917ns
25165824 operations across 66 thread(s) in 22.118725089s; time/op = 878ns
25165824 operations across 67 thread(s) in 21.561844034s; time/op = 856ns
25165824 operations across 68 thread(s) in 21.070096002s; time/op = 836ns
25165824 operations across 69 thread(s) in 23.498436416s; time/op = 932ns
25165824 operations across 70 thread(s) in 22.583687912s; time/op = 897ns
25165824 operations across 71 thread(s) in 21.612911598s; time/op = 858ns
25165824 operations across 72 thread(s) in 21.964048557s; time/op = 872ns
25165824 operations across 73 thread(s) in 20.740250237s; time/op = 823ns
25165824 operations across 74 thread(s) in 22.248279178s; time/op = 883ns
25165824 operations across 75 thread(s) in 20.789402944s; time/op = 825ns
25165824 operations across 76 thread(s) in 21.780540211s; time/op = 865ns
25165824 operations across 77 thread(s) in 22.825514603s; time/op = 906ns
25165824 operations across 78 thread(s) in 22.846439188s; time/op = 907ns
25165824 operations across 79 thread(s) in 21.286717588s; time/op = 845ns
25165824 operations across 80 thread(s) in 23.048401302s; time/op = 914ns
25165824 operations across 81 thread(s) in 23.447847564s; time/op = 930ns
25165824 operations across 82 thread(s) in 21.128980574s; time/op = 839ns
25165824 operations across 83 thread(s) in 22.92518826s; time/op = 910ns
25165824 operations across 84 thread(s) in 23.961839043s; time/op = 951ns
25165824 operations across 85 thread(s) in 21.572198465s; time/op = 856ns
25165824 operations across 86 thread(s) in 22.833690277s; time/op = 907ns
25165824 operations across 87 thread(s) in 20.167970021s; time/op = 800ns
25165824 operations across 88 thread(s) in 21.88550608s; time/op = 869ns
25165824 operations across 89 thread(s) in 24.295812122s; time/op = 964ns
25165824 operations across 90 thread(s) in 23.044795684s; time/op = 914ns
25165824 operations across 91 thread(s) in 23.680526895s; time/op = 940ns
25165824 operations across 92 thread(s) in 22.01450388s; time/op = 874ns
25165824 operations across 93 thread(s) in 22.561056768s; time/op = 896ns
25165824 operations across 94 thread(s) in 21.05845006s; time/op = 836ns
25165824 operations across 95 thread(s) in 23.872657826s; time/op = 947ns
25165824 operations across 96 thread(s) in 23.782056071s; time/op = 944ns
25165824 operations across 97 thread(s) in 22.852351484s; time/op = 907ns
25165824 operations across 98 thread(s) in 23.624105869s; time/op = 937ns
25165824 operations across 99 thread(s) in 21.712159516s; time/op = 862ns
25165824 operations across 100 thread(s) in 21.606969647s; time/op = 858ns
25165824 operations across 101 thread(s) in 22.428632516s; time/op = 891ns
25165824 operations across 102 thread(s) in 23.386530648s; time/op = 928ns
25165824 operations across 103 thread(s) in 23.588810958s; time/op = 936ns
25165824 operations across 104 thread(s) in 23.45090976s; time/op = 930ns
25165824 operations across 105 thread(s) in 23.705689279s; time/op = 941ns
25165824 operations across 106 thread(s) in 22.611241934s; time/op = 898ns
25165824 operations across 107 thread(s) in 23.612819963s; time/op = 937ns
25165824 operations across 108 thread(s) in 22.977916946s; time/op = 912ns
25165824 operations across 109 thread(s) in 24.010299106s; time/op = 953ns
25165824 operations across 110 thread(s) in 23.809154776s; time/op = 945ns
25165824 operations across 111 thread(s) in 20.388793629s; time/op = 809ns
25165824 operations across 112 thread(s) in 24.161902476s; time/op = 959ns
25165824 operations across 113 thread(s) in 24.030668213s; time/op = 954ns
25165824 operations across 114 thread(s) in 22.813079198s; time/op = 906ns
25165824 operations across 115 thread(s) in 23.176796958s; time/op = 920ns
25165824 operations across 116 thread(s) in 24.317587476s; time/op = 965ns
25165824 operations across 117 thread(s) in 26.300433204s; time/op = 1.044µs
25165824 operations across 118 thread(s) in 22.80028863s; time/op = 905ns
25165824 operations across 119 thread(s) in 25.693394992s; time/op = 1.02µs
25165824 operations across 120 thread(s) in 25.923354463s; time/op = 1.029µs
25165824 operations across 121 thread(s) in 22.465343986s; time/op = 892ns
25165824 operations across 122 thread(s) in 24.90899314s; time/op = 989ns
25165824 operations across 123 thread(s) in 25.316799256s; time/op = 1.005µs
25165824 operations across 124 thread(s) in 23.947594968s; time/op = 950ns
25165824 operations across 125 thread(s) in 26.399970315s; time/op = 1.048µs
25165824 operations across 126 thread(s) in 23.680144364s; time/op = 940ns
25165824 operations across 127 thread(s) in 26.315345999s; time/op = 1.045µs
25165824 operations across 128 thread(s) in 28.80133111s; time/op = 1.143µs

 Performance counter stats for '/opt/data/CargoTarget/release/lighting-bench':

    373,219,331.22 msec task-clock                #   47.240 CPUs utilized          
     3,394,919,497      context-switches          #    0.009 M/sec                  
        25,423,383      cpu-migrations            #    0.068 K/sec                  
       276,227,417      page-faults               #    0.740 K/sec                  
1,391,668,105,509,821      cycles                    #    3.729 GHz                      (62.50%)
1,109,520,945,731,958      stalled-cycles-frontend   #   79.73% frontend cycles idle     (62.50%)
48,830,162,835,290      stalled-cycles-backend    #    3.51% backend cycles idle      (62.50%)
114,141,157,578,561      instructions              #    0.08  insn per cycle         
                                                  #    9.72  stalled cycles per insn  (62.50%)
26,514,240,525,229      branches                  #   71.042 M/sec                    (62.50%)
   141,604,016,823      branch-misses             #    0.53% of all branches          (62.50%)
36,531,411,402,859      L1-dcache-loads           #   97.882 M/sec                    (62.50%)
 1,116,464,089,086      L1-dcache-load-misses     #    3.06% of all L1-dcache hits    (62.50%)
   <not supported>      LLC-loads                                                   
   <not supported>      LLC-load-misses                                             

    7900.452996786 seconds time elapsed

    6966.900504000 seconds user
  366221.519252000 seconds sys


