Insert heavy
25165824 operations across 1 thread(s) in 5.443116335s; time/op = 215ns
25165824 operations across 2 thread(s) in 2.957466475s; time/op = 117ns
25165824 operations across 3 thread(s) in 2.154505722s; time/op = 85ns
25165824 operations across 4 thread(s) in 1.82059267s; time/op = 71ns
25165824 operations across 5 thread(s) in 1.587120191s; time/op = 62ns
25165824 operations across 6 thread(s) in 1.450213898s; time/op = 56ns
25165824 operations across 7 thread(s) in 1.438456976s; time/op = 56ns
25165824 operations across 8 thread(s) in 1.402134033s; time/op = 54ns
25165824 operations across 9 thread(s) in 1.391246841s; time/op = 54ns
25165824 operations across 10 thread(s) in 1.379599445s; time/op = 54ns
25165824 operations across 11 thread(s) in 1.419601286s; time/op = 55ns
25165824 operations across 12 thread(s) in 1.414420334s; time/op = 55ns
25165824 operations across 13 thread(s) in 1.471134021s; time/op = 57ns
25165824 operations across 14 thread(s) in 1.503160521s; time/op = 58ns
25165824 operations across 15 thread(s) in 1.575929346s; time/op = 61ns
25165824 operations across 16 thread(s) in 1.5593392s; time/op = 61ns
25165824 operations across 17 thread(s) in 1.548204971s; time/op = 60ns
25165824 operations across 18 thread(s) in 1.621281778s; time/op = 63ns
25165824 operations across 19 thread(s) in 1.578376012s; time/op = 61ns
25165824 operations across 20 thread(s) in 1.63101306s; time/op = 64ns
25165824 operations across 21 thread(s) in 1.596976571s; time/op = 62ns
25165824 operations across 22 thread(s) in 1.596381879s; time/op = 62ns
25165824 operations across 23 thread(s) in 1.609183432s; time/op = 63ns
25165824 operations across 24 thread(s) in 1.643561947s; time/op = 64ns
25165824 operations across 25 thread(s) in 1.722361316s; time/op = 67ns
25165824 operations across 26 thread(s) in 1.682397468s; time/op = 66ns
25165824 operations across 27 thread(s) in 1.682226685s; time/op = 66ns
25165824 operations across 28 thread(s) in 1.699442564s; time/op = 66ns
25165824 operations across 29 thread(s) in 1.759717206s; time/op = 69ns
25165824 operations across 30 thread(s) in 1.811463967s; time/op = 71ns
25165824 operations across 31 thread(s) in 1.817104023s; time/op = 71ns
25165824 operations across 32 thread(s) in 1.838247789s; time/op = 72ns
25165824 operations across 33 thread(s) in 1.876532521s; time/op = 73ns
25165824 operations across 34 thread(s) in 1.861851503s; time/op = 73ns
25165824 operations across 35 thread(s) in 1.961210195s; time/op = 77ns
25165824 operations across 36 thread(s) in 1.973199126s; time/op = 77ns
25165824 operations across 37 thread(s) in 1.950801997s; time/op = 76ns
25165824 operations across 38 thread(s) in 1.975039116s; time/op = 77ns
25165824 operations across 39 thread(s) in 2.053744247s; time/op = 81ns
25165824 operations across 40 thread(s) in 2.036858663s; time/op = 80ns
25165824 operations across 41 thread(s) in 2.087602822s; time/op = 82ns
25165824 operations across 42 thread(s) in 2.10273511s; time/op = 83ns
25165824 operations across 43 thread(s) in 2.115302822s; time/op = 83ns
25165824 operations across 44 thread(s) in 2.22300512s; time/op = 87ns
25165824 operations across 45 thread(s) in 2.160236794s; time/op = 85ns
25165824 operations across 46 thread(s) in 2.241377258s; time/op = 88ns
25165824 operations across 47 thread(s) in 2.302263465s; time/op = 91ns
25165824 operations across 48 thread(s) in 2.30402129s; time/op = 91ns
25165824 operations across 49 thread(s) in 2.409641801s; time/op = 95ns
25165824 operations across 50 thread(s) in 2.403745122s; time/op = 95ns
25165824 operations across 51 thread(s) in 2.397428248s; time/op = 94ns
25165824 operations across 52 thread(s) in 2.447222646s; time/op = 96ns
25165824 operations across 53 thread(s) in 2.484429055s; time/op = 98ns
25165824 operations across 54 thread(s) in 2.482907727s; time/op = 98ns
25165824 operations across 55 thread(s) in 2.448188388s; time/op = 96ns
25165824 operations across 56 thread(s) in 2.57963212s; time/op = 102ns
25165824 operations across 57 thread(s) in 2.614422463s; time/op = 103ns
25165824 operations across 58 thread(s) in 2.615218203s; time/op = 103ns
25165824 operations across 59 thread(s) in 2.591502227s; time/op = 102ns
25165824 operations across 60 thread(s) in 2.611691211s; time/op = 103ns
25165824 operations across 61 thread(s) in 2.628490434s; time/op = 103ns
25165824 operations across 62 thread(s) in 2.732252922s; time/op = 108ns
25165824 operations across 63 thread(s) in 2.847964405s; time/op = 112ns
25165824 operations across 64 thread(s) in 2.836284366s; time/op = 112ns
25165824 operations across 65 thread(s) in 2.862840299s; time/op = 113ns
25165824 operations across 66 thread(s) in 2.846546672s; time/op = 112ns
25165824 operations across 67 thread(s) in 3.030668529s; time/op = 120ns
25165824 operations across 68 thread(s) in 3.02557826s; time/op = 120ns
25165824 operations across 69 thread(s) in 3.005316038s; time/op = 119ns
25165824 operations across 70 thread(s) in 3.138408109s; time/op = 124ns
25165824 operations across 71 thread(s) in 3.038866521s; time/op = 120ns
25165824 operations across 72 thread(s) in 3.165959488s; time/op = 125ns
25165824 operations across 73 thread(s) in 3.255103757s; time/op = 129ns
25165824 operations across 74 thread(s) in 3.256387439s; time/op = 129ns
25165824 operations across 75 thread(s) in 3.348425425s; time/op = 132ns
25165824 operations across 76 thread(s) in 3.38823865s; time/op = 134ns
25165824 operations across 77 thread(s) in 3.491427025s; time/op = 138ns
25165824 operations across 78 thread(s) in 3.443364893s; time/op = 136ns
25165824 operations across 79 thread(s) in 3.624009746s; time/op = 143ns
25165824 operations across 80 thread(s) in 3.632093992s; time/op = 144ns
25165824 operations across 81 thread(s) in 3.63463809s; time/op = 144ns
25165824 operations across 82 thread(s) in 3.656349386s; time/op = 145ns
25165824 operations across 83 thread(s) in 3.774946912s; time/op = 149ns
25165824 operations across 84 thread(s) in 3.813106788s; time/op = 151ns
25165824 operations across 85 thread(s) in 3.788330402s; time/op = 150ns
25165824 operations across 86 thread(s) in 3.808951192s; time/op = 151ns
25165824 operations across 87 thread(s) in 3.792544511s; time/op = 150ns
25165824 operations across 88 thread(s) in 3.896842117s; time/op = 154ns
25165824 operations across 89 thread(s) in 3.776054402s; time/op = 149ns
25165824 operations across 90 thread(s) in 3.883074885s; time/op = 154ns
25165824 operations across 91 thread(s) in 3.949488004s; time/op = 156ns
25165824 operations across 92 thread(s) in 4.01505046s; time/op = 158ns
25165824 operations across 93 thread(s) in 4.125514166s; time/op = 162ns
25165824 operations across 94 thread(s) in 4.25018241s; time/op = 167ns
25165824 operations across 95 thread(s) in 4.161173877s; time/op = 164ns
25165824 operations across 96 thread(s) in 4.066609307s; time/op = 160ns
25165824 operations across 97 thread(s) in 4.237605512s; time/op = 167ns
25165824 operations across 98 thread(s) in 4.245667568s; time/op = 167ns
25165824 operations across 99 thread(s) in 4.400392184s; time/op = 173ns
25165824 operations across 100 thread(s) in 4.319058627s; time/op = 170ns
25165824 operations across 101 thread(s) in 4.457031634s; time/op = 176ns
25165824 operations across 102 thread(s) in 4.386497843s; time/op = 173ns
25165824 operations across 103 thread(s) in 4.526770926s; time/op = 178ns
25165824 operations across 104 thread(s) in 4.523547027s; time/op = 178ns
25165824 operations across 105 thread(s) in 4.612278708s; time/op = 182ns
25165824 operations across 106 thread(s) in 4.615595122s; time/op = 182ns
25165824 operations across 107 thread(s) in 4.686600884s; time/op = 185ns
25165824 operations across 108 thread(s) in 4.764681067s; time/op = 188ns
25165824 operations across 109 thread(s) in 4.845274971s; time/op = 191ns
25165824 operations across 110 thread(s) in 4.897599391s; time/op = 193ns
25165824 operations across 111 thread(s) in 4.918993158s; time/op = 194ns
25165824 operations across 112 thread(s) in 4.899460332s; time/op = 193ns
25165824 operations across 113 thread(s) in 5.002487072s; time/op = 198ns
25165824 operations across 114 thread(s) in 5.129581232s; time/op = 203ns
25165824 operations across 115 thread(s) in 5.074102673s; time/op = 200ns
25165824 operations across 116 thread(s) in 5.112805525s; time/op = 202ns
25165824 operations across 117 thread(s) in 5.150162487s; time/op = 203ns
25165824 operations across 118 thread(s) in 5.267075616s; time/op = 208ns
25165824 operations across 119 thread(s) in 5.330463862s; time/op = 211ns
25165824 operations across 120 thread(s) in 5.25283991s; time/op = 208ns
25165824 operations across 121 thread(s) in 5.308160589s; time/op = 210ns
25165824 operations across 122 thread(s) in 5.430207221s; time/op = 215ns
25165824 operations across 123 thread(s) in 5.536555535s; time/op = 219ns
25165824 operations across 124 thread(s) in 5.38278129s; time/op = 213ns
25165824 operations across 125 thread(s) in 5.622332084s; time/op = 222ns
25165824 operations across 126 thread(s) in 5.741888558s; time/op = 227ns
25165824 operations across 127 thread(s) in 5.717256504s; time/op = 226ns
25165824 operations across 128 thread(s) in 5.77982271s; time/op = 228ns
Read heavy
25165824 operations across 1 thread(s) in 3.768326707s; time/op = 149ns
25165824 operations across 2 thread(s) in 2.093156358s; time/op = 82ns
25165824 operations across 3 thread(s) in 1.482696809s; time/op = 58ns
25165824 operations across 4 thread(s) in 1.324060955s; time/op = 51ns
25165824 operations across 5 thread(s) in 1.170427965s; time/op = 45ns
25165824 operations across 6 thread(s) in 1.128458013s; time/op = 44ns
25165824 operations across 7 thread(s) in 1.116782113s; time/op = 43ns
25165824 operations across 8 thread(s) in 1.101263426s; time/op = 43ns
25165824 operations across 9 thread(s) in 1.133543774s; time/op = 44ns
25165824 operations across 10 thread(s) in 1.158660943s; time/op = 45ns
25165824 operations across 11 thread(s) in 1.209213311s; time/op = 47ns
25165824 operations across 12 thread(s) in 1.205753676s; time/op = 47ns
25165824 operations across 13 thread(s) in 1.267166717s; time/op = 49ns
25165824 operations across 14 thread(s) in 1.296796817s; time/op = 50ns
25165824 operations across 15 thread(s) in 1.380353228s; time/op = 54ns
25165824 operations across 16 thread(s) in 1.426260314s; time/op = 55ns
25165824 operations across 17 thread(s) in 1.44521394s; time/op = 56ns
25165824 operations across 18 thread(s) in 1.45418025s; time/op = 57ns
25165824 operations across 19 thread(s) in 1.474044221s; time/op = 57ns
25165824 operations across 20 thread(s) in 1.4534434s; time/op = 57ns
25165824 operations across 21 thread(s) in 1.47668929s; time/op = 57ns
25165824 operations across 22 thread(s) in 1.521957082s; time/op = 59ns
25165824 operations across 23 thread(s) in 1.518738662s; time/op = 59ns
25165824 operations across 24 thread(s) in 1.566491921s; time/op = 61ns
25165824 operations across 25 thread(s) in 1.549292503s; time/op = 60ns
25165824 operations across 26 thread(s) in 1.540558532s; time/op = 60ns
25165824 operations across 27 thread(s) in 1.60899613s; time/op = 63ns
25165824 operations across 28 thread(s) in 1.56546249s; time/op = 61ns
25165824 operations across 29 thread(s) in 1.634359273s; time/op = 64ns
25165824 operations across 30 thread(s) in 1.678705516s; time/op = 65ns
25165824 operations across 31 thread(s) in 1.680516932s; time/op = 66ns
25165824 operations across 32 thread(s) in 1.768480456s; time/op = 69ns
25165824 operations across 33 thread(s) in 1.828889302s; time/op = 71ns
25165824 operations across 34 thread(s) in 1.87638234s; time/op = 73ns
25165824 operations across 35 thread(s) in 1.857476164s; time/op = 73ns
25165824 operations across 36 thread(s) in 1.901814563s; time/op = 74ns
25165824 operations across 37 thread(s) in 1.959741007s; time/op = 77ns
25165824 operations across 38 thread(s) in 1.965412795s; time/op = 77ns
25165824 operations across 39 thread(s) in 1.954560176s; time/op = 76ns
25165824 operations across 40 thread(s) in 2.020240625s; time/op = 79ns
25165824 operations across 41 thread(s) in 2.02687641s; time/op = 80ns
25165824 operations across 42 thread(s) in 2.024645843s; time/op = 79ns
25165824 operations across 43 thread(s) in 2.105270555s; time/op = 83ns
25165824 operations across 44 thread(s) in 2.104362612s; time/op = 83ns
25165824 operations across 45 thread(s) in 2.187719882s; time/op = 86ns
25165824 operations across 46 thread(s) in 2.158021332s; time/op = 85ns
25165824 operations across 47 thread(s) in 2.199455208s; time/op = 86ns
25165824 operations across 48 thread(s) in 2.274420478s; time/op = 89ns
25165824 operations across 49 thread(s) in 2.388938738s; time/op = 94ns
25165824 operations across 50 thread(s) in 2.347198593s; time/op = 92ns
25165824 operations across 51 thread(s) in 2.383440132s; time/op = 94ns
25165824 operations across 52 thread(s) in 2.371938733s; time/op = 93ns
25165824 operations across 53 thread(s) in 2.377345449s; time/op = 93ns
25165824 operations across 54 thread(s) in 2.358757289s; time/op = 93ns
25165824 operations across 55 thread(s) in 2.470472415s; time/op = 97ns
25165824 operations across 56 thread(s) in 2.546937655s; time/op = 100ns
25165824 operations across 57 thread(s) in 2.577347862s; time/op = 101ns
25165824 operations across 58 thread(s) in 2.557924824s; time/op = 101ns
25165824 operations across 59 thread(s) in 2.667020966s; time/op = 105ns
25165824 operations across 60 thread(s) in 2.681467076s; time/op = 106ns
25165824 operations across 61 thread(s) in 2.635854671s; time/op = 104ns
25165824 operations across 62 thread(s) in 2.860912577s; time/op = 113ns
25165824 operations across 63 thread(s) in 2.762328769s; time/op = 109ns
25165824 operations across 64 thread(s) in 2.841931648s; time/op = 112ns
25165824 operations across 65 thread(s) in 2.826415407s; time/op = 111ns
25165824 operations across 66 thread(s) in 3.035662664s; time/op = 120ns
25165824 operations across 67 thread(s) in 2.986718516s; time/op = 118ns
25165824 operations across 68 thread(s) in 2.983371473s; time/op = 118ns
25165824 operations across 69 thread(s) in 3.052297997s; time/op = 121ns
25165824 operations across 70 thread(s) in 3.064939034s; time/op = 121ns
25165824 operations across 71 thread(s) in 3.149141155s; time/op = 124ns
25165824 operations across 72 thread(s) in 3.193114137s; time/op = 126ns
25165824 operations across 73 thread(s) in 3.274550601s; time/op = 129ns
25165824 operations across 74 thread(s) in 3.327189163s; time/op = 132ns
25165824 operations across 75 thread(s) in 3.386868777s; time/op = 134ns
25165824 operations across 76 thread(s) in 3.481628684s; time/op = 138ns
25165824 operations across 77 thread(s) in 3.416229661s; time/op = 135ns
25165824 operations across 78 thread(s) in 3.47987077s; time/op = 138ns
25165824 operations across 79 thread(s) in 3.477024913s; time/op = 137ns
25165824 operations across 80 thread(s) in 3.51510443s; time/op = 139ns
25165824 operations across 81 thread(s) in 3.625768507s; time/op = 143ns
25165824 operations across 82 thread(s) in 3.703096752s; time/op = 146ns
25165824 operations across 83 thread(s) in 3.698607058s; time/op = 146ns
25165824 operations across 84 thread(s) in 3.746284287s; time/op = 148ns
25165824 operations across 85 thread(s) in 3.868253697s; time/op = 153ns
25165824 operations across 86 thread(s) in 3.782060636s; time/op = 150ns
25165824 operations across 87 thread(s) in 3.851638084s; time/op = 152ns
25165824 operations across 88 thread(s) in 3.896651612s; time/op = 154ns
25165824 operations across 89 thread(s) in 3.970311172s; time/op = 157ns
25165824 operations across 90 thread(s) in 4.078639371s; time/op = 161ns
25165824 operations across 91 thread(s) in 3.931851691s; time/op = 156ns
25165824 operations across 92 thread(s) in 4.011731168s; time/op = 158ns
25165824 operations across 93 thread(s) in 4.060058985s; time/op = 160ns
25165824 operations across 94 thread(s) in 3.964279098s; time/op = 157ns
25165824 operations across 95 thread(s) in 4.096662271s; time/op = 161ns
25165824 operations across 96 thread(s) in 4.256975586s; time/op = 168ns
25165824 operations across 97 thread(s) in 4.138389165s; time/op = 163ns
25165824 operations across 98 thread(s) in 4.33013149s; time/op = 171ns
25165824 operations across 99 thread(s) in 4.294258452s; time/op = 169ns
25165824 operations across 100 thread(s) in 4.354046338s; time/op = 172ns
25165824 operations across 101 thread(s) in 4.398155921s; time/op = 173ns
25165824 operations across 102 thread(s) in 4.467606031s; time/op = 176ns
25165824 operations across 103 thread(s) in 4.455094127s; time/op = 176ns
25165824 operations across 104 thread(s) in 4.428309961s; time/op = 175ns
25165824 operations across 105 thread(s) in 4.521914612s; time/op = 178ns
25165824 operations across 106 thread(s) in 4.628800031s; time/op = 182ns
25165824 operations across 107 thread(s) in 4.607645896s; time/op = 182ns
25165824 operations across 108 thread(s) in 4.800403574s; time/op = 189ns
25165824 operations across 109 thread(s) in 4.922441727s; time/op = 194ns
25165824 operations across 110 thread(s) in 4.788835508s; time/op = 189ns
25165824 operations across 111 thread(s) in 4.92438646s; time/op = 194ns
25165824 operations across 112 thread(s) in 4.806386289s; time/op = 190ns
25165824 operations across 113 thread(s) in 4.962574697s; time/op = 196ns
25165824 operations across 114 thread(s) in 5.098165135s; time/op = 201ns
25165824 operations across 115 thread(s) in 5.09567573s; time/op = 201ns
25165824 operations across 116 thread(s) in 5.181800845s; time/op = 205ns
25165824 operations across 117 thread(s) in 5.065666s; time/op = 200ns
25165824 operations across 118 thread(s) in 5.230507598s; time/op = 207ns
25165824 operations across 119 thread(s) in 5.353202714s; time/op = 212ns
25165824 operations across 120 thread(s) in 5.315866378s; time/op = 210ns
25165824 operations across 121 thread(s) in 5.257709956s; time/op = 208ns
25165824 operations across 122 thread(s) in 5.473342367s; time/op = 216ns
25165824 operations across 123 thread(s) in 5.397055565s; time/op = 213ns
25165824 operations across 124 thread(s) in 5.55039925s; time/op = 219ns
25165824 operations across 125 thread(s) in 5.521648787s; time/op = 218ns
25165824 operations across 126 thread(s) in 5.543502914s; time/op = 219ns
25165824 operations across 127 thread(s) in 5.7138715s; time/op = 226ns
25165824 operations across 128 thread(s) in 5.994162916s; time/op = 237ns
Uniform
25165824 operations across 1 thread(s) in 4.766266021s; time/op = 188ns
25165824 operations across 2 thread(s) in 2.59976745s; time/op = 102ns
25165824 operations across 3 thread(s) in 1.85688218s; time/op = 73ns
25165824 operations across 4 thread(s) in 1.542947639s; time/op = 60ns
25165824 operations across 5 thread(s) in 1.367754517s; time/op = 53ns
25165824 operations across 6 thread(s) in 1.314478417s; time/op = 51ns
25165824 operations across 7 thread(s) in 1.270831188s; time/op = 49ns
25165824 operations across 8 thread(s) in 1.244930502s; time/op = 48ns
25165824 operations across 9 thread(s) in 1.235283593s; time/op = 48ns
25165824 operations across 10 thread(s) in 1.268825089s; time/op = 49ns
25165824 operations across 11 thread(s) in 1.288302243s; time/op = 50ns
25165824 operations across 12 thread(s) in 1.319034394s; time/op = 51ns
25165824 operations across 13 thread(s) in 1.366864033s; time/op = 53ns
25165824 operations across 14 thread(s) in 1.431358041s; time/op = 56ns
25165824 operations across 15 thread(s) in 1.470351276s; time/op = 57ns
25165824 operations across 16 thread(s) in 1.476861035s; time/op = 57ns
25165824 operations across 17 thread(s) in 1.491152274s; time/op = 58ns
25165824 operations across 18 thread(s) in 1.508279257s; time/op = 59ns
25165824 operations across 19 thread(s) in 1.489897755s; time/op = 58ns
25165824 operations across 20 thread(s) in 1.559679741s; time/op = 61ns
25165824 operations across 21 thread(s) in 1.552381551s; time/op = 60ns
25165824 operations across 22 thread(s) in 1.566414593s; time/op = 61ns
25165824 operations across 23 thread(s) in 1.595296173s; time/op = 62ns
25165824 operations across 24 thread(s) in 1.611831176s; time/op = 63ns
25165824 operations across 25 thread(s) in 1.626334984s; time/op = 63ns
25165824 operations across 26 thread(s) in 1.653041858s; time/op = 64ns
25165824 operations across 27 thread(s) in 1.671553521s; time/op = 65ns
25165824 operations across 28 thread(s) in 1.674090287s; time/op = 65ns
25165824 operations across 29 thread(s) in 1.681048008s; time/op = 66ns
25165824 operations across 30 thread(s) in 1.742867585s; time/op = 68ns
25165824 operations across 31 thread(s) in 1.788631913s; time/op = 70ns
25165824 operations across 32 thread(s) in 1.844355299s; time/op = 72ns
25165824 operations across 33 thread(s) in 1.90347187s; time/op = 74ns
25165824 operations across 34 thread(s) in 1.868870836s; time/op = 73ns
25165824 operations across 35 thread(s) in 1.916336101s; time/op = 75ns
25165824 operations across 36 thread(s) in 1.962206405s; time/op = 77ns
25165824 operations across 37 thread(s) in 1.922457013s; time/op = 75ns
25165824 operations across 38 thread(s) in 1.947420398s; time/op = 76ns
25165824 operations across 39 thread(s) in 2.009313627s; time/op = 79ns
25165824 operations across 40 thread(s) in 1.970036887s; time/op = 77ns
25165824 operations across 41 thread(s) in 2.081553275s; time/op = 82ns
25165824 operations across 42 thread(s) in 2.086899939s; time/op = 82ns
25165824 operations across 43 thread(s) in 2.070719667s; time/op = 81ns
25165824 operations across 44 thread(s) in 2.152624135s; time/op = 85ns
25165824 operations across 45 thread(s) in 2.181990918s; time/op = 86ns
25165824 operations across 46 thread(s) in 2.229951649s; time/op = 88ns
25165824 operations across 47 thread(s) in 2.185689669s; time/op = 86ns
25165824 operations across 48 thread(s) in 2.288020078s; time/op = 90ns
25165824 operations across 49 thread(s) in 2.317945584s; time/op = 91ns
25165824 operations across 50 thread(s) in 2.359827536s; time/op = 93ns
25165824 operations across 51 thread(s) in 2.394315282s; time/op = 94ns
25165824 operations across 52 thread(s) in 2.43192521s; time/op = 96ns
25165824 operations across 53 thread(s) in 2.435412039s; time/op = 96ns
25165824 operations across 54 thread(s) in 2.424902819s; time/op = 95ns
25165824 operations across 55 thread(s) in 2.542078579s; time/op = 100ns
25165824 operations across 56 thread(s) in 2.517051954s; time/op = 99ns
25165824 operations across 57 thread(s) in 2.515379193s; time/op = 99ns
25165824 operations across 58 thread(s) in 2.652305267s; time/op = 104ns
25165824 operations across 59 thread(s) in 2.637595486s; time/op = 104ns
25165824 operations across 60 thread(s) in 2.702607569s; time/op = 106ns
25165824 operations across 61 thread(s) in 2.702555854s; time/op = 106ns
25165824 operations across 62 thread(s) in 2.744336767s; time/op = 108ns
25165824 operations across 63 thread(s) in 2.894978589s; time/op = 114ns
25165824 operations across 64 thread(s) in 2.903502308s; time/op = 114ns
25165824 operations across 65 thread(s) in 2.974348115s; time/op = 117ns
25165824 operations across 66 thread(s) in 3.031811974s; time/op = 120ns
25165824 operations across 67 thread(s) in 2.993340471s; time/op = 118ns
25165824 operations across 68 thread(s) in 3.032124772s; time/op = 120ns
25165824 operations across 69 thread(s) in 3.201424196s; time/op = 127ns
25165824 operations across 70 thread(s) in 3.118692085s; time/op = 123ns
25165824 operations across 71 thread(s) in 3.195096989s; time/op = 126ns
25165824 operations across 72 thread(s) in 3.256123474s; time/op = 129ns
25165824 operations across 73 thread(s) in 3.169610009s; time/op = 125ns
25165824 operations across 74 thread(s) in 3.312426171s; time/op = 131ns
25165824 operations across 75 thread(s) in 3.359976129s; time/op = 133ns
25165824 operations across 76 thread(s) in 3.451742618s; time/op = 136ns
25165824 operations across 77 thread(s) in 3.350049416s; time/op = 132ns
25165824 operations across 78 thread(s) in 3.583377872s; time/op = 142ns
25165824 operations across 79 thread(s) in 3.625851905s; time/op = 143ns
25165824 operations across 80 thread(s) in 3.758020026s; time/op = 149ns
25165824 operations across 81 thread(s) in 3.699592549s; time/op = 146ns
25165824 operations across 82 thread(s) in 3.708426121s; time/op = 147ns
25165824 operations across 83 thread(s) in 3.760384681s; time/op = 149ns
25165824 operations across 84 thread(s) in 3.827815209s; time/op = 151ns
25165824 operations across 85 thread(s) in 3.84114267s; time/op = 152ns
25165824 operations across 86 thread(s) in 4.01682416s; time/op = 158ns
25165824 operations across 87 thread(s) in 3.970705189s; time/op = 157ns
25165824 operations across 88 thread(s) in 4.096896902s; time/op = 161ns
25165824 operations across 89 thread(s) in 4.006127801s; time/op = 158ns
25165824 operations across 90 thread(s) in 4.088638353s; time/op = 161ns
25165824 operations across 91 thread(s) in 4.034339812s; time/op = 159ns
25165824 operations across 92 thread(s) in 4.184124299s; time/op = 165ns
25165824 operations across 93 thread(s) in 4.164109287s; time/op = 164ns
25165824 operations across 94 thread(s) in 4.23339054s; time/op = 167ns
25165824 operations across 95 thread(s) in 4.268568754s; time/op = 168ns
25165824 operations across 96 thread(s) in 4.240545871s; time/op = 167ns
25165824 operations across 97 thread(s) in 4.278864843s; time/op = 169ns
25165824 operations across 98 thread(s) in 4.269223659s; time/op = 168ns
25165824 operations across 99 thread(s) in 4.357527348s; time/op = 172ns
25165824 operations across 100 thread(s) in 4.562694043s; time/op = 180ns
25165824 operations across 101 thread(s) in 4.5566202s; time/op = 180ns
25165824 operations across 102 thread(s) in 4.621840362s; time/op = 182ns
25165824 operations across 103 thread(s) in 4.735652969s; time/op = 187ns
25165824 operations across 104 thread(s) in 4.673594118s; time/op = 184ns
25165824 operations across 105 thread(s) in 4.83763052s; time/op = 191ns
25165824 operations across 106 thread(s) in 4.75838148s; time/op = 188ns
25165824 operations across 107 thread(s) in 4.799358133s; time/op = 189ns
25165824 operations across 108 thread(s) in 4.952913642s; time/op = 195ns
25165824 operations across 109 thread(s) in 4.803143673s; time/op = 189ns
25165824 operations across 110 thread(s) in 4.967131457s; time/op = 196ns
25165824 operations across 111 thread(s) in 4.987025825s; time/op = 197ns
25165824 operations across 112 thread(s) in 5.047151259s; time/op = 199ns
25165824 operations across 113 thread(s) in 5.212653354s; time/op = 206ns
25165824 operations across 114 thread(s) in 5.198074321s; time/op = 205ns
25165824 operations across 115 thread(s) in 5.337834068s; time/op = 211ns
25165824 operations across 116 thread(s) in 5.170978398s; time/op = 204ns
25165824 operations across 117 thread(s) in 5.214072343s; time/op = 206ns
25165824 operations across 118 thread(s) in 5.413003079s; time/op = 214ns
25165824 operations across 119 thread(s) in 5.50600736s; time/op = 218ns
25165824 operations across 120 thread(s) in 5.542348079s; time/op = 219ns
25165824 operations across 121 thread(s) in 5.592452569s; time/op = 221ns
25165824 operations across 122 thread(s) in 5.517653398s; time/op = 218ns
25165824 operations across 123 thread(s) in 5.552737781s; time/op = 219ns
25165824 operations across 124 thread(s) in 5.571186906s; time/op = 220ns
25165824 operations across 125 thread(s) in 5.652234728s; time/op = 223ns
25165824 operations across 126 thread(s) in 5.628709308s; time/op = 222ns
25165824 operations across 127 thread(s) in 5.77807377s; time/op = 228ns
25165824 operations across 128 thread(s) in 5.748394689s; time/op = 227ns

 Performance counter stats for '/opt/data/CargoTarget/release/lighting-bench':

    119,091,601.77 msec task-clock                #   49.768 CPUs utilized          
        13,680,959      context-switches          #    0.115 K/sec                  
            28,582      cpu-migrations            #    0.000 K/sec                  
     6,547,970,373      page-faults               #    0.055 M/sec                  
487,549,930,813,168      cycles                    #    4.094 GHz                      (62.50%)
242,932,175,691,954      stalled-cycles-frontend   #   49.83% frontend cycles idle     (62.49%)
141,403,055,433,011      stalled-cycles-backend    #   29.00% backend cycles idle      (62.49%)
40,494,857,131,185      instructions              #    0.08  insn per cycle         
                                                  #    6.00  stalled cycles per insn  (62.50%)
 6,878,718,465,844      branches                  #   57.760 M/sec                    (62.50%)
    37,016,498,999      branch-misses             #    0.54% of all branches          (62.51%)
18,685,387,407,959      L1-dcache-loads           #  156.899 M/sec                    (62.50%)
 1,460,623,465,873      L1-dcache-load-misses     #    7.82% of all L1-dcache hits    (62.50%)
   <not supported>      LLC-loads                                                   
   <not supported>      LLC-load-misses                                             

    2392.953255097 seconds time elapsed

   47652.894193000 seconds user
   71338.143817000 seconds sys


